<?xml version="1.0" encoding="UTF-8"?>
<testsuites>
  <testsuite name="auth_test" timestamp="2017-08-27T04:21:42" time="1.904" tests="1" failures="0" errors="0" skipped="0">
    <properties>
      <property name="specId" value="9920cf6d33687ebd2d83107278c3511d"/>
      <property name="suiteName" value="Auth test"/>
      <property name="capabilities" value="chrome.54.windows7"/>
      <property name="file" value="./test/test_integrations/auth/auth_unit.js"/>
    </properties>
    <testcase classname="chrome.54.windows7.auth_test" name="should_create_a_new_authentification" time="1.89">
      <system-out>
        <![CDATA[
COMMAND: POST https://ondemand.saucelabs.com:443/wd/hub/session/d8aa772415ff416996b97a2bd244b3ca/execute - {"script":"sauce:context=Auth test - should create a new authentification","args":[]}
RESULT: {"status":0,"sessionId":"d8aa772415ff416996b97a2bd244b3ca","value":""}
COMMAND: DELETE https://ondemand.saucelabs.com:443/wd/hub/session/d8aa772415ff416996b97a2bd244b3ca - {}
RESULT: {"status":0,"sessionId":"d8aa772415ff416996b97a2bd244b3ca","value":""}
]]>
      </system-out>
    </testcase>
  </testsuite>
</testsuites>