<?xml version="1.0" encoding="UTF-8"?>
<testsuites>
  <testsuite name="parcour_complet_creation_d_un_workspace_et_ajout_d_un_composant" timestamp="2017-08-31T19:45:57" time="72.307" tests="1" failures="0" errors="0" skipped="0">
    <properties>
      <property name="specId" value="6422fada07f7ee5011a876263ba0a697"/>
      <property name="suiteName" value="Parcour complet creation d'un workspace et ajout d'un composant"/>
      <property name="capabilities" value="chrome.latest.windows7"/>
      <property name="file" value="./test/e2e/test_fonctionels/test.js"/>
    </properties>
    <testcase classname="chrome.latest.windows7.parcour_complet_creation_d_un_workspace_et_ajout_d_un_composant" name="on_devrait_arriver_sur_la_listes_des_worksapces_avec_notre_workspace_cr_e" time="72.303">
      <system-out>
        <![CDATA[
COMMAND: POST https://ondemand.saucelabs.com:443/wd/hub/session/65f3caa7ddc94c2ab1812fc68efa3802/execute - {"script":"sauce:context=Parcour complet creation d'un workspace et ajout d'un composant - on devrait arriver sur la listes des worksapces avec notre workspace crée","args":[]}
RESULT: {"status":0,"sessionId":"65f3caa7ddc94c2ab1812fc68efa3802","value":""}
COMMAND: POST https://ondemand.saucelabs.com:443/wd/hub/session/65f3caa7ddc94c2ab1812fc68efa3802/url - {"url":"http://app-9cd7b697-3708-49fe-a478-7ed223d0aa11.cleverapps.io/auth/login.html"}
RESULT: {"status":0,"sessionId":"65f3caa7ddc94c2ab1812fc68efa3802","value":null}
COMMAND: POST https://ondemand.saucelabs.com:443/wd/hub/session/65f3caa7ddc94c2ab1812fc68efa3802/element - {"using":"css selector","value":"form"}
RESULT: {"status":0,"sessionId":"65f3caa7ddc94c2ab1812fc68efa3802","value":{"ELEMENT":"0.530001482351752-1"}}
COMMAND: GET https://ondemand.saucelabs.com:443/wd/hub/session/65f3caa7ddc94c2ab1812fc68efa3802/element/0.530001482351752-1/displayed - {}
RESULT: {"status":0,"sessionId":"65f3caa7ddc94c2ab1812fc68efa3802","value":true}
COMMAND: POST https://ondemand.saucelabs.com:443/wd/hub/session/65f3caa7ddc94c2ab1812fc68efa3802/elements - {"using":"css selector","value":"input[name=\"email\"]"}
RESULT: {"status":0,"sessionId":"65f3caa7ddc94c2ab1812fc68efa3802","value":[{"ELEMENT":"0.530001482351752-2"}]}
COMMAND: GET https://ondemand.saucelabs.com:443/wd/hub/session/65f3caa7ddc94c2ab1812fc68efa3802/element/0.530001482351752-2/displayed - {}
RESULT: {"status":0,"sessionId":"65f3caa7ddc94c2ab1812fc68efa3802","value":true}
COMMAND: POST https://ondemand.saucelabs.com:443/wd/hub/session/65f3caa7ddc94c2ab1812fc68efa3802/elements - {"using":"css selector","value":"input[name=\"email\"]"}
RESULT: {"status":0,"sessionId":"65f3caa7ddc94c2ab1812fc68efa3802","value":[{"ELEMENT":"0.530001482351752-2"}]}
COMMAND: POST https://ondemand.saucelabs.com:443/wd/hub/session/65f3caa7ddc94c2ab1812fc68efa3802/element/0.530001482351752-2/clear - {}
RESULT: {"status":0,"sessionId":"65f3caa7ddc94c2ab1812fc68efa3802","value":null}
COMMAND: POST https://ondemand.saucelabs.com:443/wd/hub/session/65f3caa7ddc94c2ab1812fc68efa3802/element/0.530001482351752-2/value - {"value":["a","l","e","x","f","o","o","t","3","2","(10 more items)"],"text":"alexfoot32@orange.fr"}
RESULT: {"status":0,"sessionId":"65f3caa7ddc94c2ab1812fc68efa3802","value":null}
COMMAND: POST https://ondemand.saucelabs.com:443/wd/hub/session/65f3caa7ddc94c2ab1812fc68efa3802/elements - {"using":"css selector","value":"input[name=\"password\"]"}
RESULT: {"status":0,"sessionId":"65f3caa7ddc94c2ab1812fc68efa3802","value":[{"ELEMENT":"0.530001482351752-3"}]}
COMMAND: POST https://ondemand.saucelabs.com:443/wd/hub/session/65f3caa7ddc94c2ab1812fc68efa3802/element/0.530001482351752-3/clear - {}
RESULT: {"status":0,"sessionId":"65f3caa7ddc94c2ab1812fc68efa3802","value":null}
COMMAND: POST https://ondemand.saucelabs.com:443/wd/hub/session/65f3caa7ddc94c2ab1812fc68efa3802/element/0.530001482351752-3/value - {"value":["a","z","e","r","t","y"],"text":"azerty"}
RESULT: {"status":0,"sessionId":"65f3caa7ddc94c2ab1812fc68efa3802","value":null}
COMMAND: POST https://ondemand.saucelabs.com:443/wd/hub/session/65f3caa7ddc94c2ab1812fc68efa3802/element - {"using":"id","value":"btn2"}
RESULT: {"status":0,"sessionId":"65f3caa7ddc94c2ab1812fc68efa3802","value":{"ELEMENT":"0.530001482351752-4"}}
COMMAND: POST https://ondemand.saucelabs.com:443/wd/hub/session/65f3caa7ddc94c2ab1812fc68efa3802/element/0.530001482351752-4/click - {}
RESULT: {"status":0,"sessionId":"65f3caa7ddc94c2ab1812fc68efa3802","value":null}
COMMAND: POST https://ondemand.saucelabs.com:443/wd/hub/session/65f3caa7ddc94c2ab1812fc68efa3802/elements - {"using":"css selector","value":"navigation"}
RESULT: {"status":0,"sessionId":"65f3caa7ddc94c2ab1812fc68efa3802","value":[{"ELEMENT":"0.9269047142703901-1"}]}
COMMAND: GET https://ondemand.saucelabs.com:443/wd/hub/session/65f3caa7ddc94c2ab1812fc68efa3802/element/0.9269047142703901-1/displayed - {}
RESULT: {"status":0,"sessionId":"65f3caa7ddc94c2ab1812fc68efa3802","value":false}
COMMAND: POST https://ondemand.saucelabs.com:443/wd/hub/session/65f3caa7ddc94c2ab1812fc68efa3802/elements - {"using":"css selector","value":"navigation"}
RESULT: {"status":0,"sessionId":"65f3caa7ddc94c2ab1812fc68efa3802","value":[{"ELEMENT":"0.9269047142703901-1"}]}
COMMAND: GET https://ondemand.saucelabs.com:443/wd/hub/session/65f3caa7ddc94c2ab1812fc68efa3802/element/0.9269047142703901-1/displayed - {}
RESULT: {"status":0,"sessionId":"65f3caa7ddc94c2ab1812fc68efa3802","value":true}
COMMAND: GET https://ondemand.saucelabs.com:443/wd/hub/session/65f3caa7ddc94c2ab1812fc68efa3802/url - {}
RESULT: {"status":0,"sessionId":"65f3caa7ddc94c2ab1812fc68efa3802","value":"http://app-9cd7b697-3708-49fe-a478-7ed223d0aa11.cleverapps.io/ihm/application.html"}
COMMAND: POST https://ondemand.saucelabs.com:443/wd/hub/session/65f3caa7ddc94c2ab1812fc68efa3802/elements - {"using":"css selector","value":"div[name=\"workspaceSelector\"]"}
RESULT: {"status":0,"sessionId":"65f3caa7ddc94c2ab1812fc68efa3802","value":[{"ELEMENT":"0.9269047142703901-2"},{"ELEMENT":"0.9269047142703901-3"}]}
COMMAND: GET https://ondemand.saucelabs.com:443/wd/hub/session/65f3caa7ddc94c2ab1812fc68efa3802/element/0.9269047142703901-2/displayed - {}
COMMAND: GET https://ondemand.saucelabs.com:443/wd/hub/session/65f3caa7ddc94c2ab1812fc68efa3802/element/0.9269047142703901-3/displayed - {}
RESULT: {"status":0,"sessionId":"65f3caa7ddc94c2ab1812fc68efa3802","value":true}
RESULT: {"status":0,"sessionId":"65f3caa7ddc94c2ab1812fc68efa3802","value":true}
COMMAND: POST https://ondemand.saucelabs.com:443/wd/hub/session/65f3caa7ddc94c2ab1812fc68efa3802/element - {"using":"css selector","value":"div[name=\"workspaceSelector\"]"}
RESULT: {"status":0,"sessionId":"65f3caa7ddc94c2ab1812fc68efa3802","value":{"ELEMENT":"0.9269047142703901-2"}}
COMMAND: POST https://ondemand.saucelabs.com:443/wd/hub/session/65f3caa7ddc94c2ab1812fc68efa3802/element/0.9269047142703901-2/click - {}
RESULT: {"status":0,"sessionId":"65f3caa7ddc94c2ab1812fc68efa3802","value":null}
COMMAND: POST https://ondemand.saucelabs.com:443/wd/hub/session/65f3caa7ddc94c2ab1812fc68efa3802/elements - {"using":"css selector","value":"workspace-table"}
RESULT: {"status":0,"sessionId":"65f3caa7ddc94c2ab1812fc68efa3802","value":[{"ELEMENT":"0.9269047142703901-4"}]}
COMMAND: GET https://ondemand.saucelabs.com:443/wd/hub/session/65f3caa7ddc94c2ab1812fc68efa3802/element/0.9269047142703901-4/displayed - {}
RESULT: {"status":0,"sessionId":"65f3caa7ddc94c2ab1812fc68efa3802","value":true}
COMMAND: POST https://ondemand.saucelabs.com:443/wd/hub/session/65f3caa7ddc94c2ab1812fc68efa3802/element - {"using":"css selector","value":"zentable"}
RESULT: {"status":0,"sessionId":"65f3caa7ddc94c2ab1812fc68efa3802","value":{"ELEMENT":"0.9269047142703901-5"}}
COMMAND: POST https://ondemand.saucelabs.com:443/wd/hub/session/65f3caa7ddc94c2ab1812fc68efa3802/element/0.9269047142703901-5/element - {"using":"css selector","value":"div.commandButton"}
RESULT: {"status":0,"sessionId":"65f3caa7ddc94c2ab1812fc68efa3802","value":{"ELEMENT":"0.9269047142703901-6"}}
COMMAND: POST https://ondemand.saucelabs.com:443/wd/hub/session/65f3caa7ddc94c2ab1812fc68efa3802/element/0.9269047142703901-6/click - {}
RESULT: {"status":0,"sessionId":"65f3caa7ddc94c2ab1812fc68efa3802","value":null}
COMMAND: POST https://ondemand.saucelabs.com:443/wd/hub/session/65f3caa7ddc94c2ab1812fc68efa3802/elements - {"using":"css selector","value":"workspace-editor"}
RESULT: {"status":0,"sessionId":"65f3caa7ddc94c2ab1812fc68efa3802","value":[{"ELEMENT":"0.9269047142703901-7"}]}
COMMAND: GET https://ondemand.saucelabs.com:443/wd/hub/session/65f3caa7ddc94c2ab1812fc68efa3802/element/0.9269047142703901-7/displayed - {}
RESULT: {"status":0,"sessionId":"65f3caa7ddc94c2ab1812fc68efa3802","value":true}
COMMAND: POST https://ondemand.saucelabs.com:443/wd/hub/session/65f3caa7ddc94c2ab1812fc68efa3802/element - {"using":"css selector","value":"zentable"}
RESULT: {"status":0,"sessionId":"65f3caa7ddc94c2ab1812fc68efa3802","value":{"ELEMENT":"0.9269047142703901-8"}}
COMMAND: POST https://ondemand.saucelabs.com:443/wd/hub/session/65f3caa7ddc94c2ab1812fc68efa3802/element/0.9269047142703901-8/element - {"using":"css selector","value":"div.commandButton"}
RESULT: {"status":0,"sessionId":"65f3caa7ddc94c2ab1812fc68efa3802","value":{"ELEMENT":"0.9269047142703901-9"}}
COMMAND: POST https://ondemand.saucelabs.com:443/wd/hub/session/65f3caa7ddc94c2ab1812fc68efa3802/element/0.9269047142703901-9/click - {}
RESULT: {"status":0,"sessionId":"65f3caa7ddc94c2ab1812fc68efa3802","value":null}
COMMAND: POST https://ondemand.saucelabs.com:443/wd/hub/session/65f3caa7ddc94c2ab1812fc68efa3802/elements - {"using":"css selector","value":"technical-component-table"}
RESULT: {"status":0,"sessionId":"65f3caa7ddc94c2ab1812fc68efa3802","value":[{"ELEMENT":"0.9269047142703901-10"}]}
COMMAND: GET https://ondemand.saucelabs.com:443/wd/hub/session/65f3caa7ddc94c2ab1812fc68efa3802/element/0.9269047142703901-10/displayed - {}
RESULT: {"status":0,"sessionId":"65f3caa7ddc94c2ab1812fc68efa3802","value":true}
COMMAND: POST https://ondemand.saucelabs.com:443/wd/hub/session/65f3caa7ddc94c2ab1812fc68efa3802/element - {"using":"css selector","value":"technical-component-table"}
RESULT: {"status":0,"sessionId":"65f3caa7ddc94c2ab1812fc68efa3802","value":{"ELEMENT":"0.9269047142703901-10"}}
COMMAND: POST https://ondemand.saucelabs.com:443/wd/hub/session/65f3caa7ddc94c2ab1812fc68efa3802/element/0.9269047142703901-10/element - {"using":"css selector","value":"zentable"}
RESULT: {"status":0,"sessionId":"65f3caa7ddc94c2ab1812fc68efa3802","value":{"ELEMENT":"0.9269047142703901-11"}}
COMMAND: POST https://ondemand.saucelabs.com:443/wd/hub/session/65f3caa7ddc94c2ab1812fc68efa3802/element/0.9269047142703901-11/element - {"using":"css selector","value":"div[name=\"tableBody\"]"}
RESULT: {"status":0,"sessionId":"65f3caa7ddc94c2ab1812fc68efa3802","value":{"ELEMENT":"0.9269047142703901-12"}}
COMMAND: POST https://ondemand.saucelabs.com:443/wd/hub/session/65f3caa7ddc94c2ab1812fc68efa3802/element/0.9269047142703901-12/click - {}
RESULT: {"status":0,"sessionId":"65f3caa7ddc94c2ab1812fc68efa3802","value":null}
COMMAND: POST https://ondemand.saucelabs.com:443/wd/hub/session/65f3caa7ddc94c2ab1812fc68efa3802/elements - {"using":"css selector","value":"workspace-editor"}
RESULT: {"status":0,"sessionId":"65f3caa7ddc94c2ab1812fc68efa3802","value":[{"ELEMENT":"0.9269047142703901-7"}]}
COMMAND: GET https://ondemand.saucelabs.com:443/wd/hub/session/65f3caa7ddc94c2ab1812fc68efa3802/element/0.9269047142703901-7/displayed - {}
RESULT: {"status":0,"sessionId":"65f3caa7ddc94c2ab1812fc68efa3802","value":true}
COMMAND: POST https://ondemand.saucelabs.com:443/wd/hub/session/65f3caa7ddc94c2ab1812fc68efa3802/elements - {"using":"id","value":"containerloaderDiv"}
RESULT: {"status":0,"sessionId":"65f3caa7ddc94c2ab1812fc68efa3802","value":[{"ELEMENT":"0.9269047142703901-13"}]}
COMMAND: GET https://ondemand.saucelabs.com:443/wd/hub/session/65f3caa7ddc94c2ab1812fc68efa3802/element/0.9269047142703901-13/displayed - {}
RESULT: {"status":0,"sessionId":"65f3caa7ddc94c2ab1812fc68efa3802","value":false}
COMMAND: POST https://ondemand.saucelabs.com:443/wd/hub/session/65f3caa7ddc94c2ab1812fc68efa3802/element - {"using":"css selector","value":"workspace-editor"}
RESULT: {"status":0,"sessionId":"65f3caa7ddc94c2ab1812fc68efa3802","value":{"ELEMENT":"0.9269047142703901-7"}}
COMMAND: POST https://ondemand.saucelabs.com:443/wd/hub/session/65f3caa7ddc94c2ab1812fc68efa3802/element/0.9269047142703901-7/element - {"using":"css selector","value":"div.white"}
RESULT: {"status":0,"sessionId":"65f3caa7ddc94c2ab1812fc68efa3802","value":{"ELEMENT":"0.9269047142703901-14"}}
COMMAND: POST https://ondemand.saucelabs.com:443/wd/hub/session/65f3caa7ddc94c2ab1812fc68efa3802/element/0.9269047142703901-14/click - {}
RESULT: {"status":0,"sessionId":"65f3caa7ddc94c2ab1812fc68efa3802","value":null}
COMMAND: POST https://ondemand.saucelabs.com:443/wd/hub/session/65f3caa7ddc94c2ab1812fc68efa3802/element - {"using":"css selector","value":"workspace-editor"}
RESULT: {"status":0,"sessionId":"65f3caa7ddc94c2ab1812fc68efa3802","value":{"ELEMENT":"0.9269047142703901-7"}}
COMMAND: POST https://ondemand.saucelabs.com:443/wd/hub/session/65f3caa7ddc94c2ab1812fc68efa3802/element/0.9269047142703901-7/element - {"using":"css selector","value":"div.commandButton"}
RESULT: {"status":0,"sessionId":"65f3caa7ddc94c2ab1812fc68efa3802","value":{"ELEMENT":"0.9269047142703901-15"}}
COMMAND: POST https://ondemand.saucelabs.com:443/wd/hub/session/65f3caa7ddc94c2ab1812fc68efa3802/element/0.9269047142703901-15/click - {}
RESULT: {"status":0,"sessionId":"65f3caa7ddc94c2ab1812fc68efa3802","value":null}
COMMAND: POST https://ondemand.saucelabs.com:443/wd/hub/session/65f3caa7ddc94c2ab1812fc68efa3802/elements - {"using":"css selector","value":"zentable"}
RESULT: {"status":0,"sessionId":"65f3caa7ddc94c2ab1812fc68efa3802","value":[{"ELEMENT":"0.9269047142703901-8"},{"ELEMENT":"0.9269047142703901-16"}]}
COMMAND: GET https://ondemand.saucelabs.com:443/wd/hub/session/65f3caa7ddc94c2ab1812fc68efa3802/element/0.9269047142703901-8/displayed - {}
COMMAND: GET https://ondemand.saucelabs.com:443/wd/hub/session/65f3caa7ddc94c2ab1812fc68efa3802/element/0.9269047142703901-16/displayed - {}
RESULT: {"status":0,"sessionId":"65f3caa7ddc94c2ab1812fc68efa3802","value":false}
RESULT: {"status":0,"sessionId":"65f3caa7ddc94c2ab1812fc68efa3802","value":true}
COMMAND: POST https://ondemand.saucelabs.com:443/wd/hub/session/65f3caa7ddc94c2ab1812fc68efa3802/element - {"using":"id","value":"userliste"}
RESULT: {"status":0,"sessionId":"65f3caa7ddc94c2ab1812fc68efa3802","value":{"ELEMENT":"0.9269047142703901-16"}}
COMMAND: POST https://ondemand.saucelabs.com:443/wd/hub/session/65f3caa7ddc94c2ab1812fc68efa3802/element/0.9269047142703901-16/element - {"using":"css selector","value":"div.commandButton"}
RESULT: {"status":0,"sessionId":"65f3caa7ddc94c2ab1812fc68efa3802","value":{"ELEMENT":"0.9269047142703901-17"}}
COMMAND: POST https://ondemand.saucelabs.com:443/wd/hub/session/65f3caa7ddc94c2ab1812fc68efa3802/element/0.9269047142703901-17/click - {}
RESULT: {"status":0,"sessionId":"65f3caa7ddc94c2ab1812fc68efa3802","value":null}
COMMAND: POST https://ondemand.saucelabs.com:443/wd/hub/session/65f3caa7ddc94c2ab1812fc68efa3802/elements - {"using":"css selector","value":"user-list"}
RESULT: {"status":0,"sessionId":"65f3caa7ddc94c2ab1812fc68efa3802","value":[{"ELEMENT":"0.9269047142703901-18"}]}
COMMAND: GET https://ondemand.saucelabs.com:443/wd/hub/session/65f3caa7ddc94c2ab1812fc68efa3802/element/0.9269047142703901-18/displayed - {}
RESULT: {"status":0,"sessionId":"65f3caa7ddc94c2ab1812fc68efa3802","value":true}
COMMAND: POST https://ondemand.saucelabs.com:443/wd/hub/session/65f3caa7ddc94c2ab1812fc68efa3802/elements - {"using":"id","value":"users-list"}
RESULT: {"status":0,"sessionId":"65f3caa7ddc94c2ab1812fc68efa3802","value":[{"ELEMENT":"0.9269047142703901-19"}]}
COMMAND: POST https://ondemand.saucelabs.com:443/wd/hub/session/65f3caa7ddc94c2ab1812fc68efa3802/element/0.9269047142703901-19/clear - {}
RESULT: {"status":0,"sessionId":"65f3caa7ddc94c2ab1812fc68efa3802","value":null}
COMMAND: POST https://ondemand.saucelabs.com:443/wd/hub/session/65f3caa7ddc94c2ab1812fc68efa3802/element/0.9269047142703901-19/value - {"value":["s","e","m","a","n","t","i","c","b","u","(14 more items)"],"text":"semanticbusdev@gmail.com"}
RESULT: {"status":0,"sessionId":"65f3caa7ddc94c2ab1812fc68efa3802","value":null}
COMMAND: POST https://ondemand.saucelabs.com:443/wd/hub/session/65f3caa7ddc94c2ab1812fc68efa3802/element - {"using":"css selector","value":"user-list"}
RESULT: {"status":0,"sessionId":"65f3caa7ddc94c2ab1812fc68efa3802","value":{"ELEMENT":"0.9269047142703901-18"}}
COMMAND: POST https://ondemand.saucelabs.com:443/wd/hub/session/65f3caa7ddc94c2ab1812fc68efa3802/element/0.9269047142703901-18/element - {"using":"css selector","value":".share-btn"}
RESULT: {"status":0,"sessionId":"65f3caa7ddc94c2ab1812fc68efa3802","value":{"ELEMENT":"0.9269047142703901-20"}}
COMMAND: POST https://ondemand.saucelabs.com:443/wd/hub/session/65f3caa7ddc94c2ab1812fc68efa3802/element/0.9269047142703901-20/click - {}
RESULT: {"status":0,"sessionId":"65f3caa7ddc94c2ab1812fc68efa3802","value":null}
COMMAND: POST https://ondemand.saucelabs.com:443/wd/hub/session/65f3caa7ddc94c2ab1812fc68efa3802/element - {"using":"id","value":"cancel"}
RESULT: {"status":0,"sessionId":"65f3caa7ddc94c2ab1812fc68efa3802","value":{"ELEMENT":"0.9269047142703901-21"}}
COMMAND: POST https://ondemand.saucelabs.com:443/wd/hub/session/65f3caa7ddc94c2ab1812fc68efa3802/element/0.9269047142703901-21/click - {}
RESULT: {"status":0,"sessionId":"65f3caa7ddc94c2ab1812fc68efa3802","value":null}
COMMAND: POST https://ondemand.saucelabs.com:443/wd/hub/session/65f3caa7ddc94c2ab1812fc68efa3802/element - {"using":"id","value":"backBar"}
RESULT: {"status":0,"sessionId":"65f3caa7ddc94c2ab1812fc68efa3802","value":{"ELEMENT":"0.9269047142703901-22"}}
COMMAND: POST https://ondemand.saucelabs.com:443/wd/hub/session/65f3caa7ddc94c2ab1812fc68efa3802/element/0.9269047142703901-22/click - {}
RESULT: {"status":0,"sessionId":"65f3caa7ddc94c2ab1812fc68efa3802","value":null}
COMMAND: DELETE https://ondemand.saucelabs.com:443/wd/hub/session/65f3caa7ddc94c2ab1812fc68efa3802 - {}
RESULT: {"status":0,"sessionId":"65f3caa7ddc94c2ab1812fc68efa3802","value":""}
]]>
      </system-out>
    </testcase>
  </testsuite>
</testsuites>