<?xml version="1.0" encoding="UTF-8"?>
<testsuites>
  <testsuite name="parcour_complet_creation_d_un_workspace_et_ajout_d_un_composant" timestamp="2017-08-27T20:53:48" time="20.483" tests="1" failures="0" errors="1" skipped="0">
    <properties>
      <property name="specId" value="6422fada07f7ee5011a876263ba0a697"/>
      <property name="suiteName" value="Parcour complet creation d'un workspace et ajout d'un composant"/>
      <property name="capabilities" value="chrome.latest.windows7"/>
      <property name="file" value="./test/e2e/test_fonctionels/test.js"/>
    </properties>
    <testcase classname="chrome.latest.windows7.parcour_complet_creation_d_un_workspace_et_ajout_d_un_composant" name="on_devrait_arriver_sur_la_listes_des_worksapces_avec_notre_workspace_cr_e" time="20.482">
      <error message="expected 'http://app-9cd7b697-3708-49fe-a478-7ed223d0aa11.cleverapps.io/auth/login.html' to equal 'http://app-9cd7b697-3708-49fe-a478-7ed223d0aa11.cleverapps.io/ihm/application.html'"/>
      <system-out>
        <![CDATA[
COMMAND: POST https://ondemand.saucelabs.com:443/wd/hub/session/b8dd000e72664ecfaff0e7ca08f5a2a9/execute - {"script":"sauce:context=Parcour complet creation d'un workspace et ajout d'un composant - on devrait arriver sur la listes des worksapces avec notre workspace crée","args":[]}
RESULT: {"status":0,"sessionId":"b8dd000e72664ecfaff0e7ca08f5a2a9","value":""}
COMMAND: POST https://ondemand.saucelabs.com:443/wd/hub/session/b8dd000e72664ecfaff0e7ca08f5a2a9/url - {"url":"http://app-9cd7b697-3708-49fe-a478-7ed223d0aa11.cleverapps.io/auth/login.html"}
RESULT: {"status":0,"sessionId":"b8dd000e72664ecfaff0e7ca08f5a2a9","value":null}
COMMAND: POST https://ondemand.saucelabs.com:443/wd/hub/session/b8dd000e72664ecfaff0e7ca08f5a2a9/element - {"using":"css selector","value":"form"}
RESULT: {"status":0,"sessionId":"b8dd000e72664ecfaff0e7ca08f5a2a9","value":{"ELEMENT":"0.22496857533869052-1"}}
COMMAND: GET https://ondemand.saucelabs.com:443/wd/hub/session/b8dd000e72664ecfaff0e7ca08f5a2a9/element/0.22496857533869052-1/displayed - {}
RESULT: {"status":0,"sessionId":"b8dd000e72664ecfaff0e7ca08f5a2a9","value":true}
COMMAND: POST https://ondemand.saucelabs.com:443/wd/hub/session/b8dd000e72664ecfaff0e7ca08f5a2a9/elements - {"using":"css selector","value":"input[name=\"email\"]"}
RESULT: {"status":0,"sessionId":"b8dd000e72664ecfaff0e7ca08f5a2a9","value":[{"ELEMENT":"0.22496857533869052-2"}]}
COMMAND: GET https://ondemand.saucelabs.com:443/wd/hub/session/b8dd000e72664ecfaff0e7ca08f5a2a9/element/0.22496857533869052-2/displayed - {}
RESULT: {"status":0,"sessionId":"b8dd000e72664ecfaff0e7ca08f5a2a9","value":true}
COMMAND: POST https://ondemand.saucelabs.com:443/wd/hub/session/b8dd000e72664ecfaff0e7ca08f5a2a9/elements - {"using":"css selector","value":"input[name=\"email\"]"}
RESULT: {"status":0,"sessionId":"b8dd000e72664ecfaff0e7ca08f5a2a9","value":[{"ELEMENT":"0.22496857533869052-2"}]}
COMMAND: POST https://ondemand.saucelabs.com:443/wd/hub/session/b8dd000e72664ecfaff0e7ca08f5a2a9/element/0.22496857533869052-2/clear - {}
RESULT: {"status":0,"sessionId":"b8dd000e72664ecfaff0e7ca08f5a2a9","value":null}
COMMAND: POST https://ondemand.saucelabs.com:443/wd/hub/session/b8dd000e72664ecfaff0e7ca08f5a2a9/element/0.22496857533869052-2/value - {"value":["a","l","e","x","b","o","c","e","n","t","(12 more items)"],"text":"alexbocenty@hotmail.fr"}
RESULT: {"status":0,"sessionId":"b8dd000e72664ecfaff0e7ca08f5a2a9","value":null}
COMMAND: POST https://ondemand.saucelabs.com:443/wd/hub/session/b8dd000e72664ecfaff0e7ca08f5a2a9/elements - {"using":"css selector","value":"input[name=\"password\"]"}
RESULT: {"status":0,"sessionId":"b8dd000e72664ecfaff0e7ca08f5a2a9","value":[{"ELEMENT":"0.22496857533869052-3"}]}
COMMAND: POST https://ondemand.saucelabs.com:443/wd/hub/session/b8dd000e72664ecfaff0e7ca08f5a2a9/element/0.22496857533869052-3/clear - {}
RESULT: {"status":0,"sessionId":"b8dd000e72664ecfaff0e7ca08f5a2a9","value":null}
COMMAND: POST https://ondemand.saucelabs.com:443/wd/hub/session/b8dd000e72664ecfaff0e7ca08f5a2a9/element/0.22496857533869052-3/value - {"value":["a","z","e","r","t","y"],"text":"azerty"}
RESULT: {"status":0,"sessionId":"b8dd000e72664ecfaff0e7ca08f5a2a9","value":null}
COMMAND: POST https://ondemand.saucelabs.com:443/wd/hub/session/b8dd000e72664ecfaff0e7ca08f5a2a9/element - {"using":"id","value":"btn2"}
RESULT: {"status":0,"sessionId":"b8dd000e72664ecfaff0e7ca08f5a2a9","value":{"ELEMENT":"0.22496857533869052-4"}}
COMMAND: POST https://ondemand.saucelabs.com:443/wd/hub/session/b8dd000e72664ecfaff0e7ca08f5a2a9/element/0.22496857533869052-4/click - {}
RESULT: {"status":0,"sessionId":"b8dd000e72664ecfaff0e7ca08f5a2a9","value":null}
COMMAND: GET https://ondemand.saucelabs.com:443/wd/hub/session/b8dd000e72664ecfaff0e7ca08f5a2a9/url - {}
RESULT: {"status":0,"sessionId":"b8dd000e72664ecfaff0e7ca08f5a2a9","value":"http://app-9cd7b697-3708-49fe-a478-7ed223d0aa11.cleverapps.io/auth/login.html"}
COMMAND: DELETE https://ondemand.saucelabs.com:443/wd/hub/session/b8dd000e72664ecfaff0e7ca08f5a2a9 - {}
RESULT: {"status":0,"sessionId":"b8dd000e72664ecfaff0e7ca08f5a2a9","value":""}
]]>
      </system-out>
      <system-err>
        <![CDATA[
AssertionError: expected 'http://app-9cd7b697-3708-49fe-a478-7ed223d0aa11.cleverapps.io/auth/login.html' to equal 'http://app-9cd7b697-3708-49fe-a478-7ed223d0aa11.cleverapps.io/ihm/application.html'
    at Context.<anonymous> (/Users/max/Desktop/semantic_bus_dev/Semantic-Bus/test/e2e/test_fonctionels/test.js:20:38)
    at F (/Users/max/Desktop/semantic_bus_dev/Semantic-Bus/node_modules/core-js/library/modules/_export.js:35:28)
]]>
      </system-err>
    </testcase>
  </testsuite>
</testsuites>