<?xml version="1.0" encoding="UTF-8"?>
<testsuites>
  <testsuite name="parcour_complet_creation_d_un_workspace_et_ajout_d_un_composant" timestamp="2017-09-30T11:52:05" time="310.747" tests="1" failures="0" errors="1" skipped="0">
    <properties>
      <property name="specId" value="0686b35bf076bbf3b5b7be70cc26b36a"/>
      <property name="suiteName" value="Parcour complet creation d'un workspace et ajout d'un composant"/>
      <property name="capabilities" value="firefox.latest.windows10"/>
      <property name="file" value="./test/e2e/test_fonctionels/authTest.js"/>
    </properties>
    <testcase classname="firefox.latest.windows10.parcour_complet_creation_d_un_workspace_et_ajout_d_un_composant" name="connexion" time="310.739">
      <error message="element (&quot;navigation&quot;) still not visible after 300000ms"/>
      <system-out>
        <![CDATA[
COMMAND: POST https://ondemand.saucelabs.com:443/wd/hub/session/155b502d359e472fa29366f2cc3656d6/execute - {"script":"sauce:context=Parcour complet creation d'un workspace et ajout d'un composant - connexion","args":[]}
RESULT: {"status":0,"sessionId":"155b502d359e472fa29366f2cc3656d6","value":[],"state":"success","hCode":30024775,"class":"org.openqa.selenium.remote.Response"}
COMMAND: POST https://ondemand.saucelabs.com:443/wd/hub/session/155b502d359e472fa29366f2cc3656d6/elements - {"using":"css selector","value":"navigation"}
RESULT: {"message":"Unable to locate element: zentable\nFor documentation on this error, please visit: http://seleniumhq.org/exceptions/no_such_element.html\nBuild info: version: '3.4.0', revision: 'unknown', time: 'unknown'\nSystem info: host: 'WIN-SB3ER6JQ6ME', ip: '10.100.18.247', os.name: 'Windows 10', os.arch: 'x86', os.version: '10.0', java.version: '1.8.0_91'\nDriver info: org.openqa.selenium.firefox.FirefoxDriver\nCapabilities [{moz:profile=C:\\Users\\ADMINI~1\\AppData\\Local\\Temp\\rust_mozprofile.cJJv602SMUID, rotatable=false, timeouts={implicit=0.0, pageLoad=300000.0, script=30000.0}, pageLoadStrategy=normal, platform=ANY, specificationLevel=0.0, moz:accessibilityChecks=false, acceptInsecureCerts=false, browserVersion=55.0, platformVersion=10.0, moz:processID=3152.0, browserName=firefox, javascriptEnabled=true, platformName=windows_nt}]\nSession ID: XXXXXXXX-XXXX-XXXX-XXXX-XXXX6132708e\n*** Element info: {Using=css selector, value=zentable}","type":"RuntimeError","seleniumStack":{"status":7,"type":"NoSuchElement","message":"An element could not be located on the page using the given search parameters.","orgStatusMessage":"Unable to locate element: zentable\nFor documentation on this error, please visit: http://seleniumhq.org/exceptions/no_such_element.html\nBuild info: version: '3.4.0', revision: 'unknown', time: 'unknown'\nSystem info: host: 'WIN-SB3ER6JQ6ME', ip: '10.100.18.247', os.name: 'Windows 10', os.arch: 'x86', os.version: '10.0', java.version: '1.8.0_91'\nDriver info: org.openqa.selenium.firefox.FirefoxDriver\nCapabilities [{moz:profile=C:\\Users\\ADMINI~1\\AppData\\Local\\Temp\\rust_mozprofile.cJJv602SMUID, rotatable=false, timeouts={implicit=0.0, pageLoad=300000.0, script=30000.0}, pageLoadStrategy=normal, platform=ANY, specificationLevel=0.0, moz:accessibilityChecks=false, acceptInsecureCerts=false, browserVersion=55.0, platformVersion=10.0, moz:processID=3152.0, browserName=firefox, javascriptEnabled=true, platformName=windows_nt}]\nSession ID: XXXXXXXX-XXXX-XXXX-XXXX-XXXX6132708e\n*** Element info: {Using=css selector, value=zentable}"}}
RESULT: {"status":0,"sessionId":"155b502d359e472fa29366f2cc3656d6","value":""}
RESULT: {"status":0,"sessionId":"155b502d359e472fa29366f2cc3656d6","value":[],"state":"success","hCode":18576304,"class":"org.openqa.selenium.remote.Response"}
COMMAND: POST https://ondemand.saucelabs.com:443/wd/hub/session/155b502d359e472fa29366f2cc3656d6/url - {"url":"http://app-9cd7b697-3708-49fe-a478-7ed223d0aa11.cleverapps.io/auth/login.html"}
COMMAND: POST https://ondemand.saucelabs.com:443/wd/hub/session/155b502d359e472fa29366f2cc3656d6/elements - {"using":"id","value":"workspaceSelector"}
RESULT: {"status":0,"sessionId":"155b502d359e472fa29366f2cc3656d6","value":[],"state":"success","hCode":17037070,"class":"org.openqa.selenium.remote.Response"}
COMMAND: POST https://ondemand.saucelabs.com:443/wd/hub/session/155b502d359e472fa29366f2cc3656d6/elements - {"using":"css selector","value":"workspace-editor"}
RESULT: {"status":0,"sessionId":"155b502d359e472fa29366f2cc3656d6","value":[],"state":"success","hCode":25675677,"class":"org.openqa.selenium.remote.Response"}
COMMAND: POST https://ondemand.saucelabs.com:443/wd/hub/session/155b502d359e472fa29366f2cc3656d6/elements - {"using":"css selector","value":"navigation"}
RESULT: {"status":0,"sessionId":"155b502d359e472fa29366f2cc3656d6","value":[],"state":"success","hCode":31680133,"class":"org.openqa.selenium.remote.Response"}
RESULT: {"status":0,"sessionId":"155b502d359e472fa29366f2cc3656d6","value":[],"state":"success","hCode":7814881,"class":"org.openqa.selenium.remote.Response"}
RESULT: {"status":0,"sessionId":"155b502d359e472fa29366f2cc3656d6","value":[],"state":"success","hCode":14619071,"class":"org.openqa.selenium.remote.Response"}
RESULT: {"status":0,"sessionId":"155b502d359e472fa29366f2cc3656d6","value":null,"state":"success","hCode":26164676,"class":"org.openqa.selenium.remote.Response"}
COMMAND: POST https://ondemand.saucelabs.com:443/wd/hub/session/155b502d359e472fa29366f2cc3656d6/element - {"using":"css selector","value":"form"}
COMMAND: POST https://ondemand.saucelabs.com:443/wd/hub/session/155b502d359e472fa29366f2cc3656d6/elements - {"using":"id","value":"workspaceSelector"}
COMMAND: POST https://ondemand.saucelabs.com:443/wd/hub/session/155b502d359e472fa29366f2cc3656d6/elements - {"using":"css selector","value":"navigation"}
COMMAND: POST https://ondemand.saucelabs.com:443/wd/hub/session/155b502d359e472fa29366f2cc3656d6/elements - {"using":"css selector","value":"workspace-editor"}
RESULT: {"status":0,"sessionId":"155b502d359e472fa29366f2cc3656d6","value":{"ELEMENT":"0"},"state":"success","hCode":19430086,"class":"org.openqa.selenium.remote.Response"}
COMMAND: GET https://ondemand.saucelabs.com:443/wd/hub/session/155b502d359e472fa29366f2cc3656d6/element/0/displayed - {}
RESULT: {"status":0,"sessionId":"155b502d359e472fa29366f2cc3656d6","value":[],"state":"success","hCode":24774156,"class":"org.openqa.selenium.remote.Response"}
COMMAND: POST https://ondemand.saucelabs.com:443/wd/hub/session/155b502d359e472fa29366f2cc3656d6/elements - {"using":"id","value":"workspaceSelector"}
RESULT: {"status":0,"sessionId":"155b502d359e472fa29366f2cc3656d6","value":[],"state":"success","hCode":25651409,"class":"org.openqa.selenium.remote.Response"}
COMMAND: POST https://ondemand.saucelabs.com:443/wd/hub/session/155b502d359e472fa29366f2cc3656d6/elements - {"using":"css selector","value":"navigation"}
RESULT: {"status":0,"sessionId":"155b502d359e472fa29366f2cc3656d6","value":[],"state":"success","hCode":21930780,"class":"org.openqa.selenium.remote.Response"}
COMMAND: POST https://ondemand.saucelabs.com:443/wd/hub/session/155b502d359e472fa29366f2cc3656d6/elements - {"using":"css selector","value":"workspace-editor"}
RESULT: {"status":0,"sessionId":"155b502d359e472fa29366f2cc3656d6","value":true,"state":"success","hCode":21402915,"class":"org.openqa.selenium.remote.Response"}
COMMAND: POST https://ondemand.saucelabs.com:443/wd/hub/session/155b502d359e472fa29366f2cc3656d6/elements - {"using":"css selector","value":"input[name=\"email\"]"}
RESULT: {"status":0,"sessionId":"155b502d359e472fa29366f2cc3656d6","value":[],"state":"success","hCode":237045,"class":"org.openqa.selenium.remote.Response"}
COMMAND: POST https://ondemand.saucelabs.com:443/wd/hub/session/155b502d359e472fa29366f2cc3656d6/elements - {"using":"id","value":"workspaceSelector"}
RESULT: {"status":0,"sessionId":"155b502d359e472fa29366f2cc3656d6","value":[],"state":"success","hCode":2092910,"class":"org.openqa.selenium.remote.Response"}
COMMAND: POST https://ondemand.saucelabs.com:443/wd/hub/session/155b502d359e472fa29366f2cc3656d6/elements - {"using":"css selector","value":"navigation"}
RESULT: {"status":0,"sessionId":"155b502d359e472fa29366f2cc3656d6","value":[],"state":"success","hCode":7546114,"class":"org.openqa.selenium.remote.Response"}
COMMAND: POST https://ondemand.saucelabs.com:443/wd/hub/session/155b502d359e472fa29366f2cc3656d6/elements - {"using":"css selector","value":"workspace-editor"}
RESULT: {"status":0,"sessionId":"155b502d359e472fa29366f2cc3656d6","value":[{"ELEMENT":"1"}],"state":"success","hCode":26263720,"class":"org.openqa.selenium.remote.Response"}
COMMAND: GET https://ondemand.saucelabs.com:443/wd/hub/session/155b502d359e472fa29366f2cc3656d6/element/1/displayed - {}
RESULT: {"status":0,"sessionId":"155b502d359e472fa29366f2cc3656d6","value":[],"state":"success","hCode":24784195,"class":"org.openqa.selenium.remote.Response"}
COMMAND: POST https://ondemand.saucelabs.com:443/wd/hub/session/155b502d359e472fa29366f2cc3656d6/elements - {"using":"id","value":"workspaceSelector"}
RESULT: {"status":0,"sessionId":"155b502d359e472fa29366f2cc3656d6","value":[],"state":"success","hCode":18049580,"class":"org.openqa.selenium.remote.Response"}
COMMAND: POST https://ondemand.saucelabs.com:443/wd/hub/session/155b502d359e472fa29366f2cc3656d6/elements - {"using":"css selector","value":"navigation"}
RESULT: {"status":0,"sessionId":"155b502d359e472fa29366f2cc3656d6","value":[],"state":"success","hCode":8819789,"class":"org.openqa.selenium.remote.Response"}
COMMAND: POST https://ondemand.saucelabs.com:443/wd/hub/session/155b502d359e472fa29366f2cc3656d6/elements - {"using":"css selector","value":"workspace-editor"}
RESULT: {"status":0,"sessionId":"155b502d359e472fa29366f2cc3656d6","value":true,"state":"success","hCode":30286604,"class":"org.openqa.selenium.remote.Response"}
COMMAND: POST https://ondemand.saucelabs.com:443/wd/hub/session/155b502d359e472fa29366f2cc3656d6/elements - {"using":"css selector","value":"input[name=\"email\"]"}
RESULT: {"status":0,"sessionId":"155b502d359e472fa29366f2cc3656d6","value":[],"state":"success","hCode":28641908,"class":"org.openqa.selenium.remote.Response"}
COMMAND: POST https://ondemand.saucelabs.com:443/wd/hub/session/155b502d359e472fa29366f2cc3656d6/elements - {"using":"id","value":"workspaceSelector"}
RESULT: {"status":0,"sessionId":"155b502d359e472fa29366f2cc3656d6","value":[],"state":"success","hCode":5514284,"class":"org.openqa.selenium.remote.Response"}
COMMAND: POST https://ondemand.saucelabs.com:443/wd/hub/session/155b502d359e472fa29366f2cc3656d6/elements - {"using":"css selector","value":"navigation"}
RESULT: {"status":0,"sessionId":"155b502d359e472fa29366f2cc3656d6","value":[],"state":"success","hCode":31003814,"class":"org.openqa.selenium.remote.Response"}
COMMAND: POST https://ondemand.saucelabs.com:443/wd/hub/session/155b502d359e472fa29366f2cc3656d6/elements - {"using":"css selector","value":"workspace-editor"}
RESULT: {"status":0,"sessionId":"155b502d359e472fa29366f2cc3656d6","value":[{"ELEMENT":"1"}],"state":"success","hCode":5278583,"class":"org.openqa.selenium.remote.Response"}
COMMAND: POST https://ondemand.saucelabs.com:443/wd/hub/session/155b502d359e472fa29366f2cc3656d6/element/1/clear - {}
RESULT: {"status":0,"sessionId":"155b502d359e472fa29366f2cc3656d6","value":[],"state":"success","hCode":14576534,"class":"org.openqa.selenium.remote.Response"}
COMMAND: POST https://ondemand.saucelabs.com:443/wd/hub/session/155b502d359e472fa29366f2cc3656d6/elements - {"using":"id","value":"workspaceSelector"}
RESULT: {"status":0,"sessionId":"155b502d359e472fa29366f2cc3656d6","value":[],"state":"success","hCode":15168440,"class":"org.openqa.selenium.remote.Response"}
COMMAND: POST https://ondemand.saucelabs.com:443/wd/hub/session/155b502d359e472fa29366f2cc3656d6/elements - {"using":"css selector","value":"navigation"}
RESULT: {"status":0,"sessionId":"155b502d359e472fa29366f2cc3656d6","value":[],"state":"success","hCode":856805,"class":"org.openqa.selenium.remote.Response"}
COMMAND: POST https://ondemand.saucelabs.com:443/wd/hub/session/155b502d359e472fa29366f2cc3656d6/elements - {"using":"css selector","value":"workspace-editor"}
RESULT: {"status":0,"sessionId":"155b502d359e472fa29366f2cc3656d6","value":null,"state":"success","hCode":2812202,"class":"org.openqa.selenium.remote.Response"}
COMMAND: POST https://ondemand.saucelabs.com:443/wd/hub/session/155b502d359e472fa29366f2cc3656d6/element/1/value - {"value":["a","l","e","x","f","o","o","t","3","2","(10 more items)"],"text":"alexfoot32@orange.fr"}
RESULT: {"status":0,"sessionId":"155b502d359e472fa29366f2cc3656d6","value":[],"state":"success","hCode":9642546,"class":"org.openqa.selenium.remote.Response"}
COMMAND: POST https://ondemand.saucelabs.com:443/wd/hub/session/155b502d359e472fa29366f2cc3656d6/elements - {"using":"css selector","value":"navigation"}
RESULT: {"status":0,"sessionId":"155b502d359e472fa29366f2cc3656d6","value":[],"state":"success","hCode":31710411,"class":"org.openqa.selenium.remote.Response"}
COMMAND: POST https://ondemand.saucelabs.com:443/wd/hub/session/155b502d359e472fa29366f2cc3656d6/elements - {"using":"css selector","value":"workspace-editor"}
RESULT: {"status":0,"sessionId":"155b502d359e472fa29366f2cc3656d6","value":[],"state":"success","hCode":21788768,"class":"org.openqa.selenium.remote.Response"}
COMMAND: POST https://ondemand.saucelabs.com:443/wd/hub/session/155b502d359e472fa29366f2cc3656d6/elements - {"using":"id","value":"workspaceSelector"}
RESULT: {"status":0,"sessionId":"155b502d359e472fa29366f2cc3656d6","value":null,"state":"success","hCode":8182414,"class":"org.openqa.selenium.remote.Response"}
COMMAND: POST https://ondemand.saucelabs.com:443/wd/hub/session/155b502d359e472fa29366f2cc3656d6/elements - {"using":"css selector","value":"input[name=\"password\"]"}
RESULT: {"status":0,"sessionId":"155b502d359e472fa29366f2cc3656d6","value":[],"state":"success","hCode":2121358,"class":"org.openqa.selenium.remote.Response"}
COMMAND: POST https://ondemand.saucelabs.com:443/wd/hub/session/155b502d359e472fa29366f2cc3656d6/elements - {"using":"css selector","value":"workspace-editor"}
RESULT: {"status":0,"sessionId":"155b502d359e472fa29366f2cc3656d6","value":[],"state":"success","hCode":19712795,"class":"org.openqa.selenium.remote.Response"}
COMMAND: POST https://ondemand.saucelabs.com:443/wd/hub/session/155b502d359e472fa29366f2cc3656d6/elements - {"using":"id","value":"workspaceSelector"}
RESULT: {"status":0,"sessionId":"155b502d359e472fa29366f2cc3656d6","value":[],"state":"success","hCode":19242984,"class":"org.openqa.selenium.remote.Response"}
COMMAND: POST https://ondemand.saucelabs.com:443/wd/hub/session/155b502d359e472fa29366f2cc3656d6/elements - {"using":"css selector","value":"navigation"}
RESULT: {"status":0,"sessionId":"155b502d359e472fa29366f2cc3656d6","value":[{"ELEMENT":"2"}],"state":"success","hCode":3634717,"class":"org.openqa.selenium.remote.Response"}
COMMAND: POST https://ondemand.saucelabs.com:443/wd/hub/session/155b502d359e472fa29366f2cc3656d6/element/2/clear - {}
RESULT: {"status":0,"sessionId":"155b502d359e472fa29366f2cc3656d6","value":[],"state":"success","hCode":18781585,"class":"org.openqa.selenium.remote.Response"}
COMMAND: POST https://ondemand.saucelabs.com:443/wd/hub/session/155b502d359e472fa29366f2cc3656d6/elements - {"using":"id","value":"workspaceSelector"}
RESULT: {"status":0,"sessionId":"155b502d359e472fa29366f2cc3656d6","value":[],"state":"success","hCode":31130710,"class":"org.openqa.selenium.remote.Response"}
COMMAND: POST https://ondemand.saucelabs.com:443/wd/hub/session/155b502d359e472fa29366f2cc3656d6/elements - {"using":"css selector","value":"workspace-editor"}
RESULT: {"status":0,"sessionId":"155b502d359e472fa29366f2cc3656d6","value":[],"state":"success","hCode":13689045,"class":"org.openqa.selenium.remote.Response"}
COMMAND: POST https://ondemand.saucelabs.com:443/wd/hub/session/155b502d359e472fa29366f2cc3656d6/elements - {"using":"css selector","value":"navigation"}
RESULT: {"status":0,"sessionId":"155b502d359e472fa29366f2cc3656d6","value":null,"state":"success","hCode":5548092,"class":"org.openqa.selenium.remote.Response"}
COMMAND: POST https://ondemand.saucelabs.com:443/wd/hub/session/155b502d359e472fa29366f2cc3656d6/element/2/value - {"value":["a","z","e","r","t","y"],"text":"azerty"}
RESULT: {"status":0,"sessionId":"155b502d359e472fa29366f2cc3656d6","value":[],"state":"success","hCode":30245594,"class":"org.openqa.selenium.remote.Response"}
COMMAND: POST https://ondemand.saucelabs.com:443/wd/hub/session/155b502d359e472fa29366f2cc3656d6/elements - {"using":"id","value":"workspaceSelector"}
RESULT: {"status":0,"sessionId":"155b502d359e472fa29366f2cc3656d6","value":[],"state":"success","hCode":15406015,"class":"org.openqa.selenium.remote.Response"}
COMMAND: POST https://ondemand.saucelabs.com:443/wd/hub/session/155b502d359e472fa29366f2cc3656d6/elements - {"using":"css selector","value":"workspace-editor"}
RESULT: {"status":0,"sessionId":"155b502d359e472fa29366f2cc3656d6","value":[],"state":"success","hCode":15601807,"class":"org.openqa.selenium.remote.Response"}
COMMAND: POST https://ondemand.saucelabs.com:443/wd/hub/session/155b502d359e472fa29366f2cc3656d6/elements - {"using":"css selector","value":"navigation"}
RESULT: {"status":0,"sessionId":"155b502d359e472fa29366f2cc3656d6","value":null,"state":"success","hCode":33162845,"class":"org.openqa.selenium.remote.Response"}
COMMAND: POST https://ondemand.saucelabs.com:443/wd/hub/session/155b502d359e472fa29366f2cc3656d6/element - {"using":"id","value":"btn2"}
RESULT: {"status":0,"sessionId":"155b502d359e472fa29366f2cc3656d6","value":[],"state":"success","hCode":29345713,"class":"org.openqa.selenium.remote.Response"}
COMMAND: POST https://ondemand.saucelabs.com:443/wd/hub/session/155b502d359e472fa29366f2cc3656d6/elements - {"using":"id","value":"workspaceSelector"}
RESULT: {"status":0,"sessionId":"155b502d359e472fa29366f2cc3656d6","value":[],"state":"success","hCode":5029557,"class":"org.openqa.selenium.remote.Response"}
RESULT: {"status":0,"sessionId":"155b502d359e472fa29366f2cc3656d6","value":[],"state":"success","hCode":11530938,"class":"org.openqa.selenium.remote.Response"}
COMMAND: POST https://ondemand.saucelabs.com:443/wd/hub/session/155b502d359e472fa29366f2cc3656d6/elements - {"using":"css selector","value":"workspace-editor"}
COMMAND: POST https://ondemand.saucelabs.com:443/wd/hub/session/155b502d359e472fa29366f2cc3656d6/elements - {"using":"css selector","value":"navigation"}
RESULT: {"status":0,"sessionId":"155b502d359e472fa29366f2cc3656d6","value":{"ELEMENT":"3"},"state":"success","hCode":9356167,"class":"org.openqa.selenium.remote.Response"}
COMMAND: POST https://ondemand.saucelabs.com:443/wd/hub/session/155b502d359e472fa29366f2cc3656d6/element/3/click - {}
RESULT: {"status":0,"sessionId":"155b502d359e472fa29366f2cc3656d6","value":[],"state":"success","hCode":12205522,"class":"org.openqa.selenium.remote.Response"}
RESULT: {"status":0,"sessionId":"155b502d359e472fa29366f2cc3656d6","value":[],"state":"success","hCode":5782475,"class":"org.openqa.selenium.remote.Response"}
RESULT: {"status":0,"sessionId":"155b502d359e472fa29366f2cc3656d6","value":[],"state":"success","hCode":29879909,"class":"org.openqa.selenium.remote.Response"}
COMMAND: POST https://ondemand.saucelabs.com:443/wd/hub/session/155b502d359e472fa29366f2cc3656d6/elements - {"using":"css selector","value":"navigation"}
COMMAND: POST https://ondemand.saucelabs.com:443/wd/hub/session/155b502d359e472fa29366f2cc3656d6/elements - {"using":"css selector","value":"workspace-editor"}
COMMAND: POST https://ondemand.saucelabs.com:443/wd/hub/session/155b502d359e472fa29366f2cc3656d6/elements - {"using":"id","value":"workspaceSelector"}
RESULT: {"status":0,"sessionId":"155b502d359e472fa29366f2cc3656d6","value":null,"state":"success","hCode":8949692,"class":"org.openqa.selenium.remote.Response"}
COMMAND: POST https://ondemand.saucelabs.com:443/wd/hub/session/155b502d359e472fa29366f2cc3656d6/elements - {"using":"css selector","value":"navigation"}
RESULT: {"status":0,"sessionId":"155b502d359e472fa29366f2cc3656d6","value":[],"state":"success","hCode":25952702,"class":"org.openqa.selenium.remote.Response"}
RESULT: {"status":0,"sessionId":"155b502d359e472fa29366f2cc3656d6","value":[],"state":"success","hCode":29720089,"class":"org.openqa.selenium.remote.Response"}
RESULT: {"status":0,"sessionId":"155b502d359e472fa29366f2cc3656d6","value":[],"state":"success","hCode":13624728,"class":"org.openqa.selenium.remote.Response"}
COMMAND: POST https://ondemand.saucelabs.com:443/wd/hub/session/155b502d359e472fa29366f2cc3656d6/elements - {"using":"css selector","value":"navigation"}
COMMAND: POST https://ondemand.saucelabs.com:443/wd/hub/session/155b502d359e472fa29366f2cc3656d6/elements - {"using":"css selector","value":"workspace-editor"}
RESULT: {"status":0,"sessionId":"155b502d359e472fa29366f2cc3656d6","value":[],"state":"success","hCode":7381488,"class":"org.openqa.selenium.remote.Response"}
RESULT: {"status":0,"sessionId":"155b502d359e472fa29366f2cc3656d6","value":[],"state":"success","hCode":8097339,"class":"org.openqa.selenium.remote.Response"}
COMMAND: POST https://ondemand.saucelabs.com:443/wd/hub/session/155b502d359e472fa29366f2cc3656d6/elements - {"using":"css selector","value":"workspace-editor"}
COMMAND: POST https://ondemand.saucelabs.com:443/wd/hub/session/155b502d359e472fa29366f2cc3656d6/elements - {"using":"css selector","value":"navigation"}
RESULT: {"status":0,"sessionId":"155b502d359e472fa29366f2cc3656d6","value":[],"state":"success","hCode":13636692,"class":"org.openqa.selenium.remote.Response"}
COMMAND: POST https://ondemand.saucelabs.com:443/wd/hub/session/155b502d359e472fa29366f2cc3656d6/elements - {"using":"css selector","value":"navigation"}
RESULT: {"status":0,"sessionId":"155b502d359e472fa29366f2cc3656d6","value":[],"state":"success","hCode":3272127,"class":"org.openqa.selenium.remote.Response"}
COMMAND: POST https://ondemand.saucelabs.com:443/wd/hub/session/155b502d359e472fa29366f2cc3656d6/elements - {"using":"css selector","value":"navigation"}
RESULT: {"status":0,"sessionId":"155b502d359e472fa29366f2cc3656d6","value":[],"state":"success","hCode":29530952,"class":"org.openqa.selenium.remote.Response"}
COMMAND: POST https://ondemand.saucelabs.com:443/wd/hub/session/155b502d359e472fa29366f2cc3656d6/elements - {"using":"css selector","value":"workspace-editor"}
RESULT: {"status":0,"sessionId":"155b502d359e472fa29366f2cc3656d6","value":[],"state":"success","hCode":8160155,"class":"org.openqa.selenium.remote.Response"}
COMMAND: POST https://ondemand.saucelabs.com:443/wd/hub/session/155b502d359e472fa29366f2cc3656d6/elements - {"using":"css selector","value":"navigation"}
RESULT: {"status":0,"sessionId":"155b502d359e472fa29366f2cc3656d6","value":[],"state":"success","hCode":31816980,"class":"org.openqa.selenium.remote.Response"}
COMMAND: POST https://ondemand.saucelabs.com:443/wd/hub/session/155b502d359e472fa29366f2cc3656d6/elements - {"using":"css selector","value":"navigation"}
RESULT: {"status":0,"sessionId":"155b502d359e472fa29366f2cc3656d6","value":[],"state":"success","hCode":18999271,"class":"org.openqa.selenium.remote.Response"}
COMMAND: POST https://ondemand.saucelabs.com:443/wd/hub/session/155b502d359e472fa29366f2cc3656d6/elements - {"using":"css selector","value":"workspace-editor"}
RESULT: {"status":0,"sessionId":"155b502d359e472fa29366f2cc3656d6","value":[],"state":"success","hCode":31877861,"class":"org.openqa.selenium.remote.Response"}
COMMAND: POST https://ondemand.saucelabs.com:443/wd/hub/session/155b502d359e472fa29366f2cc3656d6/elements - {"using":"css selector","value":"navigation"}
RESULT: {"status":0,"sessionId":"155b502d359e472fa29366f2cc3656d6","value":[],"state":"success","hCode":5549644,"class":"org.openqa.selenium.remote.Response"}
COMMAND: POST https://ondemand.saucelabs.com:443/wd/hub/session/155b502d359e472fa29366f2cc3656d6/elements - {"using":"css selector","value":"navigation"}
RESULT: {"status":0,"sessionId":"155b502d359e472fa29366f2cc3656d6","value":[],"state":"success","hCode":31271779,"class":"org.openqa.selenium.remote.Response"}
COMMAND: POST https://ondemand.saucelabs.com:443/wd/hub/session/155b502d359e472fa29366f2cc3656d6/elements - {"using":"css selector","value":"workspace-editor"}
RESULT: {"status":0,"sessionId":"155b502d359e472fa29366f2cc3656d6","value":[],"state":"success","hCode":25972222,"class":"org.openqa.selenium.remote.Response"}
COMMAND: POST https://ondemand.saucelabs.com:443/wd/hub/session/155b502d359e472fa29366f2cc3656d6/elements - {"using":"css selector","value":"navigation"}
RESULT: {"status":0,"sessionId":"155b502d359e472fa29366f2cc3656d6","value":[],"state":"success","hCode":9934280,"class":"org.openqa.selenium.remote.Response"}
COMMAND: POST https://ondemand.saucelabs.com:443/wd/hub/session/155b502d359e472fa29366f2cc3656d6/elements - {"using":"css selector","value":"navigation"}
RESULT: {"status":0,"sessionId":"155b502d359e472fa29366f2cc3656d6","value":[],"state":"success","hCode":12848791,"class":"org.openqa.selenium.remote.Response"}
COMMAND: POST https://ondemand.saucelabs.com:443/wd/hub/session/155b502d359e472fa29366f2cc3656d6/elements - {"using":"css selector","value":"workspace-editor"}
RESULT: {"status":0,"sessionId":"155b502d359e472fa29366f2cc3656d6","value":[],"state":"success","hCode":5473371,"class":"org.openqa.selenium.remote.Response"}
COMMAND: POST https://ondemand.saucelabs.com:443/wd/hub/session/155b502d359e472fa29366f2cc3656d6/elements - {"using":"css selector","value":"navigation"}
RESULT: {"status":0,"sessionId":"155b502d359e472fa29366f2cc3656d6","value":[],"state":"success","hCode":11365002,"class":"org.openqa.selenium.remote.Response"}
COMMAND: POST https://ondemand.saucelabs.com:443/wd/hub/session/155b502d359e472fa29366f2cc3656d6/elements - {"using":"css selector","value":"navigation"}
RESULT: {"status":0,"sessionId":"155b502d359e472fa29366f2cc3656d6","value":[],"state":"success","hCode":9042417,"class":"org.openqa.selenium.remote.Response"}
COMMAND: POST https://ondemand.saucelabs.com:443/wd/hub/session/155b502d359e472fa29366f2cc3656d6/elements - {"using":"css selector","value":"workspace-editor"}
RESULT: {"status":0,"sessionId":"155b502d359e472fa29366f2cc3656d6","value":[],"state":"success","hCode":11053550,"class":"org.openqa.selenium.remote.Response"}
COMMAND: POST https://ondemand.saucelabs.com:443/wd/hub/session/155b502d359e472fa29366f2cc3656d6/elements - {"using":"css selector","value":"navigation"}
RESULT: {"status":0,"sessionId":"155b502d359e472fa29366f2cc3656d6","value":[],"state":"success","hCode":30362037,"class":"org.openqa.selenium.remote.Response"}
COMMAND: POST https://ondemand.saucelabs.com:443/wd/hub/session/155b502d359e472fa29366f2cc3656d6/elements - {"using":"css selector","value":"navigation"}
RESULT: {"status":0,"sessionId":"155b502d359e472fa29366f2cc3656d6","value":[],"state":"success","hCode":6374644,"class":"org.openqa.selenium.remote.Response"}
COMMAND: POST https://ondemand.saucelabs.com:443/wd/hub/session/155b502d359e472fa29366f2cc3656d6/elements - {"using":"css selector","value":"workspace-editor"}
RESULT: {"status":0,"sessionId":"155b502d359e472fa29366f2cc3656d6","value":[],"state":"success","hCode":5728212,"class":"org.openqa.selenium.remote.Response"}
COMMAND: POST https://ondemand.saucelabs.com:443/wd/hub/session/155b502d359e472fa29366f2cc3656d6/elements - {"using":"css selector","value":"navigation"}
RESULT: {"status":0,"sessionId":"155b502d359e472fa29366f2cc3656d6","value":[],"state":"success","hCode":20406234,"class":"org.openqa.selenium.remote.Response"}
COMMAND: POST https://ondemand.saucelabs.com:443/wd/hub/session/155b502d359e472fa29366f2cc3656d6/elements - {"using":"css selector","value":"navigation"}
RESULT: {"status":0,"sessionId":"155b502d359e472fa29366f2cc3656d6","value":[],"state":"success","hCode":12777480,"class":"org.openqa.selenium.remote.Response"}
COMMAND: POST https://ondemand.saucelabs.com:443/wd/hub/session/155b502d359e472fa29366f2cc3656d6/elements - {"using":"css selector","value":"workspace-editor"}
RESULT: {"status":0,"sessionId":"155b502d359e472fa29366f2cc3656d6","value":[],"state":"success","hCode":5610679,"class":"org.openqa.selenium.remote.Response"}
COMMAND: POST https://ondemand.saucelabs.com:443/wd/hub/session/155b502d359e472fa29366f2cc3656d6/elements - {"using":"css selector","value":"navigation"}
RESULT: {"status":0,"sessionId":"155b502d359e472fa29366f2cc3656d6","value":[],"state":"success","hCode":6574656,"class":"org.openqa.selenium.remote.Response"}
COMMAND: POST https://ondemand.saucelabs.com:443/wd/hub/session/155b502d359e472fa29366f2cc3656d6/elements - {"using":"css selector","value":"navigation"}
RESULT: {"status":0,"sessionId":"155b502d359e472fa29366f2cc3656d6","value":[],"state":"success","hCode":21910503,"class":"org.openqa.selenium.remote.Response"}
COMMAND: POST https://ondemand.saucelabs.com:443/wd/hub/session/155b502d359e472fa29366f2cc3656d6/elements - {"using":"css selector","value":"workspace-editor"}
RESULT: {"status":0,"sessionId":"155b502d359e472fa29366f2cc3656d6","value":[],"state":"success","hCode":6533925,"class":"org.openqa.selenium.remote.Response"}
COMMAND: POST https://ondemand.saucelabs.com:443/wd/hub/session/155b502d359e472fa29366f2cc3656d6/elements - {"using":"css selector","value":"navigation"}
RESULT: {"status":0,"sessionId":"155b502d359e472fa29366f2cc3656d6","value":[],"state":"success","hCode":13019992,"class":"org.openqa.selenium.remote.Response"}
RESULT: {"status":0,"sessionId":"155b502d359e472fa29366f2cc3656d6","value":[],"state":"success","hCode":20823705,"class":"org.openqa.selenium.remote.Response"}
COMMAND: POST https://ondemand.saucelabs.com:443/wd/hub/session/155b502d359e472fa29366f2cc3656d6/elements - {"using":"css selector","value":"workspace-editor"}
COMMAND: POST https://ondemand.saucelabs.com:443/wd/hub/session/155b502d359e472fa29366f2cc3656d6/elements - {"using":"css selector","value":"navigation"}
RESULT: {"status":0,"sessionId":"155b502d359e472fa29366f2cc3656d6","value":[],"state":"success","hCode":17040778,"class":"org.openqa.selenium.remote.Response"}
COMMAND: POST https://ondemand.saucelabs.com:443/wd/hub/session/155b502d359e472fa29366f2cc3656d6/elements - {"using":"css selector","value":"navigation"}
RESULT: {"status":0,"sessionId":"155b502d359e472fa29366f2cc3656d6","value":[],"state":"success","hCode":1762931,"class":"org.openqa.selenium.remote.Response"}
COMMAND: POST https://ondemand.saucelabs.com:443/wd/hub/session/155b502d359e472fa29366f2cc3656d6/elements - {"using":"css selector","value":"workspace-editor"}
RESULT: {"status":0,"sessionId":"155b502d359e472fa29366f2cc3656d6","value":[],"state":"success","hCode":12021703,"class":"org.openqa.selenium.remote.Response"}
COMMAND: POST https://ondemand.saucelabs.com:443/wd/hub/session/155b502d359e472fa29366f2cc3656d6/elements - {"using":"css selector","value":"navigation"}
RESULT: {"status":0,"sessionId":"155b502d359e472fa29366f2cc3656d6","value":[],"state":"success","hCode":20940146,"class":"org.openqa.selenium.remote.Response"}
COMMAND: POST https://ondemand.saucelabs.com:443/wd/hub/session/155b502d359e472fa29366f2cc3656d6/elements - {"using":"css selector","value":"navigation"}
RESULT: {"status":0,"sessionId":"155b502d359e472fa29366f2cc3656d6","value":[],"state":"success","hCode":14702,"class":"org.openqa.selenium.remote.Response"}
RESULT: {"status":0,"sessionId":"155b502d359e472fa29366f2cc3656d6","value":[],"state":"success","hCode":4050304,"class":"org.openqa.selenium.remote.Response"}
COMMAND: POST https://ondemand.saucelabs.com:443/wd/hub/session/155b502d359e472fa29366f2cc3656d6/elements - {"using":"css selector","value":"navigation"}
COMMAND: POST https://ondemand.saucelabs.com:443/wd/hub/session/155b502d359e472fa29366f2cc3656d6/elements - {"using":"css selector","value":"workspace-editor"}
RESULT: {"status":0,"sessionId":"155b502d359e472fa29366f2cc3656d6","value":[],"state":"success","hCode":20044174,"class":"org.openqa.selenium.remote.Response"}
COMMAND: POST https://ondemand.saucelabs.com:443/wd/hub/session/155b502d359e472fa29366f2cc3656d6/elements - {"using":"css selector","value":"navigation"}
RESULT: {"status":0,"sessionId":"155b502d359e472fa29366f2cc3656d6","value":[],"state":"success","hCode":28142019,"class":"org.openqa.selenium.remote.Response"}
COMMAND: POST https://ondemand.saucelabs.com:443/wd/hub/session/155b502d359e472fa29366f2cc3656d6/elements - {"using":"css selector","value":"navigation"}
RESULT: {"status":0,"sessionId":"155b502d359e472fa29366f2cc3656d6","value":[],"state":"success","hCode":18611643,"class":"org.openqa.selenium.remote.Response"}
COMMAND: POST https://ondemand.saucelabs.com:443/wd/hub/session/155b502d359e472fa29366f2cc3656d6/elements - {"using":"css selector","value":"workspace-editor"}
RESULT: {"status":0,"sessionId":"155b502d359e472fa29366f2cc3656d6","value":[],"state":"success","hCode":26296052,"class":"org.openqa.selenium.remote.Response"}
COMMAND: POST https://ondemand.saucelabs.com:443/wd/hub/session/155b502d359e472fa29366f2cc3656d6/elements - {"using":"css selector","value":"navigation"}
RESULT: {"status":0,"sessionId":"155b502d359e472fa29366f2cc3656d6","value":[],"state":"success","hCode":1223239,"class":"org.openqa.selenium.remote.Response"}
COMMAND: POST https://ondemand.saucelabs.com:443/wd/hub/session/155b502d359e472fa29366f2cc3656d6/elements - {"using":"css selector","value":"navigation"}
RESULT: {"status":0,"sessionId":"155b502d359e472fa29366f2cc3656d6","value":[],"state":"success","hCode":32208745,"class":"org.openqa.selenium.remote.Response"}
COMMAND: POST https://ondemand.saucelabs.com:443/wd/hub/session/155b502d359e472fa29366f2cc3656d6/elements - {"using":"css selector","value":"workspace-editor"}
RESULT: {"status":0,"sessionId":"155b502d359e472fa29366f2cc3656d6","value":[],"state":"success","hCode":9007517,"class":"org.openqa.selenium.remote.Response"}
COMMAND: POST https://ondemand.saucelabs.com:443/wd/hub/session/155b502d359e472fa29366f2cc3656d6/elements - {"using":"css selector","value":"navigation"}
RESULT: {"status":0,"sessionId":"155b502d359e472fa29366f2cc3656d6","value":[],"state":"success","hCode":1250693,"class":"org.openqa.selenium.remote.Response"}
COMMAND: POST https://ondemand.saucelabs.com:443/wd/hub/session/155b502d359e472fa29366f2cc3656d6/elements - {"using":"css selector","value":"navigation"}
RESULT: {"status":0,"sessionId":"155b502d359e472fa29366f2cc3656d6","value":[],"state":"success","hCode":26775152,"class":"org.openqa.selenium.remote.Response"}
COMMAND: POST https://ondemand.saucelabs.com:443/wd/hub/session/155b502d359e472fa29366f2cc3656d6/elements - {"using":"css selector","value":"workspace-editor"}
RESULT: {"status":0,"sessionId":"155b502d359e472fa29366f2cc3656d6","value":[],"state":"success","hCode":21663501,"class":"org.openqa.selenium.remote.Response"}
COMMAND: POST https://ondemand.saucelabs.com:443/wd/hub/session/155b502d359e472fa29366f2cc3656d6/elements - {"using":"css selector","value":"navigation"}
RESULT: {"status":0,"sessionId":"155b502d359e472fa29366f2cc3656d6","value":[],"state":"success","hCode":3096632,"class":"org.openqa.selenium.remote.Response"}
COMMAND: POST https://ondemand.saucelabs.com:443/wd/hub/session/155b502d359e472fa29366f2cc3656d6/elements - {"using":"css selector","value":"navigation"}
RESULT: {"status":0,"sessionId":"155b502d359e472fa29366f2cc3656d6","value":[],"state":"success","hCode":26287615,"class":"org.openqa.selenium.remote.Response"}
COMMAND: POST https://ondemand.saucelabs.com:443/wd/hub/session/155b502d359e472fa29366f2cc3656d6/elements - {"using":"css selector","value":"workspace-editor"}
RESULT: {"status":0,"sessionId":"155b502d359e472fa29366f2cc3656d6","value":[],"state":"success","hCode":19921907,"class":"org.openqa.selenium.remote.Response"}
COMMAND: POST https://ondemand.saucelabs.com:443/wd/hub/session/155b502d359e472fa29366f2cc3656d6/elements - {"using":"css selector","value":"navigation"}
RESULT: {"status":0,"sessionId":"155b502d359e472fa29366f2cc3656d6","value":[],"state":"success","hCode":23343010,"class":"org.openqa.selenium.remote.Response"}
COMMAND: POST https://ondemand.saucelabs.com:443/wd/hub/session/155b502d359e472fa29366f2cc3656d6/elements - {"using":"css selector","value":"navigation"}
RESULT: {"status":0,"sessionId":"155b502d359e472fa29366f2cc3656d6","value":[],"state":"success","hCode":31477441,"class":"org.openqa.selenium.remote.Response"}
COMMAND: POST https://ondemand.saucelabs.com:443/wd/hub/session/155b502d359e472fa29366f2cc3656d6/elements - {"using":"css selector","value":"workspace-editor"}
RESULT: {"status":0,"sessionId":"155b502d359e472fa29366f2cc3656d6","value":[],"state":"success","hCode":2355047,"class":"org.openqa.selenium.remote.Response"}
COMMAND: POST https://ondemand.saucelabs.com:443/wd/hub/session/155b502d359e472fa29366f2cc3656d6/elements - {"using":"css selector","value":"navigation"}
RESULT: {"status":0,"sessionId":"155b502d359e472fa29366f2cc3656d6","value":[],"state":"success","hCode":8943854,"class":"org.openqa.selenium.remote.Response"}
COMMAND: POST https://ondemand.saucelabs.com:443/wd/hub/session/155b502d359e472fa29366f2cc3656d6/elements - {"using":"css selector","value":"navigation"}
RESULT: {"status":0,"sessionId":"155b502d359e472fa29366f2cc3656d6","value":[],"state":"success","hCode":3932754,"class":"org.openqa.selenium.remote.Response"}
COMMAND: POST https://ondemand.saucelabs.com:443/wd/hub/session/155b502d359e472fa29366f2cc3656d6/elements - {"using":"css selector","value":"workspace-editor"}
RESULT: {"status":0,"sessionId":"155b502d359e472fa29366f2cc3656d6","value":[],"state":"success","hCode":26187981,"class":"org.openqa.selenium.remote.Response"}
COMMAND: POST https://ondemand.saucelabs.com:443/wd/hub/session/155b502d359e472fa29366f2cc3656d6/elements - {"using":"css selector","value":"navigation"}
RESULT: {"status":0,"sessionId":"155b502d359e472fa29366f2cc3656d6","value":[],"state":"success","hCode":16264285,"class":"org.openqa.selenium.remote.Response"}
COMMAND: POST https://ondemand.saucelabs.com:443/wd/hub/session/155b502d359e472fa29366f2cc3656d6/elements - {"using":"css selector","value":"navigation"}
RESULT: {"status":0,"sessionId":"155b502d359e472fa29366f2cc3656d6","value":[],"state":"success","hCode":12434081,"class":"org.openqa.selenium.remote.Response"}
COMMAND: POST https://ondemand.saucelabs.com:443/wd/hub/session/155b502d359e472fa29366f2cc3656d6/elements - {"using":"css selector","value":"workspace-editor"}
RESULT: {"status":0,"sessionId":"155b502d359e472fa29366f2cc3656d6","value":[],"state":"success","hCode":3470017,"class":"org.openqa.selenium.remote.Response"}
COMMAND: POST https://ondemand.saucelabs.com:443/wd/hub/session/155b502d359e472fa29366f2cc3656d6/elements - {"using":"css selector","value":"navigation"}
RESULT: {"status":0,"sessionId":"155b502d359e472fa29366f2cc3656d6","value":[],"state":"success","hCode":8865671,"class":"org.openqa.selenium.remote.Response"}
COMMAND: POST https://ondemand.saucelabs.com:443/wd/hub/session/155b502d359e472fa29366f2cc3656d6/elements - {"using":"css selector","value":"navigation"}
RESULT: {"status":0,"sessionId":"155b502d359e472fa29366f2cc3656d6","value":[],"state":"success","hCode":28673788,"class":"org.openqa.selenium.remote.Response"}
COMMAND: POST https://ondemand.saucelabs.com:443/wd/hub/session/155b502d359e472fa29366f2cc3656d6/elements - {"using":"css selector","value":"workspace-editor"}
RESULT: {"status":0,"sessionId":"155b502d359e472fa29366f2cc3656d6","value":[],"state":"success","hCode":31824706,"class":"org.openqa.selenium.remote.Response"}
COMMAND: POST https://ondemand.saucelabs.com:443/wd/hub/session/155b502d359e472fa29366f2cc3656d6/elements - {"using":"css selector","value":"navigation"}
RESULT: {"status":0,"sessionId":"155b502d359e472fa29366f2cc3656d6","value":[],"state":"success","hCode":4124975,"class":"org.openqa.selenium.remote.Response"}
COMMAND: POST https://ondemand.saucelabs.com:443/wd/hub/session/155b502d359e472fa29366f2cc3656d6/elements - {"using":"css selector","value":"navigation"}
RESULT: {"status":0,"sessionId":"155b502d359e472fa29366f2cc3656d6","value":[],"state":"success","hCode":24062085,"class":"org.openqa.selenium.remote.Response"}
COMMAND: POST https://ondemand.saucelabs.com:443/wd/hub/session/155b502d359e472fa29366f2cc3656d6/elements - {"using":"css selector","value":"workspace-editor"}
RESULT: {"status":0,"sessionId":"155b502d359e472fa29366f2cc3656d6","value":[],"state":"success","hCode":12665751,"class":"org.openqa.selenium.remote.Response"}
COMMAND: POST https://ondemand.saucelabs.com:443/wd/hub/session/155b502d359e472fa29366f2cc3656d6/elements - {"using":"css selector","value":"navigation"}
RESULT: {"status":0,"sessionId":"155b502d359e472fa29366f2cc3656d6","value":[],"state":"success","hCode":2313248,"class":"org.openqa.selenium.remote.Response"}
COMMAND: POST https://ondemand.saucelabs.com:443/wd/hub/session/155b502d359e472fa29366f2cc3656d6/elements - {"using":"css selector","value":"navigation"}
RESULT: {"status":0,"sessionId":"155b502d359e472fa29366f2cc3656d6","value":[],"state":"success","hCode":26307471,"class":"org.openqa.selenium.remote.Response"}
COMMAND: POST https://ondemand.saucelabs.com:443/wd/hub/session/155b502d359e472fa29366f2cc3656d6/elements - {"using":"css selector","value":"workspace-editor"}
RESULT: {"status":0,"sessionId":"155b502d359e472fa29366f2cc3656d6","value":[],"state":"success","hCode":25642028,"class":"org.openqa.selenium.remote.Response"}
COMMAND: POST https://ondemand.saucelabs.com:443/wd/hub/session/155b502d359e472fa29366f2cc3656d6/elements - {"using":"css selector","value":"navigation"}
RESULT: {"status":0,"sessionId":"155b502d359e472fa29366f2cc3656d6","value":[],"state":"success","hCode":30346762,"class":"org.openqa.selenium.remote.Response"}
COMMAND: POST https://ondemand.saucelabs.com:443/wd/hub/session/155b502d359e472fa29366f2cc3656d6/elements - {"using":"css selector","value":"navigation"}
RESULT: {"status":0,"sessionId":"155b502d359e472fa29366f2cc3656d6","value":[],"state":"success","hCode":33136534,"class":"org.openqa.selenium.remote.Response"}
COMMAND: POST https://ondemand.saucelabs.com:443/wd/hub/session/155b502d359e472fa29366f2cc3656d6/elements - {"using":"css selector","value":"workspace-editor"}
RESULT: {"status":0,"sessionId":"155b502d359e472fa29366f2cc3656d6","value":[],"state":"success","hCode":27382555,"class":"org.openqa.selenium.remote.Response"}
COMMAND: POST https://ondemand.saucelabs.com:443/wd/hub/session/155b502d359e472fa29366f2cc3656d6/elements - {"using":"css selector","value":"navigation"}
RESULT: {"status":0,"sessionId":"155b502d359e472fa29366f2cc3656d6","value":[],"state":"success","hCode":19693940,"class":"org.openqa.selenium.remote.Response"}
COMMAND: POST https://ondemand.saucelabs.com:443/wd/hub/session/155b502d359e472fa29366f2cc3656d6/elements - {"using":"css selector","value":"navigation"}
RESULT: {"status":0,"sessionId":"155b502d359e472fa29366f2cc3656d6","value":[],"state":"success","hCode":17706709,"class":"org.openqa.selenium.remote.Response"}
COMMAND: POST https://ondemand.saucelabs.com:443/wd/hub/session/155b502d359e472fa29366f2cc3656d6/elements - {"using":"css selector","value":"workspace-editor"}
RESULT: {"status":0,"sessionId":"155b502d359e472fa29366f2cc3656d6","value":[],"state":"success","hCode":26969486,"class":"org.openqa.selenium.remote.Response"}
COMMAND: POST https://ondemand.saucelabs.com:443/wd/hub/session/155b502d359e472fa29366f2cc3656d6/elements - {"using":"css selector","value":"navigation"}
RESULT: {"status":0,"sessionId":"155b502d359e472fa29366f2cc3656d6","value":[],"state":"success","hCode":17873834,"class":"org.openqa.selenium.remote.Response"}
COMMAND: POST https://ondemand.saucelabs.com:443/wd/hub/session/155b502d359e472fa29366f2cc3656d6/elements - {"using":"css selector","value":"navigation"}
RESULT: {"status":0,"sessionId":"155b502d359e472fa29366f2cc3656d6","value":[],"state":"success","hCode":17087032,"class":"org.openqa.selenium.remote.Response"}
COMMAND: POST https://ondemand.saucelabs.com:443/wd/hub/session/155b502d359e472fa29366f2cc3656d6/elements - {"using":"css selector","value":"workspace-editor"}
RESULT: {"status":0,"sessionId":"155b502d359e472fa29366f2cc3656d6","value":[],"state":"success","hCode":6463362,"class":"org.openqa.selenium.remote.Response"}
COMMAND: POST https://ondemand.saucelabs.com:443/wd/hub/session/155b502d359e472fa29366f2cc3656d6/elements - {"using":"css selector","value":"navigation"}
RESULT: {"status":0,"sessionId":"155b502d359e472fa29366f2cc3656d6","value":[],"state":"success","hCode":31994486,"class":"org.openqa.selenium.remote.Response"}
COMMAND: POST https://ondemand.saucelabs.com:443/wd/hub/session/155b502d359e472fa29366f2cc3656d6/elements - {"using":"css selector","value":"navigation"}
RESULT: {"status":0,"sessionId":"155b502d359e472fa29366f2cc3656d6","value":[],"state":"success","hCode":3845586,"class":"org.openqa.selenium.remote.Response"}
COMMAND: POST https://ondemand.saucelabs.com:443/wd/hub/session/155b502d359e472fa29366f2cc3656d6/elements - {"using":"css selector","value":"workspace-editor"}
RESULT: {"status":0,"sessionId":"155b502d359e472fa29366f2cc3656d6","value":[],"state":"success","hCode":20100468,"class":"org.openqa.selenium.remote.Response"}
COMMAND: POST https://ondemand.saucelabs.com:443/wd/hub/session/155b502d359e472fa29366f2cc3656d6/elements - {"using":"css selector","value":"navigation"}
RESULT: {"status":0,"sessionId":"155b502d359e472fa29366f2cc3656d6","value":[],"state":"success","hCode":26369793,"class":"org.openqa.selenium.remote.Response"}
COMMAND: POST https://ondemand.saucelabs.com:443/wd/hub/session/155b502d359e472fa29366f2cc3656d6/elements - {"using":"css selector","value":"navigation"}
RESULT: {"status":0,"sessionId":"155b502d359e472fa29366f2cc3656d6","value":[],"state":"success","hCode":29286889,"class":"org.openqa.selenium.remote.Response"}
COMMAND: POST https://ondemand.saucelabs.com:443/wd/hub/session/155b502d359e472fa29366f2cc3656d6/elements - {"using":"css selector","value":"workspace-editor"}
RESULT: {"status":0,"sessionId":"155b502d359e472fa29366f2cc3656d6","value":[],"state":"success","hCode":13223784,"class":"org.openqa.selenium.remote.Response"}
COMMAND: POST https://ondemand.saucelabs.com:443/wd/hub/session/155b502d359e472fa29366f2cc3656d6/elements - {"using":"css selector","value":"navigation"}
RESULT: {"status":0,"sessionId":"155b502d359e472fa29366f2cc3656d6","value":[],"state":"success","hCode":29635782,"class":"org.openqa.selenium.remote.Response"}
COMMAND: POST https://ondemand.saucelabs.com:443/wd/hub/session/155b502d359e472fa29366f2cc3656d6/elements - {"using":"css selector","value":"navigation"}
RESULT: {"status":0,"sessionId":"155b502d359e472fa29366f2cc3656d6","value":[],"state":"success","hCode":29995481,"class":"org.openqa.selenium.remote.Response"}
COMMAND: POST https://ondemand.saucelabs.com:443/wd/hub/session/155b502d359e472fa29366f2cc3656d6/elements - {"using":"css selector","value":"workspace-editor"}
RESULT: {"status":0,"sessionId":"155b502d359e472fa29366f2cc3656d6","value":[],"state":"success","hCode":9791341,"class":"org.openqa.selenium.remote.Response"}
COMMAND: POST https://ondemand.saucelabs.com:443/wd/hub/session/155b502d359e472fa29366f2cc3656d6/elements - {"using":"css selector","value":"navigation"}
RESULT: {"status":0,"sessionId":"155b502d359e472fa29366f2cc3656d6","value":[],"state":"success","hCode":15672557,"class":"org.openqa.selenium.remote.Response"}
COMMAND: POST https://ondemand.saucelabs.com:443/wd/hub/session/155b502d359e472fa29366f2cc3656d6/elements - {"using":"css selector","value":"navigation"}
RESULT: {"status":0,"sessionId":"155b502d359e472fa29366f2cc3656d6","value":[],"state":"success","hCode":8817867,"class":"org.openqa.selenium.remote.Response"}
COMMAND: POST https://ondemand.saucelabs.com:443/wd/hub/session/155b502d359e472fa29366f2cc3656d6/elements - {"using":"css selector","value":"workspace-editor"}
RESULT: {"status":0,"sessionId":"155b502d359e472fa29366f2cc3656d6","value":[],"state":"success","hCode":24053183,"class":"org.openqa.selenium.remote.Response"}
COMMAND: POST https://ondemand.saucelabs.com:443/wd/hub/session/155b502d359e472fa29366f2cc3656d6/elements - {"using":"css selector","value":"navigation"}
RESULT: {"status":0,"sessionId":"155b502d359e472fa29366f2cc3656d6","value":[],"state":"success","hCode":507178,"class":"org.openqa.selenium.remote.Response"}
COMMAND: POST https://ondemand.saucelabs.com:443/wd/hub/session/155b502d359e472fa29366f2cc3656d6/elements - {"using":"css selector","value":"navigation"}
RESULT: {"status":0,"sessionId":"155b502d359e472fa29366f2cc3656d6","value":[],"state":"success","hCode":24370920,"class":"org.openqa.selenium.remote.Response"}
COMMAND: POST https://ondemand.saucelabs.com:443/wd/hub/session/155b502d359e472fa29366f2cc3656d6/elements - {"using":"css selector","value":"workspace-editor"}
RESULT: {"status":0,"sessionId":"155b502d359e472fa29366f2cc3656d6","value":[],"state":"success","hCode":10763006,"class":"org.openqa.selenium.remote.Response"}
COMMAND: POST https://ondemand.saucelabs.com:443/wd/hub/session/155b502d359e472fa29366f2cc3656d6/elements - {"using":"css selector","value":"navigation"}
RESULT: {"status":0,"sessionId":"155b502d359e472fa29366f2cc3656d6","value":[],"state":"success","hCode":12596677,"class":"org.openqa.selenium.remote.Response"}
COMMAND: POST https://ondemand.saucelabs.com:443/wd/hub/session/155b502d359e472fa29366f2cc3656d6/elements - {"using":"css selector","value":"navigation"}
RESULT: {"status":0,"sessionId":"155b502d359e472fa29366f2cc3656d6","value":[],"state":"success","hCode":3864251,"class":"org.openqa.selenium.remote.Response"}
COMMAND: POST https://ondemand.saucelabs.com:443/wd/hub/session/155b502d359e472fa29366f2cc3656d6/elements - {"using":"css selector","value":"workspace-editor"}
RESULT: {"status":0,"sessionId":"155b502d359e472fa29366f2cc3656d6","value":[],"state":"success","hCode":24540619,"class":"org.openqa.selenium.remote.Response"}
COMMAND: POST https://ondemand.saucelabs.com:443/wd/hub/session/155b502d359e472fa29366f2cc3656d6/elements - {"using":"css selector","value":"navigation"}
RESULT: {"status":0,"sessionId":"155b502d359e472fa29366f2cc3656d6","value":[],"state":"success","hCode":8242204,"class":"org.openqa.selenium.remote.Response"}
COMMAND: POST https://ondemand.saucelabs.com:443/wd/hub/session/155b502d359e472fa29366f2cc3656d6/elements - {"using":"css selector","value":"navigation"}
RESULT: {"status":0,"sessionId":"155b502d359e472fa29366f2cc3656d6","value":[],"state":"success","hCode":29142182,"class":"org.openqa.selenium.remote.Response"}
COMMAND: POST https://ondemand.saucelabs.com:443/wd/hub/session/155b502d359e472fa29366f2cc3656d6/elements - {"using":"css selector","value":"workspace-editor"}
RESULT: {"status":0,"sessionId":"155b502d359e472fa29366f2cc3656d6","value":[],"state":"success","hCode":10651788,"class":"org.openqa.selenium.remote.Response"}
COMMAND: POST https://ondemand.saucelabs.com:443/wd/hub/session/155b502d359e472fa29366f2cc3656d6/elements - {"using":"css selector","value":"navigation"}
RESULT: {"status":0,"sessionId":"155b502d359e472fa29366f2cc3656d6","value":[],"state":"success","hCode":7012325,"class":"org.openqa.selenium.remote.Response"}
COMMAND: POST https://ondemand.saucelabs.com:443/wd/hub/session/155b502d359e472fa29366f2cc3656d6/elements - {"using":"css selector","value":"navigation"}
RESULT: {"status":0,"sessionId":"155b502d359e472fa29366f2cc3656d6","value":[],"state":"success","hCode":9843403,"class":"org.openqa.selenium.remote.Response"}
COMMAND: POST https://ondemand.saucelabs.com:443/wd/hub/session/155b502d359e472fa29366f2cc3656d6/elements - {"using":"css selector","value":"workspace-editor"}
RESULT: {"status":0,"sessionId":"155b502d359e472fa29366f2cc3656d6","value":[],"state":"success","hCode":27912793,"class":"org.openqa.selenium.remote.Response"}
COMMAND: POST https://ondemand.saucelabs.com:443/wd/hub/session/155b502d359e472fa29366f2cc3656d6/elements - {"using":"css selector","value":"navigation"}
RESULT: {"status":0,"sessionId":"155b502d359e472fa29366f2cc3656d6","value":[],"state":"success","hCode":5579766,"class":"org.openqa.selenium.remote.Response"}
COMMAND: POST https://ondemand.saucelabs.com:443/wd/hub/session/155b502d359e472fa29366f2cc3656d6/elements - {"using":"css selector","value":"navigation"}
RESULT: {"status":0,"sessionId":"155b502d359e472fa29366f2cc3656d6","value":[],"state":"success","hCode":30215268,"class":"org.openqa.selenium.remote.Response"}
COMMAND: POST https://ondemand.saucelabs.com:443/wd/hub/session/155b502d359e472fa29366f2cc3656d6/elements - {"using":"css selector","value":"workspace-editor"}
RESULT: {"status":0,"sessionId":"155b502d359e472fa29366f2cc3656d6","value":[],"state":"success","hCode":2535392,"class":"org.openqa.selenium.remote.Response"}
COMMAND: POST https://ondemand.saucelabs.com:443/wd/hub/session/155b502d359e472fa29366f2cc3656d6/elements - {"using":"css selector","value":"navigation"}
RESULT: {"status":0,"sessionId":"155b502d359e472fa29366f2cc3656d6","value":[],"state":"success","hCode":9815300,"class":"org.openqa.selenium.remote.Response"}
COMMAND: POST https://ondemand.saucelabs.com:443/wd/hub/session/155b502d359e472fa29366f2cc3656d6/elements - {"using":"css selector","value":"navigation"}
RESULT: {"status":0,"sessionId":"155b502d359e472fa29366f2cc3656d6","value":[],"state":"success","hCode":27508464,"class":"org.openqa.selenium.remote.Response"}
COMMAND: POST https://ondemand.saucelabs.com:443/wd/hub/session/155b502d359e472fa29366f2cc3656d6/elements - {"using":"css selector","value":"workspace-editor"}
RESULT: {"status":0,"sessionId":"155b502d359e472fa29366f2cc3656d6","value":[],"state":"success","hCode":2062463,"class":"org.openqa.selenium.remote.Response"}
COMMAND: POST https://ondemand.saucelabs.com:443/wd/hub/session/155b502d359e472fa29366f2cc3656d6/elements - {"using":"css selector","value":"navigation"}
RESULT: {"status":0,"sessionId":"155b502d359e472fa29366f2cc3656d6","value":[],"state":"success","hCode":9044007,"class":"org.openqa.selenium.remote.Response"}
COMMAND: POST https://ondemand.saucelabs.com:443/wd/hub/session/155b502d359e472fa29366f2cc3656d6/elements - {"using":"css selector","value":"navigation"}
RESULT: {"status":0,"sessionId":"155b502d359e472fa29366f2cc3656d6","value":[],"state":"success","hCode":19684028,"class":"org.openqa.selenium.remote.Response"}
COMMAND: POST https://ondemand.saucelabs.com:443/wd/hub/session/155b502d359e472fa29366f2cc3656d6/elements - {"using":"css selector","value":"workspace-editor"}
RESULT: {"status":0,"sessionId":"155b502d359e472fa29366f2cc3656d6","value":[],"state":"success","hCode":16874842,"class":"org.openqa.selenium.remote.Response"}
COMMAND: POST https://ondemand.saucelabs.com:443/wd/hub/session/155b502d359e472fa29366f2cc3656d6/elements - {"using":"css selector","value":"navigation"}
RESULT: {"status":0,"sessionId":"155b502d359e472fa29366f2cc3656d6","value":[],"state":"success","hCode":26867265,"class":"org.openqa.selenium.remote.Response"}
COMMAND: POST https://ondemand.saucelabs.com:443/wd/hub/session/155b502d359e472fa29366f2cc3656d6/elements - {"using":"css selector","value":"navigation"}
RESULT: {"status":0,"sessionId":"155b502d359e472fa29366f2cc3656d6","value":[],"state":"success","hCode":2564477,"class":"org.openqa.selenium.remote.Response"}
COMMAND: POST https://ondemand.saucelabs.com:443/wd/hub/session/155b502d359e472fa29366f2cc3656d6/elements - {"using":"css selector","value":"workspace-editor"}
RESULT: {"status":0,"sessionId":"155b502d359e472fa29366f2cc3656d6","value":[],"state":"success","hCode":16618922,"class":"org.openqa.selenium.remote.Response"}
COMMAND: POST https://ondemand.saucelabs.com:443/wd/hub/session/155b502d359e472fa29366f2cc3656d6/elements - {"using":"css selector","value":"navigation"}
RESULT: {"status":0,"sessionId":"155b502d359e472fa29366f2cc3656d6","value":[],"state":"success","hCode":25318954,"class":"org.openqa.selenium.remote.Response"}
COMMAND: POST https://ondemand.saucelabs.com:443/wd/hub/session/155b502d359e472fa29366f2cc3656d6/elements - {"using":"css selector","value":"navigation"}
RESULT: {"status":0,"sessionId":"155b502d359e472fa29366f2cc3656d6","value":[],"state":"success","hCode":18452301,"class":"org.openqa.selenium.remote.Response"}
COMMAND: POST https://ondemand.saucelabs.com:443/wd/hub/session/155b502d359e472fa29366f2cc3656d6/elements - {"using":"css selector","value":"workspace-editor"}
RESULT: {"status":0,"sessionId":"155b502d359e472fa29366f2cc3656d6","value":[],"state":"success","hCode":25458487,"class":"org.openqa.selenium.remote.Response"}
COMMAND: POST https://ondemand.saucelabs.com:443/wd/hub/session/155b502d359e472fa29366f2cc3656d6/elements - {"using":"css selector","value":"navigation"}
RESULT: {"status":0,"sessionId":"155b502d359e472fa29366f2cc3656d6","value":[],"state":"success","hCode":25301555,"class":"org.openqa.selenium.remote.Response"}
COMMAND: POST https://ondemand.saucelabs.com:443/wd/hub/session/155b502d359e472fa29366f2cc3656d6/elements - {"using":"css selector","value":"navigation"}
RESULT: {"status":0,"sessionId":"155b502d359e472fa29366f2cc3656d6","value":[],"state":"success","hCode":29627750,"class":"org.openqa.selenium.remote.Response"}
COMMAND: POST https://ondemand.saucelabs.com:443/wd/hub/session/155b502d359e472fa29366f2cc3656d6/elements - {"using":"css selector","value":"workspace-editor"}
RESULT: {"status":0,"sessionId":"155b502d359e472fa29366f2cc3656d6","value":[],"state":"success","hCode":23460762,"class":"org.openqa.selenium.remote.Response"}
COMMAND: POST https://ondemand.saucelabs.com:443/wd/hub/session/155b502d359e472fa29366f2cc3656d6/elements - {"using":"css selector","value":"navigation"}
RESULT: {"status":0,"sessionId":"155b502d359e472fa29366f2cc3656d6","value":[],"state":"success","hCode":643525,"class":"org.openqa.selenium.remote.Response"}
COMMAND: POST https://ondemand.saucelabs.com:443/wd/hub/session/155b502d359e472fa29366f2cc3656d6/elements - {"using":"css selector","value":"navigation"}
RESULT: {"status":0,"sessionId":"155b502d359e472fa29366f2cc3656d6","value":[],"state":"success","hCode":27617450,"class":"org.openqa.selenium.remote.Response"}
COMMAND: POST https://ondemand.saucelabs.com:443/wd/hub/session/155b502d359e472fa29366f2cc3656d6/elements - {"using":"css selector","value":"workspace-editor"}
RESULT: {"status":0,"sessionId":"155b502d359e472fa29366f2cc3656d6","value":[],"state":"success","hCode":25230744,"class":"org.openqa.selenium.remote.Response"}
COMMAND: POST https://ondemand.saucelabs.com:443/wd/hub/session/155b502d359e472fa29366f2cc3656d6/elements - {"using":"css selector","value":"navigation"}
RESULT: {"status":0,"sessionId":"155b502d359e472fa29366f2cc3656d6","value":[],"state":"success","hCode":32995766,"class":"org.openqa.selenium.remote.Response"}
COMMAND: POST https://ondemand.saucelabs.com:443/wd/hub/session/155b502d359e472fa29366f2cc3656d6/elements - {"using":"css selector","value":"navigation"}
RESULT: {"status":0,"sessionId":"155b502d359e472fa29366f2cc3656d6","value":[],"state":"success","hCode":9261652,"class":"org.openqa.selenium.remote.Response"}
COMMAND: POST https://ondemand.saucelabs.com:443/wd/hub/session/155b502d359e472fa29366f2cc3656d6/elements - {"using":"css selector","value":"workspace-editor"}
RESULT: {"status":0,"sessionId":"155b502d359e472fa29366f2cc3656d6","value":[],"state":"success","hCode":20559676,"class":"org.openqa.selenium.remote.Response"}
COMMAND: POST https://ondemand.saucelabs.com:443/wd/hub/session/155b502d359e472fa29366f2cc3656d6/elements - {"using":"css selector","value":"navigation"}
RESULT: {"status":0,"sessionId":"155b502d359e472fa29366f2cc3656d6","value":[],"state":"success","hCode":30854739,"class":"org.openqa.selenium.remote.Response"}
COMMAND: POST https://ondemand.saucelabs.com:443/wd/hub/session/155b502d359e472fa29366f2cc3656d6/elements - {"using":"css selector","value":"navigation"}
RESULT: {"status":0,"sessionId":"155b502d359e472fa29366f2cc3656d6","value":[],"state":"success","hCode":27489984,"class":"org.openqa.selenium.remote.Response"}
COMMAND: POST https://ondemand.saucelabs.com:443/wd/hub/session/155b502d359e472fa29366f2cc3656d6/elements - {"using":"css selector","value":"workspace-editor"}
RESULT: {"status":0,"sessionId":"155b502d359e472fa29366f2cc3656d6","value":[],"state":"success","hCode":13444248,"class":"org.openqa.selenium.remote.Response"}
COMMAND: POST https://ondemand.saucelabs.com:443/wd/hub/session/155b502d359e472fa29366f2cc3656d6/elements - {"using":"css selector","value":"navigation"}
RESULT: {"status":0,"sessionId":"155b502d359e472fa29366f2cc3656d6","value":[],"state":"success","hCode":31763889,"class":"org.openqa.selenium.remote.Response"}
RESULT: {"status":0,"sessionId":"155b502d359e472fa29366f2cc3656d6","value":[],"state":"success","hCode":29364817,"class":"org.openqa.selenium.remote.Response"}
COMMAND: POST https://ondemand.saucelabs.com:443/wd/hub/session/155b502d359e472fa29366f2cc3656d6/elements - {"using":"css selector","value":"navigation"}
COMMAND: POST https://ondemand.saucelabs.com:443/wd/hub/session/155b502d359e472fa29366f2cc3656d6/elements - {"using":"css selector","value":"workspace-editor"}
RESULT: {"status":0,"sessionId":"155b502d359e472fa29366f2cc3656d6","value":[],"state":"success","hCode":22959814,"class":"org.openqa.selenium.remote.Response"}
COMMAND: POST https://ondemand.saucelabs.com:443/wd/hub/session/155b502d359e472fa29366f2cc3656d6/elements - {"using":"css selector","value":"navigation"}
RESULT: {"status":0,"sessionId":"155b502d359e472fa29366f2cc3656d6","value":[],"state":"success","hCode":22134731,"class":"org.openqa.selenium.remote.Response"}
COMMAND: POST https://ondemand.saucelabs.com:443/wd/hub/session/155b502d359e472fa29366f2cc3656d6/elements - {"using":"css selector","value":"navigation"}
RESULT: {"status":0,"sessionId":"155b502d359e472fa29366f2cc3656d6","value":[],"state":"success","hCode":12530104,"class":"org.openqa.selenium.remote.Response"}
COMMAND: POST https://ondemand.saucelabs.com:443/wd/hub/session/155b502d359e472fa29366f2cc3656d6/elements - {"using":"css selector","value":"workspace-editor"}
RESULT: {"status":0,"sessionId":"155b502d359e472fa29366f2cc3656d6","value":[],"state":"success","hCode":33412751,"class":"org.openqa.selenium.remote.Response"}
COMMAND: POST https://ondemand.saucelabs.com:443/wd/hub/session/155b502d359e472fa29366f2cc3656d6/elements - {"using":"css selector","value":"navigation"}
RESULT: {"status":0,"sessionId":"155b502d359e472fa29366f2cc3656d6","value":[],"state":"success","hCode":4366572,"class":"org.openqa.selenium.remote.Response"}
COMMAND: POST https://ondemand.saucelabs.com:443/wd/hub/session/155b502d359e472fa29366f2cc3656d6/elements - {"using":"css selector","value":"workspace-editor"}
RESULT: {"status":0,"sessionId":"155b502d359e472fa29366f2cc3656d6","value":[],"state":"success","hCode":17201122,"class":"org.openqa.selenium.remote.Response"}
COMMAND: POST https://ondemand.saucelabs.com:443/wd/hub/session/155b502d359e472fa29366f2cc3656d6/elements - {"using":"css selector","value":"navigation"}
RESULT: {"status":0,"sessionId":"155b502d359e472fa29366f2cc3656d6","value":[],"state":"success","hCode":20789226,"class":"org.openqa.selenium.remote.Response"}
COMMAND: POST https://ondemand.saucelabs.com:443/wd/hub/session/155b502d359e472fa29366f2cc3656d6/elements - {"using":"css selector","value":"navigation"}
RESULT: {"status":0,"sessionId":"155b502d359e472fa29366f2cc3656d6","value":[],"state":"success","hCode":30437127,"class":"org.openqa.selenium.remote.Response"}
COMMAND: POST https://ondemand.saucelabs.com:443/wd/hub/session/155b502d359e472fa29366f2cc3656d6/elements - {"using":"css selector","value":"workspace-editor"}
RESULT: {"status":0,"sessionId":"155b502d359e472fa29366f2cc3656d6","value":[],"state":"success","hCode":23117901,"class":"org.openqa.selenium.remote.Response"}
COMMAND: POST https://ondemand.saucelabs.com:443/wd/hub/session/155b502d359e472fa29366f2cc3656d6/elements - {"using":"css selector","value":"navigation"}
RESULT: {"status":0,"sessionId":"155b502d359e472fa29366f2cc3656d6","value":[],"state":"success","hCode":11782695,"class":"org.openqa.selenium.remote.Response"}
COMMAND: POST https://ondemand.saucelabs.com:443/wd/hub/session/155b502d359e472fa29366f2cc3656d6/elements - {"using":"css selector","value":"navigation"}
RESULT: {"status":0,"sessionId":"155b502d359e472fa29366f2cc3656d6","value":[],"state":"success","hCode":21698980,"class":"org.openqa.selenium.remote.Response"}
COMMAND: POST https://ondemand.saucelabs.com:443/wd/hub/session/155b502d359e472fa29366f2cc3656d6/elements - {"using":"css selector","value":"workspace-editor"}
RESULT: {"status":0,"sessionId":"155b502d359e472fa29366f2cc3656d6","value":[],"state":"success","hCode":28705372,"class":"org.openqa.selenium.remote.Response"}
COMMAND: POST https://ondemand.saucelabs.com:443/wd/hub/session/155b502d359e472fa29366f2cc3656d6/elements - {"using":"css selector","value":"navigation"}
RESULT: {"status":0,"sessionId":"155b502d359e472fa29366f2cc3656d6","value":[],"state":"success","hCode":24565846,"class":"org.openqa.selenium.remote.Response"}
COMMAND: POST https://ondemand.saucelabs.com:443/wd/hub/session/155b502d359e472fa29366f2cc3656d6/elements - {"using":"css selector","value":"navigation"}
RESULT: {"status":0,"sessionId":"155b502d359e472fa29366f2cc3656d6","value":[],"state":"success","hCode":10755796,"class":"org.openqa.selenium.remote.Response"}
COMMAND: POST https://ondemand.saucelabs.com:443/wd/hub/session/155b502d359e472fa29366f2cc3656d6/elements - {"using":"css selector","value":"workspace-editor"}
RESULT: {"status":0,"sessionId":"155b502d359e472fa29366f2cc3656d6","value":[],"state":"success","hCode":11650557,"class":"org.openqa.selenium.remote.Response"}
COMMAND: POST https://ondemand.saucelabs.com:443/wd/hub/session/155b502d359e472fa29366f2cc3656d6/elements - {"using":"css selector","value":"navigation"}
RESULT: {"status":0,"sessionId":"155b502d359e472fa29366f2cc3656d6","value":[],"state":"success","hCode":10356136,"class":"org.openqa.selenium.remote.Response"}
COMMAND: POST https://ondemand.saucelabs.com:443/wd/hub/session/155b502d359e472fa29366f2cc3656d6/elements - {"using":"css selector","value":"navigation"}
RESULT: {"status":0,"sessionId":"155b502d359e472fa29366f2cc3656d6","value":[],"state":"success","hCode":30945717,"class":"org.openqa.selenium.remote.Response"}
COMMAND: POST https://ondemand.saucelabs.com:443/wd/hub/session/155b502d359e472fa29366f2cc3656d6/elements - {"using":"css selector","value":"workspace-editor"}
RESULT: {"status":0,"sessionId":"155b502d359e472fa29366f2cc3656d6","value":[],"state":"success","hCode":10517896,"class":"org.openqa.selenium.remote.Response"}
COMMAND: POST https://ondemand.saucelabs.com:443/wd/hub/session/155b502d359e472fa29366f2cc3656d6/elements - {"using":"css selector","value":"navigation"}
RESULT: {"status":0,"sessionId":"155b502d359e472fa29366f2cc3656d6","value":[],"state":"success","hCode":33524890,"class":"org.openqa.selenium.remote.Response"}
COMMAND: POST https://ondemand.saucelabs.com:443/wd/hub/session/155b502d359e472fa29366f2cc3656d6/elements - {"using":"css selector","value":"navigation"}
RESULT: {"status":0,"sessionId":"155b502d359e472fa29366f2cc3656d6","value":[],"state":"success","hCode":21336545,"class":"org.openqa.selenium.remote.Response"}
COMMAND: POST https://ondemand.saucelabs.com:443/wd/hub/session/155b502d359e472fa29366f2cc3656d6/elements - {"using":"css selector","value":"workspace-editor"}
RESULT: {"status":0,"sessionId":"155b502d359e472fa29366f2cc3656d6","value":[],"state":"success","hCode":482922,"class":"org.openqa.selenium.remote.Response"}
COMMAND: POST https://ondemand.saucelabs.com:443/wd/hub/session/155b502d359e472fa29366f2cc3656d6/elements - {"using":"css selector","value":"navigation"}
RESULT: {"status":0,"sessionId":"155b502d359e472fa29366f2cc3656d6","value":[],"state":"success","hCode":17034204,"class":"org.openqa.selenium.remote.Response"}
COMMAND: POST https://ondemand.saucelabs.com:443/wd/hub/session/155b502d359e472fa29366f2cc3656d6/elements - {"using":"css selector","value":"navigation"}
RESULT: {"status":0,"sessionId":"155b502d359e472fa29366f2cc3656d6","value":[],"state":"success","hCode":31009810,"class":"org.openqa.selenium.remote.Response"}
COMMAND: POST https://ondemand.saucelabs.com:443/wd/hub/session/155b502d359e472fa29366f2cc3656d6/elements - {"using":"css selector","value":"workspace-editor"}
RESULT: {"status":0,"sessionId":"155b502d359e472fa29366f2cc3656d6","value":[],"state":"success","hCode":16396381,"class":"org.openqa.selenium.remote.Response"}
COMMAND: POST https://ondemand.saucelabs.com:443/wd/hub/session/155b502d359e472fa29366f2cc3656d6/elements - {"using":"css selector","value":"navigation"}
RESULT: {"status":0,"sessionId":"155b502d359e472fa29366f2cc3656d6","value":[],"state":"success","hCode":1246474,"class":"org.openqa.selenium.remote.Response"}
COMMAND: POST https://ondemand.saucelabs.com:443/wd/hub/session/155b502d359e472fa29366f2cc3656d6/elements - {"using":"css selector","value":"navigation"}
RESULT: {"status":0,"sessionId":"155b502d359e472fa29366f2cc3656d6","value":[],"state":"success","hCode":13849977,"class":"org.openqa.selenium.remote.Response"}
COMMAND: POST https://ondemand.saucelabs.com:443/wd/hub/session/155b502d359e472fa29366f2cc3656d6/elements - {"using":"css selector","value":"workspace-editor"}
RESULT: {"status":0,"sessionId":"155b502d359e472fa29366f2cc3656d6","value":[],"state":"success","hCode":22923717,"class":"org.openqa.selenium.remote.Response"}
COMMAND: POST https://ondemand.saucelabs.com:443/wd/hub/session/155b502d359e472fa29366f2cc3656d6/elements - {"using":"css selector","value":"navigation"}
RESULT: {"status":0,"sessionId":"155b502d359e472fa29366f2cc3656d6","value":[],"state":"success","hCode":25067277,"class":"org.openqa.selenium.remote.Response"}
COMMAND: POST https://ondemand.saucelabs.com:443/wd/hub/session/155b502d359e472fa29366f2cc3656d6/elements - {"using":"css selector","value":"navigation"}
RESULT: {"status":0,"sessionId":"155b502d359e472fa29366f2cc3656d6","value":[],"state":"success","hCode":7396108,"class":"org.openqa.selenium.remote.Response"}
COMMAND: POST https://ondemand.saucelabs.com:443/wd/hub/session/155b502d359e472fa29366f2cc3656d6/elements - {"using":"css selector","value":"workspace-editor"}
RESULT: {"status":0,"sessionId":"155b502d359e472fa29366f2cc3656d6","value":[],"state":"success","hCode":20077473,"class":"org.openqa.selenium.remote.Response"}
COMMAND: POST https://ondemand.saucelabs.com:443/wd/hub/session/155b502d359e472fa29366f2cc3656d6/elements - {"using":"css selector","value":"navigation"}
RESULT: {"status":0,"sessionId":"155b502d359e472fa29366f2cc3656d6","value":[],"state":"success","hCode":26830199,"class":"org.openqa.selenium.remote.Response"}
COMMAND: POST https://ondemand.saucelabs.com:443/wd/hub/session/155b502d359e472fa29366f2cc3656d6/elements - {"using":"css selector","value":"navigation"}
RESULT: {"status":0,"sessionId":"155b502d359e472fa29366f2cc3656d6","value":[],"state":"success","hCode":17199368,"class":"org.openqa.selenium.remote.Response"}
COMMAND: POST https://ondemand.saucelabs.com:443/wd/hub/session/155b502d359e472fa29366f2cc3656d6/elements - {"using":"css selector","value":"workspace-editor"}
RESULT: {"status":0,"sessionId":"155b502d359e472fa29366f2cc3656d6","value":[],"state":"success","hCode":2339647,"class":"org.openqa.selenium.remote.Response"}
COMMAND: POST https://ondemand.saucelabs.com:443/wd/hub/session/155b502d359e472fa29366f2cc3656d6/elements - {"using":"css selector","value":"navigation"}
RESULT: {"status":0,"sessionId":"155b502d359e472fa29366f2cc3656d6","value":[],"state":"success","hCode":22019917,"class":"org.openqa.selenium.remote.Response"}
COMMAND: POST https://ondemand.saucelabs.com:443/wd/hub/session/155b502d359e472fa29366f2cc3656d6/elements - {"using":"css selector","value":"navigation"}
RESULT: {"status":0,"sessionId":"155b502d359e472fa29366f2cc3656d6","value":[],"state":"success","hCode":20431996,"class":"org.openqa.selenium.remote.Response"}
COMMAND: POST https://ondemand.saucelabs.com:443/wd/hub/session/155b502d359e472fa29366f2cc3656d6/elements - {"using":"css selector","value":"workspace-editor"}
RESULT: {"status":0,"sessionId":"155b502d359e472fa29366f2cc3656d6","value":[],"state":"success","hCode":8267559,"class":"org.openqa.selenium.remote.Response"}
COMMAND: POST https://ondemand.saucelabs.com:443/wd/hub/session/155b502d359e472fa29366f2cc3656d6/elements - {"using":"css selector","value":"navigation"}
RESULT: {"status":0,"sessionId":"155b502d359e472fa29366f2cc3656d6","value":[],"state":"success","hCode":20476992,"class":"org.openqa.selenium.remote.Response"}
COMMAND: POST https://ondemand.saucelabs.com:443/wd/hub/session/155b502d359e472fa29366f2cc3656d6/elements - {"using":"css selector","value":"navigation"}
RESULT: {"status":0,"sessionId":"155b502d359e472fa29366f2cc3656d6","value":[],"state":"success","hCode":20861620,"class":"org.openqa.selenium.remote.Response"}
COMMAND: POST https://ondemand.saucelabs.com:443/wd/hub/session/155b502d359e472fa29366f2cc3656d6/elements - {"using":"css selector","value":"workspace-editor"}
RESULT: {"status":0,"sessionId":"155b502d359e472fa29366f2cc3656d6","value":[],"state":"success","hCode":27503080,"class":"org.openqa.selenium.remote.Response"}
COMMAND: POST https://ondemand.saucelabs.com:443/wd/hub/session/155b502d359e472fa29366f2cc3656d6/elements - {"using":"css selector","value":"navigation"}
RESULT: {"status":0,"sessionId":"155b502d359e472fa29366f2cc3656d6","value":[],"state":"success","hCode":26965155,"class":"org.openqa.selenium.remote.Response"}
COMMAND: POST https://ondemand.saucelabs.com:443/wd/hub/session/155b502d359e472fa29366f2cc3656d6/elements - {"using":"css selector","value":"navigation"}
RESULT: {"status":0,"sessionId":"155b502d359e472fa29366f2cc3656d6","value":[],"state":"success","hCode":23701867,"class":"org.openqa.selenium.remote.Response"}
COMMAND: POST https://ondemand.saucelabs.com:443/wd/hub/session/155b502d359e472fa29366f2cc3656d6/elements - {"using":"css selector","value":"workspace-editor"}
RESULT: {"status":0,"sessionId":"155b502d359e472fa29366f2cc3656d6","value":[],"state":"success","hCode":28295772,"class":"org.openqa.selenium.remote.Response"}
COMMAND: POST https://ondemand.saucelabs.com:443/wd/hub/session/155b502d359e472fa29366f2cc3656d6/elements - {"using":"css selector","value":"navigation"}
RESULT: {"status":0,"sessionId":"155b502d359e472fa29366f2cc3656d6","value":[],"state":"success","hCode":18593518,"class":"org.openqa.selenium.remote.Response"}
COMMAND: POST https://ondemand.saucelabs.com:443/wd/hub/session/155b502d359e472fa29366f2cc3656d6/elements - {"using":"css selector","value":"navigation"}
RESULT: {"status":0,"sessionId":"155b502d359e472fa29366f2cc3656d6","value":[],"state":"success","hCode":11865961,"class":"org.openqa.selenium.remote.Response"}
COMMAND: POST https://ondemand.saucelabs.com:443/wd/hub/session/155b502d359e472fa29366f2cc3656d6/elements - {"using":"css selector","value":"workspace-editor"}
RESULT: {"status":0,"sessionId":"155b502d359e472fa29366f2cc3656d6","value":[],"state":"success","hCode":16360815,"class":"org.openqa.selenium.remote.Response"}
COMMAND: POST https://ondemand.saucelabs.com:443/wd/hub/session/155b502d359e472fa29366f2cc3656d6/elements - {"using":"css selector","value":"navigation"}
RESULT: {"status":0,"sessionId":"155b502d359e472fa29366f2cc3656d6","value":[],"state":"success","hCode":2617624,"class":"org.openqa.selenium.remote.Response"}
COMMAND: POST https://ondemand.saucelabs.com:443/wd/hub/session/155b502d359e472fa29366f2cc3656d6/elements - {"using":"css selector","value":"navigation"}
RESULT: {"status":0,"sessionId":"155b502d359e472fa29366f2cc3656d6","value":[],"state":"success","hCode":26675116,"class":"org.openqa.selenium.remote.Response"}
COMMAND: POST https://ondemand.saucelabs.com:443/wd/hub/session/155b502d359e472fa29366f2cc3656d6/elements - {"using":"css selector","value":"workspace-editor"}
RESULT: {"status":0,"sessionId":"155b502d359e472fa29366f2cc3656d6","value":[],"state":"success","hCode":30016566,"class":"org.openqa.selenium.remote.Response"}
COMMAND: POST https://ondemand.saucelabs.com:443/wd/hub/session/155b502d359e472fa29366f2cc3656d6/elements - {"using":"css selector","value":"navigation"}
RESULT: {"status":0,"sessionId":"155b502d359e472fa29366f2cc3656d6","value":[],"state":"success","hCode":5183346,"class":"org.openqa.selenium.remote.Response"}
COMMAND: POST https://ondemand.saucelabs.com:443/wd/hub/session/155b502d359e472fa29366f2cc3656d6/elements - {"using":"css selector","value":"navigation"}
RESULT: {"status":0,"sessionId":"155b502d359e472fa29366f2cc3656d6","value":[],"state":"success","hCode":15422879,"class":"org.openqa.selenium.remote.Response"}
COMMAND: POST https://ondemand.saucelabs.com:443/wd/hub/session/155b502d359e472fa29366f2cc3656d6/elements - {"using":"css selector","value":"workspace-editor"}
RESULT: {"status":0,"sessionId":"155b502d359e472fa29366f2cc3656d6","value":[],"state":"success","hCode":31677748,"class":"org.openqa.selenium.remote.Response"}
COMMAND: POST https://ondemand.saucelabs.com:443/wd/hub/session/155b502d359e472fa29366f2cc3656d6/elements - {"using":"css selector","value":"navigation"}
RESULT: {"status":0,"sessionId":"155b502d359e472fa29366f2cc3656d6","value":[],"state":"success","hCode":18699632,"class":"org.openqa.selenium.remote.Response"}
COMMAND: POST https://ondemand.saucelabs.com:443/wd/hub/session/155b502d359e472fa29366f2cc3656d6/elements - {"using":"css selector","value":"navigation"}
RESULT: {"status":0,"sessionId":"155b502d359e472fa29366f2cc3656d6","value":[],"state":"success","hCode":1720145,"class":"org.openqa.selenium.remote.Response"}
COMMAND: POST https://ondemand.saucelabs.com:443/wd/hub/session/155b502d359e472fa29366f2cc3656d6/elements - {"using":"css selector","value":"workspace-editor"}
RESULT: {"status":0,"sessionId":"155b502d359e472fa29366f2cc3656d6","value":[],"state":"success","hCode":23593335,"class":"org.openqa.selenium.remote.Response"}
COMMAND: POST https://ondemand.saucelabs.com:443/wd/hub/session/155b502d359e472fa29366f2cc3656d6/elements - {"using":"css selector","value":"navigation"}
RESULT: {"status":0,"sessionId":"155b502d359e472fa29366f2cc3656d6","value":[],"state":"success","hCode":13206369,"class":"org.openqa.selenium.remote.Response"}
COMMAND: POST https://ondemand.saucelabs.com:443/wd/hub/session/155b502d359e472fa29366f2cc3656d6/elements - {"using":"css selector","value":"navigation"}
RESULT: {"status":0,"sessionId":"155b502d359e472fa29366f2cc3656d6","value":[],"state":"success","hCode":1287701,"class":"org.openqa.selenium.remote.Response"}
COMMAND: POST https://ondemand.saucelabs.com:443/wd/hub/session/155b502d359e472fa29366f2cc3656d6/elements - {"using":"css selector","value":"workspace-editor"}
RESULT: {"status":0,"sessionId":"155b502d359e472fa29366f2cc3656d6","value":[],"state":"success","hCode":1834721,"class":"org.openqa.selenium.remote.Response"}
COMMAND: POST https://ondemand.saucelabs.com:443/wd/hub/session/155b502d359e472fa29366f2cc3656d6/elements - {"using":"css selector","value":"navigation"}
RESULT: {"status":0,"sessionId":"155b502d359e472fa29366f2cc3656d6","value":[],"state":"success","hCode":27137380,"class":"org.openqa.selenium.remote.Response"}
COMMAND: POST https://ondemand.saucelabs.com:443/wd/hub/session/155b502d359e472fa29366f2cc3656d6/elements - {"using":"css selector","value":"navigation"}
RESULT: {"status":0,"sessionId":"155b502d359e472fa29366f2cc3656d6","value":[],"state":"success","hCode":4835926,"class":"org.openqa.selenium.remote.Response"}
COMMAND: POST https://ondemand.saucelabs.com:443/wd/hub/session/155b502d359e472fa29366f2cc3656d6/elements - {"using":"css selector","value":"workspace-editor"}
[...]
RESULT: {"status":0,"sessionId":"155b502d359e472fa29366f2cc3656d6","value":[],"state":"success","hCode":30452442,"class":"org.openqa.selenium.remote.Response"}
RESULT: {"status":0,"sessionId":"155b502d359e472fa29366f2cc3656d6","value":[],"state":"success","hCode":14155987,"class":"org.openqa.selenium.remote.Response"}
RESULT: {"status":0,"sessionId":"155b502d359e472fa29366f2cc3656d6","value":[],"state":"success","hCode":12846851,"class":"org.openqa.selenium.remote.Response"}
COMMAND: POST https://ondemand.saucelabs.com:443/wd/hub/session/155b502d359e472fa29366f2cc3656d6/elements - {"using":"css selector","value":"navigation"}
COMMAND: POST https://ondemand.saucelabs.com:443/wd/hub/session/155b502d359e472fa29366f2cc3656d6/elements - {"using":"css selector","value":"workspace-editor"}
COMMAND: POST https://ondemand.saucelabs.com:443/wd/hub/session/155b502d359e472fa29366f2cc3656d6/elements - {"using":"css selector","value":"navigation"}
RESULT: {"status":0,"sessionId":"155b502d359e472fa29366f2cc3656d6","value":[],"state":"success","hCode":28971026,"class":"org.openqa.selenium.remote.Response"}
COMMAND: POST https://ondemand.saucelabs.com:443/wd/hub/session/155b502d359e472fa29366f2cc3656d6/elements - {"using":"css selector","value":"navigation"}
RESULT: {"status":0,"sessionId":"155b502d359e472fa29366f2cc3656d6","value":[],"state":"success","hCode":3072029,"class":"org.openqa.selenium.remote.Response"}
RESULT: {"status":0,"sessionId":"155b502d359e472fa29366f2cc3656d6","value":[],"state":"success","hCode":27112353,"class":"org.openqa.selenium.remote.Response"}
COMMAND: POST https://ondemand.saucelabs.com:443/wd/hub/session/155b502d359e472fa29366f2cc3656d6/elements - {"using":"css selector","value":"navigation"}
COMMAND: POST https://ondemand.saucelabs.com:443/wd/hub/session/155b502d359e472fa29366f2cc3656d6/elements - {"using":"css selector","value":"workspace-editor"}
RESULT: {"status":0,"sessionId":"155b502d359e472fa29366f2cc3656d6","value":[],"state":"success","hCode":21433969,"class":"org.openqa.selenium.remote.Response"}
RESULT: {"status":0,"sessionId":"155b502d359e472fa29366f2cc3656d6","value":[],"state":"success","hCode":24820525,"class":"org.openqa.selenium.remote.Response"}
RESULT: {"status":0,"sessionId":"155b502d359e472fa29366f2cc3656d6","value":[],"state":"success","hCode":17441236,"class":"org.openqa.selenium.remote.Response"}
COMMAND: POST https://ondemand.saucelabs.com:443/wd/hub/session/155b502d359e472fa29366f2cc3656d6/elements - {"using":"css selector","value":"navigation"}
COMMAND: POST https://ondemand.saucelabs.com:443/wd/hub/session/155b502d359e472fa29366f2cc3656d6/elements - {"using":"css selector","value":"navigation"}
COMMAND: POST https://ondemand.saucelabs.com:443/wd/hub/session/155b502d359e472fa29366f2cc3656d6/elements - {"using":"css selector","value":"workspace-editor"}
RESULT: {"status":0,"sessionId":"155b502d359e472fa29366f2cc3656d6","value":[],"state":"success","hCode":25097733,"class":"org.openqa.selenium.remote.Response"}
COMMAND: POST https://ondemand.saucelabs.com:443/wd/hub/session/155b502d359e472fa29366f2cc3656d6/elements - {"using":"css selector","value":"workspace-editor"}
RESULT: {"status":0,"sessionId":"155b502d359e472fa29366f2cc3656d6","value":[],"state":"success","hCode":4845412,"class":"org.openqa.selenium.remote.Response"}
COMMAND: POST https://ondemand.saucelabs.com:443/wd/hub/session/155b502d359e472fa29366f2cc3656d6/elements - {"using":"css selector","value":"navigation"}
RESULT: {"status":0,"sessionId":"155b502d359e472fa29366f2cc3656d6","value":[],"state":"success","hCode":23664962,"class":"org.openqa.selenium.remote.Response"}
COMMAND: POST https://ondemand.saucelabs.com:443/wd/hub/session/155b502d359e472fa29366f2cc3656d6/elements - {"using":"css selector","value":"navigation"}
RESULT: {"status":0,"sessionId":"155b502d359e472fa29366f2cc3656d6","value":[],"state":"success","hCode":12083812,"class":"org.openqa.selenium.remote.Response"}
COMMAND: POST https://ondemand.saucelabs.com:443/wd/hub/session/155b502d359e472fa29366f2cc3656d6/elements - {"using":"css selector","value":"workspace-editor"}
RESULT: {"status":0,"sessionId":"155b502d359e472fa29366f2cc3656d6","value":[],"state":"success","hCode":9620618,"class":"org.openqa.selenium.remote.Response"}
COMMAND: POST https://ondemand.saucelabs.com:443/wd/hub/session/155b502d359e472fa29366f2cc3656d6/elements - {"using":"css selector","value":"navigation"}
RESULT: {"status":0,"sessionId":"155b502d359e472fa29366f2cc3656d6","value":[],"state":"success","hCode":13195956,"class":"org.openqa.selenium.remote.Response"}
COMMAND: POST https://ondemand.saucelabs.com:443/wd/hub/session/155b502d359e472fa29366f2cc3656d6/elements - {"using":"css selector","value":"navigation"}
RESULT: {"status":0,"sessionId":"155b502d359e472fa29366f2cc3656d6","value":[],"state":"success","hCode":20820345,"class":"org.openqa.selenium.remote.Response"}
COMMAND: POST https://ondemand.saucelabs.com:443/wd/hub/session/155b502d359e472fa29366f2cc3656d6/elements - {"using":"css selector","value":"navigation"}
RESULT: {"status":0,"sessionId":"155b502d359e472fa29366f2cc3656d6","value":[],"state":"success","hCode":19764218,"class":"org.openqa.selenium.remote.Response"}
COMMAND: POST https://ondemand.saucelabs.com:443/wd/hub/session/155b502d359e472fa29366f2cc3656d6/elements - {"using":"css selector","value":"workspace-editor"}
RESULT: {"status":0,"sessionId":"155b502d359e472fa29366f2cc3656d6","value":[],"state":"success","hCode":21442284,"class":"org.openqa.selenium.remote.Response"}
COMMAND: POST https://ondemand.saucelabs.com:443/wd/hub/session/155b502d359e472fa29366f2cc3656d6/elements - {"using":"css selector","value":"navigation"}
RESULT: {"status":0,"sessionId":"155b502d359e472fa29366f2cc3656d6","value":[],"state":"success","hCode":19214156,"class":"org.openqa.selenium.remote.Response"}
COMMAND: POST https://ondemand.saucelabs.com:443/wd/hub/session/155b502d359e472fa29366f2cc3656d6/elements - {"using":"css selector","value":"navigation"}
RESULT: {"status":0,"sessionId":"155b502d359e472fa29366f2cc3656d6","value":[],"state":"success","hCode":13665380,"class":"org.openqa.selenium.remote.Response"}
COMMAND: POST https://ondemand.saucelabs.com:443/wd/hub/session/155b502d359e472fa29366f2cc3656d6/elements - {"using":"css selector","value":"navigation"}
RESULT: {"status":0,"sessionId":"155b502d359e472fa29366f2cc3656d6","value":[],"state":"success","hCode":12571797,"class":"org.openqa.selenium.remote.Response"}
COMMAND: POST https://ondemand.saucelabs.com:443/wd/hub/session/155b502d359e472fa29366f2cc3656d6/elements - {"using":"css selector","value":"workspace-editor"}
RESULT: {"status":0,"sessionId":"155b502d359e472fa29366f2cc3656d6","value":[],"state":"success","hCode":11593858,"class":"org.openqa.selenium.remote.Response"}
COMMAND: POST https://ondemand.saucelabs.com:443/wd/hub/session/155b502d359e472fa29366f2cc3656d6/elements - {"using":"css selector","value":"navigation"}
RESULT: {"status":0,"sessionId":"155b502d359e472fa29366f2cc3656d6","value":[],"state":"success","hCode":14519648,"class":"org.openqa.selenium.remote.Response"}
COMMAND: POST https://ondemand.saucelabs.com:443/wd/hub/session/155b502d359e472fa29366f2cc3656d6/elements - {"using":"css selector","value":"navigation"}
RESULT: {"status":0,"sessionId":"155b502d359e472fa29366f2cc3656d6","value":[],"state":"success","hCode":20759486,"class":"org.openqa.selenium.remote.Response"}
COMMAND: POST https://ondemand.saucelabs.com:443/wd/hub/session/155b502d359e472fa29366f2cc3656d6/elements - {"using":"css selector","value":"workspace-editor"}
RESULT: {"status":0,"sessionId":"155b502d359e472fa29366f2cc3656d6","value":[],"state":"success","hCode":5784518,"class":"org.openqa.selenium.remote.Response"}
COMMAND: POST https://ondemand.saucelabs.com:443/wd/hub/session/155b502d359e472fa29366f2cc3656d6/elements - {"using":"css selector","value":"navigation"}
RESULT: {"status":0,"sessionId":"155b502d359e472fa29366f2cc3656d6","value":[],"state":"success","hCode":33405637,"class":"org.openqa.selenium.remote.Response"}
COMMAND: POST https://ondemand.saucelabs.com:443/wd/hub/session/155b502d359e472fa29366f2cc3656d6/elements - {"using":"css selector","value":"navigation"}
RESULT: {"status":0,"sessionId":"155b502d359e472fa29366f2cc3656d6","value":[],"state":"success","hCode":17632491,"class":"org.openqa.selenium.remote.Response"}
COMMAND: POST https://ondemand.saucelabs.com:443/wd/hub/session/155b502d359e472fa29366f2cc3656d6/elements - {"using":"css selector","value":"workspace-editor"}
RESULT: {"status":0,"sessionId":"155b502d359e472fa29366f2cc3656d6","value":[],"state":"success","hCode":851035,"class":"org.openqa.selenium.remote.Response"}
RESULT: {"status":0,"sessionId":"155b502d359e472fa29366f2cc3656d6","value":[],"state":"success","hCode":2763285,"class":"org.openqa.selenium.remote.Response"}
RESULT: {"status":0,"sessionId":"155b502d359e472fa29366f2cc3656d6","value":[],"state":"success","hCode":28235988,"class":"org.openqa.selenium.remote.Response"}
COMMAND: POST https://ondemand.saucelabs.com:443/wd/hub/session/155b502d359e472fa29366f2cc3656d6/elements - {"using":"css selector","value":"navigation"}
COMMAND: POST https://ondemand.saucelabs.com:443/wd/hub/session/155b502d359e472fa29366f2cc3656d6/elements - {"using":"css selector","value":"navigation"}
COMMAND: POST https://ondemand.saucelabs.com:443/wd/hub/session/155b502d359e472fa29366f2cc3656d6/elements - {"using":"css selector","value":"workspace-editor"}
RESULT: {"status":0,"sessionId":"155b502d359e472fa29366f2cc3656d6","value":[],"state":"success","hCode":3781217,"class":"org.openqa.selenium.remote.Response"}
RESULT: {"status":0,"sessionId":"155b502d359e472fa29366f2cc3656d6","value":[],"state":"success","hCode":22674127,"class":"org.openqa.selenium.remote.Response"}
RESULT: {"status":0,"sessionId":"155b502d359e472fa29366f2cc3656d6","value":[],"state":"success","hCode":3754629,"class":"org.openqa.selenium.remote.Response"}
COMMAND: POST https://ondemand.saucelabs.com:443/wd/hub/session/155b502d359e472fa29366f2cc3656d6/elements - {"using":"css selector","value":"navigation"}
COMMAND: POST https://ondemand.saucelabs.com:443/wd/hub/session/155b502d359e472fa29366f2cc3656d6/elements - {"using":"css selector","value":"navigation"}
COMMAND: POST https://ondemand.saucelabs.com:443/wd/hub/session/155b502d359e472fa29366f2cc3656d6/elements - {"using":"css selector","value":"workspace-editor"}
RESULT: {"status":0,"sessionId":"155b502d359e472fa29366f2cc3656d6","value":[],"state":"success","hCode":29420593,"class":"org.openqa.selenium.remote.Response"}
RESULT: {"status":0,"sessionId":"155b502d359e472fa29366f2cc3656d6","value":[],"state":"success","hCode":29737848,"class":"org.openqa.selenium.remote.Response"}
RESULT: {"status":0,"sessionId":"155b502d359e472fa29366f2cc3656d6","value":[],"state":"success","hCode":16464131,"class":"org.openqa.selenium.remote.Response"}
COMMAND: POST https://ondemand.saucelabs.com:443/wd/hub/session/155b502d359e472fa29366f2cc3656d6/elements - {"using":"css selector","value":"navigation"}
COMMAND: POST https://ondemand.saucelabs.com:443/wd/hub/session/155b502d359e472fa29366f2cc3656d6/elements - {"using":"css selector","value":"workspace-editor"}
COMMAND: POST https://ondemand.saucelabs.com:443/wd/hub/session/155b502d359e472fa29366f2cc3656d6/elements - {"using":"css selector","value":"navigation"}
RESULT: {"status":0,"sessionId":"155b502d359e472fa29366f2cc3656d6","value":[],"state":"success","hCode":33056765,"class":"org.openqa.selenium.remote.Response"}
RESULT: {"status":0,"sessionId":"155b502d359e472fa29366f2cc3656d6","value":[],"state":"success","hCode":14400666,"class":"org.openqa.selenium.remote.Response"}
COMMAND: POST https://ondemand.saucelabs.com:443/wd/hub/session/155b502d359e472fa29366f2cc3656d6/elements - {"using":"css selector","value":"navigation"}
COMMAND: POST https://ondemand.saucelabs.com:443/wd/hub/session/155b502d359e472fa29366f2cc3656d6/elements - {"using":"css selector","value":"workspace-editor"}
RESULT: {"status":0,"sessionId":"155b502d359e472fa29366f2cc3656d6","value":[],"state":"success","hCode":29443153,"class":"org.openqa.selenium.remote.Response"}
COMMAND: POST https://ondemand.saucelabs.com:443/wd/hub/session/155b502d359e472fa29366f2cc3656d6/elements - {"using":"css selector","value":"navigation"}
RESULT: {"status":0,"sessionId":"155b502d359e472fa29366f2cc3656d6","value":[],"state":"success","hCode":28718512,"class":"org.openqa.selenium.remote.Response"}
RESULT: {"status":0,"sessionId":"155b502d359e472fa29366f2cc3656d6","value":[],"state":"success","hCode":7303818,"class":"org.openqa.selenium.remote.Response"}
RESULT: {"status":0,"sessionId":"155b502d359e472fa29366f2cc3656d6","value":[],"state":"success","hCode":22508504,"class":"org.openqa.selenium.remote.Response"}
COMMAND: POST https://ondemand.saucelabs.com:443/wd/hub/session/155b502d359e472fa29366f2cc3656d6/elements - {"using":"css selector","value":"navigation"}
COMMAND: POST https://ondemand.saucelabs.com:443/wd/hub/session/155b502d359e472fa29366f2cc3656d6/elements - {"using":"css selector","value":"workspace-editor"}
COMMAND: POST https://ondemand.saucelabs.com:443/wd/hub/session/155b502d359e472fa29366f2cc3656d6/elements - {"using":"css selector","value":"navigation"}
RESULT: {"status":0,"sessionId":"155b502d359e472fa29366f2cc3656d6","value":[],"state":"success","hCode":31259236,"class":"org.openqa.selenium.remote.Response"}
RESULT: {"status":0,"sessionId":"155b502d359e472fa29366f2cc3656d6","value":[],"state":"success","hCode":1366582,"class":"org.openqa.selenium.remote.Response"}
RESULT: {"status":0,"sessionId":"155b502d359e472fa29366f2cc3656d6","value":[],"state":"success","hCode":31043656,"class":"org.openqa.selenium.remote.Response"}
COMMAND: POST https://ondemand.saucelabs.com:443/wd/hub/session/155b502d359e472fa29366f2cc3656d6/elements - {"using":"css selector","value":"navigation"}
COMMAND: POST https://ondemand.saucelabs.com:443/wd/hub/session/155b502d359e472fa29366f2cc3656d6/elements - {"using":"css selector","value":"navigation"}
COMMAND: POST https://ondemand.saucelabs.com:443/wd/hub/session/155b502d359e472fa29366f2cc3656d6/elements - {"using":"css selector","value":"workspace-editor"}
RESULT: {"status":0,"sessionId":"155b502d359e472fa29366f2cc3656d6","value":[],"state":"success","hCode":29144505,"class":"org.openqa.selenium.remote.Response"}
RESULT: {"status":0,"sessionId":"155b502d359e472fa29366f2cc3656d6","value":[],"state":"success","hCode":17597359,"class":"org.openqa.selenium.remote.Response"}
RESULT: {"status":0,"sessionId":"155b502d359e472fa29366f2cc3656d6","value":[],"state":"success","hCode":32523101,"class":"org.openqa.selenium.remote.Response"}
COMMAND: POST https://ondemand.saucelabs.com:443/wd/hub/session/155b502d359e472fa29366f2cc3656d6/elements - {"using":"css selector","value":"workspace-editor"}
COMMAND: POST https://ondemand.saucelabs.com:443/wd/hub/session/155b502d359e472fa29366f2cc3656d6/elements - {"using":"css selector","value":"navigation"}
COMMAND: POST https://ondemand.saucelabs.com:443/wd/hub/session/155b502d359e472fa29366f2cc3656d6/elements - {"using":"css selector","value":"navigation"}
RESULT: {"status":0,"sessionId":"155b502d359e472fa29366f2cc3656d6","value":[],"state":"success","hCode":10618710,"class":"org.openqa.selenium.remote.Response"}
COMMAND: POST https://ondemand.saucelabs.com:443/wd/hub/session/155b502d359e472fa29366f2cc3656d6/elements - {"using":"css selector","value":"workspace-editor"}
RESULT: {"status":0,"sessionId":"155b502d359e472fa29366f2cc3656d6","value":[],"state":"success","hCode":6976988,"class":"org.openqa.selenium.remote.Response"}
COMMAND: POST https://ondemand.saucelabs.com:443/wd/hub/session/155b502d359e472fa29366f2cc3656d6/elements - {"using":"css selector","value":"navigation"}
RESULT: {"status":0,"sessionId":"155b502d359e472fa29366f2cc3656d6","value":[],"state":"success","hCode":29225958,"class":"org.openqa.selenium.remote.Response"}
COMMAND: POST https://ondemand.saucelabs.com:443/wd/hub/session/155b502d359e472fa29366f2cc3656d6/elements - {"using":"css selector","value":"navigation"}
RESULT: {"status":0,"sessionId":"155b502d359e472fa29366f2cc3656d6","value":[],"state":"success","hCode":22482840,"class":"org.openqa.selenium.remote.Response"}
RESULT: {"status":0,"sessionId":"155b502d359e472fa29366f2cc3656d6","value":[],"state":"success","hCode":2390802,"class":"org.openqa.selenium.remote.Response"}
RESULT: {"status":0,"sessionId":"155b502d359e472fa29366f2cc3656d6","value":[],"state":"success","hCode":14301805,"class":"org.openqa.selenium.remote.Response"}
COMMAND: POST https://ondemand.saucelabs.com:443/wd/hub/session/155b502d359e472fa29366f2cc3656d6/elements - {"using":"css selector","value":"navigation"}
RESULT: {"status":0,"sessionId":"155b502d359e472fa29366f2cc3656d6","value":[],"state":"success","hCode":11840297,"class":"org.openqa.selenium.remote.Response"}
COMMAND: POST https://ondemand.saucelabs.com:443/wd/hub/session/155b502d359e472fa29366f2cc3656d6/elements - {"using":"css selector","value":"navigation"}
RESULT: {"status":0,"sessionId":"155b502d359e472fa29366f2cc3656d6","value":[],"state":"success","hCode":1659552,"class":"org.openqa.selenium.remote.Response"}
COMMAND: POST https://ondemand.saucelabs.com:443/wd/hub/session/155b502d359e472fa29366f2cc3656d6/elements - {"using":"css selector","value":"navigation"}
RESULT: {"status":0,"sessionId":"155b502d359e472fa29366f2cc3656d6","value":[],"state":"success","hCode":28344115,"class":"org.openqa.selenium.remote.Response"}
COMMAND: POST https://ondemand.saucelabs.com:443/wd/hub/session/155b502d359e472fa29366f2cc3656d6/elements - {"using":"css selector","value":"navigation"}
RESULT: {"status":0,"sessionId":"155b502d359e472fa29366f2cc3656d6","value":[],"state":"success","hCode":4563304,"class":"org.openqa.selenium.remote.Response"}
COMMAND: POST https://ondemand.saucelabs.com:443/wd/hub/session/155b502d359e472fa29366f2cc3656d6/elements - {"using":"css selector","value":"navigation"}
RESULT: {"status":0,"sessionId":"155b502d359e472fa29366f2cc3656d6","value":[],"state":"success","hCode":9118476,"class":"org.openqa.selenium.remote.Response"}
COMMAND: POST https://ondemand.saucelabs.com:443/wd/hub/session/155b502d359e472fa29366f2cc3656d6/elements - {"using":"css selector","value":"navigation"}
RESULT: {"status":0,"sessionId":"155b502d359e472fa29366f2cc3656d6","value":[],"state":"success","hCode":10722438,"class":"org.openqa.selenium.remote.Response"}
COMMAND: POST https://ondemand.saucelabs.com:443/wd/hub/session/155b502d359e472fa29366f2cc3656d6/elements - {"using":"css selector","value":"navigation"}
RESULT: {"status":0,"sessionId":"155b502d359e472fa29366f2cc3656d6","value":[],"state":"success","hCode":7809783,"class":"org.openqa.selenium.remote.Response"}
COMMAND: POST https://ondemand.saucelabs.com:443/wd/hub/session/155b502d359e472fa29366f2cc3656d6/elements - {"using":"css selector","value":"navigation"}
RESULT: {"status":0,"sessionId":"155b502d359e472fa29366f2cc3656d6","value":[],"state":"success","hCode":8595101,"class":"org.openqa.selenium.remote.Response"}
COMMAND: POST https://ondemand.saucelabs.com:443/wd/hub/session/155b502d359e472fa29366f2cc3656d6/elements - {"using":"css selector","value":"navigation"}
RESULT: {"status":0,"sessionId":"155b502d359e472fa29366f2cc3656d6","value":[],"state":"success","hCode":25169500,"class":"org.openqa.selenium.remote.Response"}
COMMAND: DELETE https://ondemand.saucelabs.com:443/wd/hub/session/155b502d359e472fa29366f2cc3656d6 - {}
RESULT: {"status":0,"sessionId":"155b502d359e472fa29366f2cc3656d6","value":""}
]]>
      </system-out>
      <system-err>
        <![CDATA[
Error: element ("navigation") still not visible after 300000ms
    at elements("navigation") - isVisible.js:54:17
    at isVisible("navigation") - waitForVisible.js:73:22
]]>
      </system-err>
    </testcase>
  </testsuite>
</testsuites>