<?xml version="1.0" encoding="UTF-8"?>
<testsuites>
  <testsuite name="workspaces_and_components" timestamp="2017-10-13T04:25:54" time="18.692" tests="11" failures="0" errors="0" skipped="0">
    <properties>
      <property name="specId" value="3278757ebbdb26a58c2660f1458f2ba2"/>
      <property name="suiteName" value="workspaces and components "/>
      <property name="capabilities" value="chrome"/>
      <property name="file" value="./test/e2e/test_fonctionels/workspaceAndComponent.js"/>
    </properties>
    <testcase classname="chrome.workspaces_and_components" name="connexion" time="3.932">
      <system-out>
        <![CDATA[
COMMAND: POST http://127.0.0.1:9515/session/3ef4fc36cb644831c4349d05a6127a72/url - {"url":"http://localhost:8080/auth/login.html"}
RESULT: {"sessionId":"3ef4fc36cb644831c4349d05a6127a72","status":0,"value":null}
COMMAND: POST http://127.0.0.1:9515/session/3ef4fc36cb644831c4349d05a6127a72/elements - {"using":"id","value":"email"}
RESULT: {"sessionId":"3ef4fc36cb644831c4349d05a6127a72","status":0,"value":[]}
COMMAND: POST http://127.0.0.1:9515/session/3ef4fc36cb644831c4349d05a6127a72/elements - {"using":"id","value":"email"}
RESULT: {"sessionId":"3ef4fc36cb644831c4349d05a6127a72","status":0,"value":[{"ELEMENT":"0.05743499758449455-1"}]}
COMMAND: GET http://127.0.0.1:9515/session/3ef4fc36cb644831c4349d05a6127a72/element/0.05743499758449455-1/displayed - {}
RESULT: {"sessionId":"3ef4fc36cb644831c4349d05a6127a72","status":0,"value":true}
COMMAND: POST http://127.0.0.1:9515/session/3ef4fc36cb644831c4349d05a6127a72/elements - {"using":"id","value":"email"}
RESULT: {"sessionId":"3ef4fc36cb644831c4349d05a6127a72","status":0,"value":[{"ELEMENT":"0.05743499758449455-1"}]}
COMMAND: POST http://127.0.0.1:9515/session/3ef4fc36cb644831c4349d05a6127a72/element/0.05743499758449455-1/clear - {}
RESULT: {"sessionId":"3ef4fc36cb644831c4349d05a6127a72","status":0,"value":null}
COMMAND: POST http://127.0.0.1:9515/session/3ef4fc36cb644831c4349d05a6127a72/element/0.05743499758449455-1/value - {"value":["a","l","e","x","f","o","o","t","3","2","(10 more items)"],"text":"alexfoot32@orange.fr"}
RESULT: {"sessionId":"3ef4fc36cb644831c4349d05a6127a72","status":0,"value":null}
COMMAND: POST http://127.0.0.1:9515/session/3ef4fc36cb644831c4349d05a6127a72/elements - {"using":"id","value":"password"}
RESULT: {"sessionId":"3ef4fc36cb644831c4349d05a6127a72","status":0,"value":[{"ELEMENT":"0.05743499758449455-2"}]}
COMMAND: POST http://127.0.0.1:9515/session/3ef4fc36cb644831c4349d05a6127a72/element/0.05743499758449455-2/clear - {}
RESULT: {"sessionId":"3ef4fc36cb644831c4349d05a6127a72","status":0,"value":null}
COMMAND: POST http://127.0.0.1:9515/session/3ef4fc36cb644831c4349d05a6127a72/element/0.05743499758449455-2/value - {"value":["a","z","e","r","t","y"],"text":"azerty"}
RESULT: {"sessionId":"3ef4fc36cb644831c4349d05a6127a72","status":0,"value":null}
COMMAND: POST http://127.0.0.1:9515/session/3ef4fc36cb644831c4349d05a6127a72/element - {"using":"id","value":"btn2"}
RESULT: {"sessionId":"3ef4fc36cb644831c4349d05a6127a72","status":0,"value":{"ELEMENT":"0.05743499758449455-3"}}
COMMAND: POST http://127.0.0.1:9515/session/3ef4fc36cb644831c4349d05a6127a72/element/0.05743499758449455-3/click - {}
RESULT: {"sessionId":"3ef4fc36cb644831c4349d05a6127a72","status":0,"value":null}
COMMAND: POST http://127.0.0.1:9515/session/3ef4fc36cb644831c4349d05a6127a72/elements - {"using":"css selector","value":"navigation"}
RESULT: {"sessionId":"3ef4fc36cb644831c4349d05a6127a72","status":0,"value":[]}
COMMAND: POST http://127.0.0.1:9515/session/3ef4fc36cb644831c4349d05a6127a72/elements - {"using":"css selector","value":"navigation"}
RESULT: {"sessionId":"3ef4fc36cb644831c4349d05a6127a72","status":0,"value":[]}
COMMAND: POST http://127.0.0.1:9515/session/3ef4fc36cb644831c4349d05a6127a72/elements - {"using":"css selector","value":"navigation"}
RESULT: {"sessionId":"3ef4fc36cb644831c4349d05a6127a72","status":0,"value":[{"ELEMENT":"0.8914744166543405-1"}]}
COMMAND: GET http://127.0.0.1:9515/session/3ef4fc36cb644831c4349d05a6127a72/element/0.8914744166543405-1/displayed - {}
RESULT: {"sessionId":"3ef4fc36cb644831c4349d05a6127a72","status":0,"value":false}
COMMAND: POST http://127.0.0.1:9515/session/3ef4fc36cb644831c4349d05a6127a72/elements - {"using":"css selector","value":"navigation"}
RESULT: {"sessionId":"3ef4fc36cb644831c4349d05a6127a72","status":0,"value":[{"ELEMENT":"0.8914744166543405-1"}]}
COMMAND: GET http://127.0.0.1:9515/session/3ef4fc36cb644831c4349d05a6127a72/element/0.8914744166543405-1/displayed - {}
RESULT: {"sessionId":"3ef4fc36cb644831c4349d05a6127a72","status":0,"value":false}
COMMAND: POST http://127.0.0.1:9515/session/3ef4fc36cb644831c4349d05a6127a72/elements - {"using":"css selector","value":"navigation"}
RESULT: {"sessionId":"3ef4fc36cb644831c4349d05a6127a72","status":0,"value":[{"ELEMENT":"0.8914744166543405-1"}]}
COMMAND: GET http://127.0.0.1:9515/session/3ef4fc36cb644831c4349d05a6127a72/element/0.8914744166543405-1/displayed - {}
RESULT: {"sessionId":"3ef4fc36cb644831c4349d05a6127a72","status":0,"value":true}
]]>
      </system-out>
    </testcase>
    <testcase classname="chrome.workspaces_and_components" name="workspace_add" time="0.613">
      <system-out>
        <![CDATA[
COMMAND: POST http://127.0.0.1:9515/session/3ef4fc36cb644831c4349d05a6127a72/element - {"using":"id","value":"workspaceSelector"}
RESULT: {"sessionId":"3ef4fc36cb644831c4349d05a6127a72","status":0,"value":{"ELEMENT":"0.8914744166543405-2"}}
COMMAND: POST http://127.0.0.1:9515/session/3ef4fc36cb644831c4349d05a6127a72/element/0.8914744166543405-2/click - {}
RESULT: {"sessionId":"3ef4fc36cb644831c4349d05a6127a72","status":0,"value":null}
COMMAND: POST http://127.0.0.1:9515/session/3ef4fc36cb644831c4349d05a6127a72/elements - {"using":"css selector","value":".test-addRow"}
RESULT: {"sessionId":"3ef4fc36cb644831c4349d05a6127a72","status":0,"value":[{"ELEMENT":"0.8914744166543405-3"}]}
COMMAND: GET http://127.0.0.1:9515/session/3ef4fc36cb644831c4349d05a6127a72/element/0.8914744166543405-3/displayed - {}
RESULT: {"sessionId":"3ef4fc36cb644831c4349d05a6127a72","status":0,"value":true}
COMMAND: POST http://127.0.0.1:9515/session/3ef4fc36cb644831c4349d05a6127a72/element - {"using":"css selector","value":".test-addRow"}
RESULT: {"sessionId":"3ef4fc36cb644831c4349d05a6127a72","status":0,"value":{"ELEMENT":"0.8914744166543405-3"}}
COMMAND: POST http://127.0.0.1:9515/session/3ef4fc36cb644831c4349d05a6127a72/element/0.8914744166543405-3/click - {}
RESULT: {"sessionId":"3ef4fc36cb644831c4349d05a6127a72","status":0,"value":null}
COMMAND: POST http://127.0.0.1:9515/session/3ef4fc36cb644831c4349d05a6127a72/elements - {"using":"css selector","value":"workspace-editor"}
RESULT: {"sessionId":"3ef4fc36cb644831c4349d05a6127a72","status":0,"value":[{"ELEMENT":"0.8914744166543405-4"}]}
COMMAND: GET http://127.0.0.1:9515/session/3ef4fc36cb644831c4349d05a6127a72/element/0.8914744166543405-4/displayed - {}
RESULT: {"sessionId":"3ef4fc36cb644831c4349d05a6127a72","status":0,"value":true}
COMMAND: POST http://127.0.0.1:9515/session/3ef4fc36cb644831c4349d05a6127a72/elements - {"using":"id","value":"workspaceNameInput"}
RESULT: {"sessionId":"3ef4fc36cb644831c4349d05a6127a72","status":0,"value":[{"ELEMENT":"0.8914744166543405-5"}]}
COMMAND: GET http://127.0.0.1:9515/session/3ef4fc36cb644831c4349d05a6127a72/element/0.8914744166543405-5/displayed - {}
RESULT: {"sessionId":"3ef4fc36cb644831c4349d05a6127a72","status":0,"value":true}
]]>
      </system-out>
    </testcase>
    <testcase classname="chrome.workspaces_and_components" name="workspace_set_information_and_save" time="2.187">
      <system-out>
        <![CDATA[
COMMAND: POST http://127.0.0.1:9515/session/3ef4fc36cb644831c4349d05a6127a72/elements - {"using":"id","value":"workspaceNameInput"}
RESULT: {"sessionId":"3ef4fc36cb644831c4349d05a6127a72","status":0,"value":[{"ELEMENT":"0.8914744166543405-5"}]}
COMMAND: POST http://127.0.0.1:9515/session/3ef4fc36cb644831c4349d05a6127a72/element/0.8914744166543405-5/clear - {}
RESULT: {"sessionId":"3ef4fc36cb644831c4349d05a6127a72","status":0,"value":null}
COMMAND: POST http://127.0.0.1:9515/session/3ef4fc36cb644831c4349d05a6127a72/element/0.8914744166543405-5/value - {"value":["w","o","r","k","s","p","a","c","e"," ","(7 more items)"],"text":"workspace de test"}
RESULT: {"sessionId":"3ef4fc36cb644831c4349d05a6127a72","status":0,"value":null}
COMMAND: POST http://127.0.0.1:9515/session/3ef4fc36cb644831c4349d05a6127a72/elements - {"using":"id","value":"workspaceDescriptionInput"}
RESULT: {"sessionId":"3ef4fc36cb644831c4349d05a6127a72","status":0,"value":[{"ELEMENT":"0.8914744166543405-6"}]}
COMMAND: POST http://127.0.0.1:9515/session/3ef4fc36cb644831c4349d05a6127a72/element/0.8914744166543405-6/clear - {}
RESULT: {"sessionId":"3ef4fc36cb644831c4349d05a6127a72","status":0,"value":null}
COMMAND: POST http://127.0.0.1:9515/session/3ef4fc36cb644831c4349d05a6127a72/element/0.8914744166543405-6/value - {"value":["d","e","s","c","r","i","p","t","i","o","(22 more items)"],"text":"description du workspace de test"}
RESULT: {"sessionId":"3ef4fc36cb644831c4349d05a6127a72","status":0,"value":null}
COMMAND: POST http://127.0.0.1:9515/session/3ef4fc36cb644831c4349d05a6127a72/element - {"using":"id","value":"save"}
RESULT: {"sessionId":"3ef4fc36cb644831c4349d05a6127a72","status":0,"value":{"ELEMENT":"0.8914744166543405-7"}}
COMMAND: POST http://127.0.0.1:9515/session/3ef4fc36cb644831c4349d05a6127a72/element/0.8914744166543405-7/click - {}
RESULT: {"sessionId":"3ef4fc36cb644831c4349d05a6127a72","status":0,"value":null}
COMMAND: POST http://127.0.0.1:9515/session/3ef4fc36cb644831c4349d05a6127a72/elements - {"using":"css selector","value":"workspace-editor"}
RESULT: {"sessionId":"3ef4fc36cb644831c4349d05a6127a72","status":0,"value":[{"ELEMENT":"0.8914744166543405-4"}]}
COMMAND: GET http://127.0.0.1:9515/session/3ef4fc36cb644831c4349d05a6127a72/element/0.8914744166543405-4/attribute/data-id - {}
RESULT: {"sessionId":"3ef4fc36cb644831c4349d05a6127a72","status":0,"value":null}
COMMAND: POST http://127.0.0.1:9515/session/3ef4fc36cb644831c4349d05a6127a72/elements - {"using":"css selector","value":"workspace-editor"}
RESULT: {"sessionId":"3ef4fc36cb644831c4349d05a6127a72","status":0,"value":[{"ELEMENT":"0.8914744166543405-4"}]}
COMMAND: GET http://127.0.0.1:9515/session/3ef4fc36cb644831c4349d05a6127a72/element/0.8914744166543405-4/attribute/data-id - {}
RESULT: {"sessionId":"3ef4fc36cb644831c4349d05a6127a72","status":0,"value":"59e0243849c62a0cd6488aab"}
COMMAND: POST http://127.0.0.1:9515/session/3ef4fc36cb644831c4349d05a6127a72/elements - {"using":"css selector","value":"workspace-editor"}
RESULT: {"sessionId":"3ef4fc36cb644831c4349d05a6127a72","status":0,"value":[{"ELEMENT":"0.8914744166543405-4"}]}
COMMAND: GET http://127.0.0.1:9515/session/3ef4fc36cb644831c4349d05a6127a72/element/0.8914744166543405-4/attribute/data-id - {}
RESULT: {"sessionId":"3ef4fc36cb644831c4349d05a6127a72","status":0,"value":"59e0243849c62a0cd6488aab"}
]]>
      </system-out>
    </testcase>
    <testcase classname="chrome.workspaces_and_components" name="check_new_workspace_in_my_workspaces" time="1.163">
      <system-out>
        <![CDATA[
COMMAND: POST http://127.0.0.1:9515/session/3ef4fc36cb644831c4349d05a6127a72/element - {"using":"id","value":"workspaceSelector"}
RESULT: {"sessionId":"3ef4fc36cb644831c4349d05a6127a72","status":0,"value":{"ELEMENT":"0.8914744166543405-2"}}
COMMAND: POST http://127.0.0.1:9515/session/3ef4fc36cb644831c4349d05a6127a72/element/0.8914744166543405-2/click - {}
RESULT: {"sessionId":"3ef4fc36cb644831c4349d05a6127a72","status":0,"value":null}
COMMAND: POST http://127.0.0.1:9515/session/3ef4fc36cb644831c4349d05a6127a72/elements - {"using":"css selector","value":"workspace-table"}
RESULT: {"sessionId":"3ef4fc36cb644831c4349d05a6127a72","status":0,"value":[{"ELEMENT":"0.8914744166543405-8"}]}
COMMAND: GET http://127.0.0.1:9515/session/3ef4fc36cb644831c4349d05a6127a72/element/0.8914744166543405-8/displayed - {}
RESULT: {"sessionId":"3ef4fc36cb644831c4349d05a6127a72","status":0,"value":true}
COMMAND: POST http://127.0.0.1:9515/session/3ef4fc36cb644831c4349d05a6127a72/elements - {"using":"css selector","value":"div[data-id=\"59e0243849c62a0cd6488aab\"]"}
RESULT: {"sessionId":"3ef4fc36cb644831c4349d05a6127a72","status":0,"value":[]}
COMMAND: POST http://127.0.0.1:9515/session/3ef4fc36cb644831c4349d05a6127a72/elements - {"using":"css selector","value":"div[data-id=\"59e0243849c62a0cd6488aab\"]"}
RESULT: {"sessionId":"3ef4fc36cb644831c4349d05a6127a72","status":0,"value":[]}
COMMAND: POST http://127.0.0.1:9515/session/3ef4fc36cb644831c4349d05a6127a72/elements - {"using":"css selector","value":"div[data-id=\"59e0243849c62a0cd6488aab\"]"}
RESULT: {"sessionId":"3ef4fc36cb644831c4349d05a6127a72","status":0,"value":[{"ELEMENT":"0.8914744166543405-9"}]}
COMMAND: GET http://127.0.0.1:9515/session/3ef4fc36cb644831c4349d05a6127a72/element/0.8914744166543405-9/displayed - {}
RESULT: {"sessionId":"3ef4fc36cb644831c4349d05a6127a72","status":0,"value":true}
]]>
      </system-out>
    </testcase>
    <testcase classname="chrome.workspaces_and_components" name="show_existing_workspace" time="0.738">
      <system-out>
        <![CDATA[
COMMAND: POST http://127.0.0.1:9515/session/3ef4fc36cb644831c4349d05a6127a72/element - {"using":"css selector","value":"div[data-id=\"59e0243849c62a0cd6488aab\"]"}
RESULT: {"sessionId":"3ef4fc36cb644831c4349d05a6127a72","status":0,"value":{"ELEMENT":"0.8914744166543405-9"}}
COMMAND: POST http://127.0.0.1:9515/session/3ef4fc36cb644831c4349d05a6127a72/element/0.8914744166543405-9/element - {"using":"css selector","value":".commandButton"}
RESULT: {"sessionId":"3ef4fc36cb644831c4349d05a6127a72","status":0,"value":{"ELEMENT":"0.8914744166543405-10"}}
COMMAND: POST http://127.0.0.1:9515/session/3ef4fc36cb644831c4349d05a6127a72/element/0.8914744166543405-10/click - {}
RESULT: {"sessionId":"3ef4fc36cb644831c4349d05a6127a72","status":0,"value":null}
COMMAND: POST http://127.0.0.1:9515/session/3ef4fc36cb644831c4349d05a6127a72/elements - {"using":"css selector","value":"workspace-editor"}
RESULT: {"sessionId":"3ef4fc36cb644831c4349d05a6127a72","status":0,"value":[]}
COMMAND: POST http://127.0.0.1:9515/session/3ef4fc36cb644831c4349d05a6127a72/elements - {"using":"css selector","value":"workspace-editor"}
RESULT: {"sessionId":"3ef4fc36cb644831c4349d05a6127a72","status":0,"value":[{"ELEMENT":"0.8914744166543405-11"}]}
COMMAND: GET http://127.0.0.1:9515/session/3ef4fc36cb644831c4349d05a6127a72/element/0.8914744166543405-11/displayed - {}
RESULT: {"sessionId":"3ef4fc36cb644831c4349d05a6127a72","status":0,"value":true}
COMMAND: POST http://127.0.0.1:9515/session/3ef4fc36cb644831c4349d05a6127a72/elements - {"using":"css selector","value":"graph"}
RESULT: {"sessionId":"3ef4fc36cb644831c4349d05a6127a72","status":0,"value":[{"ELEMENT":"0.8914744166543405-12"}]}
COMMAND: GET http://127.0.0.1:9515/session/3ef4fc36cb644831c4349d05a6127a72/element/0.8914744166543405-12/displayed - {}
RESULT: {"sessionId":"3ef4fc36cb644831c4349d05a6127a72","status":0,"value":true}
]]>
      </system-out>
    </testcase>
    <testcase classname="chrome.workspaces_and_components" name="add_a_component" time="1.176">
      <system-out>
        <![CDATA[
COMMAND: POST http://127.0.0.1:9515/session/3ef4fc36cb644831c4349d05a6127a72/elements - {"using":"id","value":"addComponent"}
RESULT: {"sessionId":"3ef4fc36cb644831c4349d05a6127a72","status":0,"value":[{"ELEMENT":"0.8914744166543405-13"}]}
COMMAND: GET http://127.0.0.1:9515/session/3ef4fc36cb644831c4349d05a6127a72/element/0.8914744166543405-13/displayed - {}
RESULT: {"sessionId":"3ef4fc36cb644831c4349d05a6127a72","status":0,"value":true}
COMMAND: POST http://127.0.0.1:9515/session/3ef4fc36cb644831c4349d05a6127a72/element - {"using":"id","value":"addComponent"}
RESULT: {"sessionId":"3ef4fc36cb644831c4349d05a6127a72","status":0,"value":{"ELEMENT":"0.8914744166543405-13"}}
COMMAND: POST http://127.0.0.1:9515/session/3ef4fc36cb644831c4349d05a6127a72/element/0.8914744166543405-13/click - {}
RESULT: {"sessionId":"3ef4fc36cb644831c4349d05a6127a72","status":0,"value":null}
COMMAND: POST http://127.0.0.1:9515/session/3ef4fc36cb644831c4349d05a6127a72/elements - {"using":"css selector","value":"technical-component-table"}
RESULT: {"sessionId":"3ef4fc36cb644831c4349d05a6127a72","status":0,"value":[{"ELEMENT":"0.8914744166543405-14"}]}
COMMAND: GET http://127.0.0.1:9515/session/3ef4fc36cb644831c4349d05a6127a72/element/0.8914744166543405-14/displayed - {}
RESULT: {"sessionId":"3ef4fc36cb644831c4349d05a6127a72","status":0,"value":true}
COMMAND: POST http://127.0.0.1:9515/session/3ef4fc36cb644831c4349d05a6127a72/element - {"using":"xpath","value":"//div[normalize-space() = \"GOOGLE calc Get JSON\"]"}
RESULT: {"sessionId":"3ef4fc36cb644831c4349d05a6127a72","status":0,"value":{"ELEMENT":"0.8914744166543405-15"}}
COMMAND: POST http://127.0.0.1:9515/session/3ef4fc36cb644831c4349d05a6127a72/element/0.8914744166543405-15/click - {}
RESULT: {"sessionId":"3ef4fc36cb644831c4349d05a6127a72","status":0,"value":null}
COMMAND: POST http://127.0.0.1:9515/session/3ef4fc36cb644831c4349d05a6127a72/element - {"using":"id","value":"addComponent"}
RESULT: {"sessionId":"3ef4fc36cb644831c4349d05a6127a72","status":0,"value":{"ELEMENT":"0.8914744166543405-16"}}
COMMAND: POST http://127.0.0.1:9515/session/3ef4fc36cb644831c4349d05a6127a72/element/0.8914744166543405-16/click - {}
RESULT: {"sessionId":"3ef4fc36cb644831c4349d05a6127a72","status":0,"value":null}
COMMAND: POST http://127.0.0.1:9515/session/3ef4fc36cb644831c4349d05a6127a72/elements - {"using":"id","value":"containerloaderDiv"}
RESULT: {"sessionId":"3ef4fc36cb644831c4349d05a6127a72","status":0,"value":[{"ELEMENT":"0.8914744166543405-17"},{"ELEMENT":"0.8914744166543405-18"}]}
COMMAND: GET http://127.0.0.1:9515/session/3ef4fc36cb644831c4349d05a6127a72/element/0.8914744166543405-17/displayed - {}
COMMAND: GET http://127.0.0.1:9515/session/3ef4fc36cb644831c4349d05a6127a72/element/0.8914744166543405-18/displayed - {}
RESULT: {"sessionId":"3ef4fc36cb644831c4349d05a6127a72","status":0,"value":false}
RESULT: {"sessionId":"3ef4fc36cb644831c4349d05a6127a72","status":0,"value":true}
COMMAND: POST http://127.0.0.1:9515/session/3ef4fc36cb644831c4349d05a6127a72/elements - {"using":"id","value":"containerloaderDiv"}
RESULT: {"sessionId":"3ef4fc36cb644831c4349d05a6127a72","status":0,"value":[{"ELEMENT":"0.8914744166543405-17"},{"ELEMENT":"0.8914744166543405-18"}]}
COMMAND: GET http://127.0.0.1:9515/session/3ef4fc36cb644831c4349d05a6127a72/element/0.8914744166543405-17/displayed - {}
COMMAND: GET http://127.0.0.1:9515/session/3ef4fc36cb644831c4349d05a6127a72/element/0.8914744166543405-18/displayed - {}
RESULT: {"sessionId":"3ef4fc36cb644831c4349d05a6127a72","status":0,"value":false}
RESULT: {"message":"stale element reference: element is not attached to the page document","type":"RuntimeError","seleniumStack":{"status":10,"type":"StaleElementReference","message":"An element command failed because the referenced element is no longer attached to the DOM.","orgStatusMessage":"stale element reference: element is not attached to the page document\n  (Session info: chrome=61.0.3163.100)\n  (Driver info: chromedriver=2.32.498513 (2c63aa53b2c658de596ed550eb5267ec5967b351),platform=Linux 4.10.0-37-generic x86_64)"}}
COMMAND: POST http://127.0.0.1:9515/session/3ef4fc36cb644831c4349d05a6127a72/elements - {"using":"id","value":"containerloaderDiv"}
RESULT: {"sessionId":"3ef4fc36cb644831c4349d05a6127a72","status":0,"value":[{"ELEMENT":"0.8914744166543405-17"}]}
COMMAND: GET http://127.0.0.1:9515/session/3ef4fc36cb644831c4349d05a6127a72/element/0.8914744166543405-17/displayed - {}
RESULT: {"sessionId":"3ef4fc36cb644831c4349d05a6127a72","status":0,"value":false}
COMMAND: POST http://127.0.0.1:9515/session/3ef4fc36cb644831c4349d05a6127a72/elements - {"using":"css selector","value":"graph"}
RESULT: {"sessionId":"3ef4fc36cb644831c4349d05a6127a72","status":0,"value":[{"ELEMENT":"0.8914744166543405-19"}]}
COMMAND: GET http://127.0.0.1:9515/session/3ef4fc36cb644831c4349d05a6127a72/element/0.8914744166543405-19/displayed - {}
RESULT: {"sessionId":"3ef4fc36cb644831c4349d05a6127a72","status":0,"value":true}
]]>
      </system-out>
    </testcase>
    <testcase classname="chrome.workspaces_and_components" name="add_a_second_component" time="1.443">
      <system-out>
        <![CDATA[
COMMAND: POST http://127.0.0.1:9515/session/3ef4fc36cb644831c4349d05a6127a72/elements - {"using":"id","value":"addComponent"}
RESULT: {"sessionId":"3ef4fc36cb644831c4349d05a6127a72","status":0,"value":[{"ELEMENT":"0.8914744166543405-20"}]}
COMMAND: GET http://127.0.0.1:9515/session/3ef4fc36cb644831c4349d05a6127a72/element/0.8914744166543405-20/displayed - {}
RESULT: {"sessionId":"3ef4fc36cb644831c4349d05a6127a72","status":0,"value":true}
COMMAND: POST http://127.0.0.1:9515/session/3ef4fc36cb644831c4349d05a6127a72/element - {"using":"id","value":"addComponent"}
RESULT: {"sessionId":"3ef4fc36cb644831c4349d05a6127a72","status":0,"value":{"ELEMENT":"0.8914744166543405-20"}}
COMMAND: POST http://127.0.0.1:9515/session/3ef4fc36cb644831c4349d05a6127a72/element/0.8914744166543405-20/click - {}
RESULT: {"sessionId":"3ef4fc36cb644831c4349d05a6127a72","status":0,"value":null}
COMMAND: POST http://127.0.0.1:9515/session/3ef4fc36cb644831c4349d05a6127a72/elements - {"using":"css selector","value":"technical-component-table"}
RESULT: {"sessionId":"3ef4fc36cb644831c4349d05a6127a72","status":0,"value":[{"ELEMENT":"0.8914744166543405-21"}]}
COMMAND: GET http://127.0.0.1:9515/session/3ef4fc36cb644831c4349d05a6127a72/element/0.8914744166543405-21/displayed - {}
RESULT: {"sessionId":"3ef4fc36cb644831c4349d05a6127a72","status":0,"value":true}
COMMAND: POST http://127.0.0.1:9515/session/3ef4fc36cb644831c4349d05a6127a72/element - {"using":"xpath","value":"//div[normalize-space() = \"Object Transformer\"]"}
RESULT: {"sessionId":"3ef4fc36cb644831c4349d05a6127a72","status":0,"value":{"ELEMENT":"0.8914744166543405-22"}}
COMMAND: POST http://127.0.0.1:9515/session/3ef4fc36cb644831c4349d05a6127a72/element/0.8914744166543405-22/click - {}
RESULT: {"sessionId":"3ef4fc36cb644831c4349d05a6127a72","status":0,"value":null}
COMMAND: POST http://127.0.0.1:9515/session/3ef4fc36cb644831c4349d05a6127a72/element - {"using":"id","value":"addComponent"}
RESULT: {"sessionId":"3ef4fc36cb644831c4349d05a6127a72","status":0,"value":{"ELEMENT":"0.8914744166543405-23"}}
COMMAND: POST http://127.0.0.1:9515/session/3ef4fc36cb644831c4349d05a6127a72/element/0.8914744166543405-23/click - {}
RESULT: {"sessionId":"3ef4fc36cb644831c4349d05a6127a72","status":0,"value":null}
COMMAND: POST http://127.0.0.1:9515/session/3ef4fc36cb644831c4349d05a6127a72/elements - {"using":"id","value":"containerloaderDiv"}
RESULT: {"sessionId":"3ef4fc36cb644831c4349d05a6127a72","status":0,"value":[{"ELEMENT":"0.8914744166543405-17"},{"ELEMENT":"0.8914744166543405-24"}]}
COMMAND: GET http://127.0.0.1:9515/session/3ef4fc36cb644831c4349d05a6127a72/element/0.8914744166543405-17/displayed - {}
COMMAND: GET http://127.0.0.1:9515/session/3ef4fc36cb644831c4349d05a6127a72/element/0.8914744166543405-24/displayed - {}
RESULT: {"sessionId":"3ef4fc36cb644831c4349d05a6127a72","status":0,"value":false}
RESULT: {"sessionId":"3ef4fc36cb644831c4349d05a6127a72","status":0,"value":true}
COMMAND: POST http://127.0.0.1:9515/session/3ef4fc36cb644831c4349d05a6127a72/elements - {"using":"id","value":"containerloaderDiv"}
RESULT: {"sessionId":"3ef4fc36cb644831c4349d05a6127a72","status":0,"value":[{"ELEMENT":"0.8914744166543405-17"},{"ELEMENT":"0.8914744166543405-24"}]}
COMMAND: GET http://127.0.0.1:9515/session/3ef4fc36cb644831c4349d05a6127a72/element/0.8914744166543405-17/displayed - {}
COMMAND: GET http://127.0.0.1:9515/session/3ef4fc36cb644831c4349d05a6127a72/element/0.8914744166543405-24/displayed - {}
RESULT: {"sessionId":"3ef4fc36cb644831c4349d05a6127a72","status":0,"value":false}
RESULT: {"sessionId":"3ef4fc36cb644831c4349d05a6127a72","status":0,"value":true}
COMMAND: POST http://127.0.0.1:9515/session/3ef4fc36cb644831c4349d05a6127a72/elements - {"using":"id","value":"containerloaderDiv"}
RESULT: {"sessionId":"3ef4fc36cb644831c4349d05a6127a72","status":0,"value":[{"ELEMENT":"0.8914744166543405-17"}]}
COMMAND: GET http://127.0.0.1:9515/session/3ef4fc36cb644831c4349d05a6127a72/element/0.8914744166543405-17/displayed - {}
RESULT: {"sessionId":"3ef4fc36cb644831c4349d05a6127a72","status":0,"value":false}
COMMAND: POST http://127.0.0.1:9515/session/3ef4fc36cb644831c4349d05a6127a72/elements - {"using":"css selector","value":"graph"}
RESULT: {"sessionId":"3ef4fc36cb644831c4349d05a6127a72","status":0,"value":[{"ELEMENT":"0.8914744166543405-25"}]}
COMMAND: GET http://127.0.0.1:9515/session/3ef4fc36cb644831c4349d05a6127a72/element/0.8914744166543405-25/displayed - {}
RESULT: {"sessionId":"3ef4fc36cb644831c4349d05a6127a72","status":0,"value":true}
]]>
      </system-out>
    </testcase>
    <testcase classname="chrome.workspaces_and_components" name="edit_first_component" time="2.069">
      <system-out>
        <![CDATA[
COMMAND: POST http://127.0.0.1:9515/session/3ef4fc36cb644831c4349d05a6127a72/elements - {"using":"css selector","value":"graph image"}
RESULT: {"sessionId":"3ef4fc36cb644831c4349d05a6127a72","status":0,"value":[{"ELEMENT":"0.8914744166543405-26"},{"ELEMENT":"0.8914744166543405-27"}]}
COMMAND: POST http://127.0.0.1:9515/session/3ef4fc36cb644831c4349d05a6127a72/element/0.8914744166543405-26/click - {}
RESULT: {"sessionId":"3ef4fc36cb644831c4349d05a6127a72","status":0,"value":null}
COMMAND: POST http://127.0.0.1:9515/session/3ef4fc36cb644831c4349d05a6127a72/element - {"using":"id","value":"editButton"}
RESULT: {"sessionId":"3ef4fc36cb644831c4349d05a6127a72","status":0,"value":{"ELEMENT":"0.8914744166543405-28"}}
COMMAND: POST http://127.0.0.1:9515/session/3ef4fc36cb644831c4349d05a6127a72/element/0.8914744166543405-28/click - {}
RESULT: {"sessionId":"3ef4fc36cb644831c4349d05a6127a72","status":0,"value":null}
COMMAND: POST http://127.0.0.1:9515/session/3ef4fc36cb644831c4349d05a6127a72/elements - {"using":"css selector","value":"workspace-component-editor"}
RESULT: {"sessionId":"3ef4fc36cb644831c4349d05a6127a72","status":0,"value":[{"ELEMENT":"0.8914744166543405-29"}]}
COMMAND: GET http://127.0.0.1:9515/session/3ef4fc36cb644831c4349d05a6127a72/element/0.8914744166543405-29/displayed - {}
RESULT: {"sessionId":"3ef4fc36cb644831c4349d05a6127a72","status":0,"value":true}
COMMAND: POST http://127.0.0.1:9515/session/3ef4fc36cb644831c4349d05a6127a72/elements - {"using":"id","value":"keyInput"}
RESULT: {"sessionId":"3ef4fc36cb644831c4349d05a6127a72","status":0,"value":[{"ELEMENT":"0.8914744166543405-30"}]}
COMMAND: POST http://127.0.0.1:9515/session/3ef4fc36cb644831c4349d05a6127a72/element/0.8914744166543405-30/clear - {}
RESULT: {"sessionId":"3ef4fc36cb644831c4349d05a6127a72","status":0,"value":null}
COMMAND: POST http://127.0.0.1:9515/session/3ef4fc36cb644831c4349d05a6127a72/element/0.8914744166543405-30/value - {"value":["1","v","-","j","N","V","i","O","m","8","(45 more items)"],"text":"1v-jNViOm8dEnCPYErX-TkbpMSroTA4TzUePhxSleAYo/edit#gid=0"}
RESULT: {"sessionId":"3ef4fc36cb644831c4349d05a6127a72","status":0,"value":null}
COMMAND: POST http://127.0.0.1:9515/session/3ef4fc36cb644831c4349d05a6127a72/elements - {"using":"id","value":"selectInput"}
RESULT: {"sessionId":"3ef4fc36cb644831c4349d05a6127a72","status":0,"value":[{"ELEMENT":"0.8914744166543405-31"}]}
COMMAND: POST http://127.0.0.1:9515/session/3ef4fc36cb644831c4349d05a6127a72/element/0.8914744166543405-31/clear - {}
RESULT: {"sessionId":"3ef4fc36cb644831c4349d05a6127a72","status":0,"value":null}
COMMAND: POST http://127.0.0.1:9515/session/3ef4fc36cb644831c4349d05a6127a72/element/0.8914744166543405-31/value - {"value":["s","e","l","e","c","t"," ","A",",","B"],"text":"select A,B"}
RESULT: {"sessionId":"3ef4fc36cb644831c4349d05a6127a72","status":0,"value":null}
COMMAND: POST http://127.0.0.1:9515/session/3ef4fc36cb644831c4349d05a6127a72/elements - {"using":"id","value":"offsetInput"}
RESULT: {"sessionId":"3ef4fc36cb644831c4349d05a6127a72","status":0,"value":[{"ELEMENT":"0.8914744166543405-32"}]}
COMMAND: POST http://127.0.0.1:9515/session/3ef4fc36cb644831c4349d05a6127a72/element/0.8914744166543405-32/clear - {}
RESULT: {"sessionId":"3ef4fc36cb644831c4349d05a6127a72","status":0,"value":null}
COMMAND: POST http://127.0.0.1:9515/session/3ef4fc36cb644831c4349d05a6127a72/element/0.8914744166543405-32/value - {"value":["1"],"text":"1"}
RESULT: {"sessionId":"3ef4fc36cb644831c4349d05a6127a72","status":0,"value":null}
COMMAND: POST http://127.0.0.1:9515/session/3ef4fc36cb644831c4349d05a6127a72/elements - {"using":"id","value":"nameComponentInput"}
RESULT: {"sessionId":"3ef4fc36cb644831c4349d05a6127a72","status":0,"value":[{"ELEMENT":"0.8914744166543405-33"}]}
COMMAND: POST http://127.0.0.1:9515/session/3ef4fc36cb644831c4349d05a6127a72/element/0.8914744166543405-33/clear - {}
RESULT: {"sessionId":"3ef4fc36cb644831c4349d05a6127a72","status":0,"value":null}
COMMAND: POST http://127.0.0.1:9515/session/3ef4fc36cb644831c4349d05a6127a72/element/0.8914744166543405-33/value - {"value":["r","e","q","u","e","t","a","g","e"," ","(24 more items)"],"text":"requetage d'un google sheet simple"}
RESULT: {"sessionId":"3ef4fc36cb644831c4349d05a6127a72","status":0,"value":null}
COMMAND: POST http://127.0.0.1:9515/session/3ef4fc36cb644831c4349d05a6127a72/element - {"using":"id","value":"saveButton"}
RESULT: {"sessionId":"3ef4fc36cb644831c4349d05a6127a72","status":0,"value":{"ELEMENT":"0.8914744166543405-34"}}
COMMAND: POST http://127.0.0.1:9515/session/3ef4fc36cb644831c4349d05a6127a72/element/0.8914744166543405-34/click - {}
RESULT: {"sessionId":"3ef4fc36cb644831c4349d05a6127a72","status":0,"value":null}
COMMAND: POST http://127.0.0.1:9515/session/3ef4fc36cb644831c4349d05a6127a72/elements - {"using":"id","value":"containerloaderDiv"}
RESULT: {"sessionId":"3ef4fc36cb644831c4349d05a6127a72","status":0,"value":[{"ELEMENT":"0.8914744166543405-17"},{"ELEMENT":"0.8914744166543405-35"}]}
COMMAND: GET http://127.0.0.1:9515/session/3ef4fc36cb644831c4349d05a6127a72/element/0.8914744166543405-17/displayed - {}
COMMAND: GET http://127.0.0.1:9515/session/3ef4fc36cb644831c4349d05a6127a72/element/0.8914744166543405-35/displayed - {}
RESULT: {"sessionId":"3ef4fc36cb644831c4349d05a6127a72","status":0,"value":false}
RESULT: {"sessionId":"3ef4fc36cb644831c4349d05a6127a72","status":0,"value":true}
COMMAND: POST http://127.0.0.1:9515/session/3ef4fc36cb644831c4349d05a6127a72/elements - {"using":"id","value":"containerloaderDiv"}
RESULT: {"sessionId":"3ef4fc36cb644831c4349d05a6127a72","status":0,"value":[{"ELEMENT":"0.8914744166543405-17"}]}
COMMAND: GET http://127.0.0.1:9515/session/3ef4fc36cb644831c4349d05a6127a72/element/0.8914744166543405-17/displayed - {}
RESULT: {"sessionId":"3ef4fc36cb644831c4349d05a6127a72","status":0,"value":false}
COMMAND: POST http://127.0.0.1:9515/session/3ef4fc36cb644831c4349d05a6127a72/element - {"using":"id","value":"backButton"}
RESULT: {"sessionId":"3ef4fc36cb644831c4349d05a6127a72","status":0,"value":{"ELEMENT":"0.8914744166543405-36"}}
COMMAND: POST http://127.0.0.1:9515/session/3ef4fc36cb644831c4349d05a6127a72/element/0.8914744166543405-36/click - {}
RESULT: {"sessionId":"3ef4fc36cb644831c4349d05a6127a72","status":0,"value":null}
COMMAND: POST http://127.0.0.1:9515/session/3ef4fc36cb644831c4349d05a6127a72/elements - {"using":"css selector","value":"graph"}
RESULT: {"sessionId":"3ef4fc36cb644831c4349d05a6127a72","status":0,"value":[{"ELEMENT":"0.8914744166543405-37"}]}
COMMAND: GET http://127.0.0.1:9515/session/3ef4fc36cb644831c4349d05a6127a72/element/0.8914744166543405-37/displayed - {}
RESULT: {"sessionId":"3ef4fc36cb644831c4349d05a6127a72","status":0,"value":true}
]]>
      </system-out>
    </testcase>
    <testcase classname="chrome.workspaces_and_components" name="work_first_component_by_graph" time="1.387">
      <system-out>
        <![CDATA[
COMMAND: POST http://127.0.0.1:9515/session/3ef4fc36cb644831c4349d05a6127a72/elements - {"using":"css selector","value":"graph image"}
RESULT: {"sessionId":"3ef4fc36cb644831c4349d05a6127a72","status":0,"value":[{"ELEMENT":"0.8914744166543405-38"},{"ELEMENT":"0.8914744166543405-39"}]}
COMMAND: POST http://127.0.0.1:9515/session/3ef4fc36cb644831c4349d05a6127a72/element/0.8914744166543405-38/click - {}
RESULT: {"sessionId":"3ef4fc36cb644831c4349d05a6127a72","status":0,"value":null}
COMMAND: POST http://127.0.0.1:9515/session/3ef4fc36cb644831c4349d05a6127a72/element - {"using":"id","value":"workButton"}
RESULT: {"sessionId":"3ef4fc36cb644831c4349d05a6127a72","status":0,"value":{"ELEMENT":"0.8914744166543405-40"}}
COMMAND: POST http://127.0.0.1:9515/session/3ef4fc36cb644831c4349d05a6127a72/element/0.8914744166543405-40/click - {}
RESULT: {"sessionId":"3ef4fc36cb644831c4349d05a6127a72","status":0,"value":null}
COMMAND: POST http://127.0.0.1:9515/session/3ef4fc36cb644831c4349d05a6127a72/elements - {"using":"css selector","value":"jsonPreviewer"}
RESULT: {"sessionId":"3ef4fc36cb644831c4349d05a6127a72","status":0,"value":[]}
COMMAND: POST http://127.0.0.1:9515/session/3ef4fc36cb644831c4349d05a6127a72/elements - {"using":"css selector","value":"jsonPreviewer"}
RESULT: {"sessionId":"3ef4fc36cb644831c4349d05a6127a72","status":0,"value":[]}
COMMAND: POST http://127.0.0.1:9515/session/3ef4fc36cb644831c4349d05a6127a72/elements - {"using":"css selector","value":"jsonPreviewer"}
RESULT: {"sessionId":"3ef4fc36cb644831c4349d05a6127a72","status":0,"value":[{"ELEMENT":"0.8914744166543405-41"}]}
COMMAND: GET http://127.0.0.1:9515/session/3ef4fc36cb644831c4349d05a6127a72/element/0.8914744166543405-41/displayed - {}
RESULT: {"sessionId":"3ef4fc36cb644831c4349d05a6127a72","status":0,"value":true}
COMMAND: POST http://127.0.0.1:9515/session/3ef4fc36cb644831c4349d05a6127a72/element - {"using":"id","value":"backButton"}
RESULT: {"sessionId":"3ef4fc36cb644831c4349d05a6127a72","status":0,"value":{"ELEMENT":"0.8914744166543405-36"}}
COMMAND: POST http://127.0.0.1:9515/session/3ef4fc36cb644831c4349d05a6127a72/element/0.8914744166543405-36/click - {}
RESULT: {"sessionId":"3ef4fc36cb644831c4349d05a6127a72","status":0,"value":null}
COMMAND: POST http://127.0.0.1:9515/session/3ef4fc36cb644831c4349d05a6127a72/elements - {"using":"css selector","value":"graph"}
RESULT: {"sessionId":"3ef4fc36cb644831c4349d05a6127a72","status":0,"value":[{"ELEMENT":"0.8914744166543405-42"}]}
COMMAND: GET http://127.0.0.1:9515/session/3ef4fc36cb644831c4349d05a6127a72/element/0.8914744166543405-42/displayed - {}
RESULT: {"sessionId":"3ef4fc36cb644831c4349d05a6127a72","status":0,"value":true}
]]>
      </system-out>
    </testcase>
    <testcase classname="chrome.workspaces_and_components" name="work_first_component_by_editor" time="1.619">
      <system-out>
        <![CDATA[
COMMAND: POST http://127.0.0.1:9515/session/3ef4fc36cb644831c4349d05a6127a72/elements - {"using":"css selector","value":"graph image"}
RESULT: {"sessionId":"3ef4fc36cb644831c4349d05a6127a72","status":0,"value":[{"ELEMENT":"0.8914744166543405-43"},{"ELEMENT":"0.8914744166543405-44"}]}
COMMAND: POST http://127.0.0.1:9515/session/3ef4fc36cb644831c4349d05a6127a72/element/0.8914744166543405-43/click - {}
RESULT: {"sessionId":"3ef4fc36cb644831c4349d05a6127a72","status":0,"value":null}
COMMAND: POST http://127.0.0.1:9515/session/3ef4fc36cb644831c4349d05a6127a72/element - {"using":"id","value":"editButton"}
RESULT: {"sessionId":"3ef4fc36cb644831c4349d05a6127a72","status":0,"value":{"ELEMENT":"0.8914744166543405-45"}}
COMMAND: POST http://127.0.0.1:9515/session/3ef4fc36cb644831c4349d05a6127a72/element/0.8914744166543405-45/click - {}
RESULT: {"sessionId":"3ef4fc36cb644831c4349d05a6127a72","status":0,"value":null}
COMMAND: POST http://127.0.0.1:9515/session/3ef4fc36cb644831c4349d05a6127a72/elements - {"using":"css selector","value":"workspace-component-editor"}
RESULT: {"sessionId":"3ef4fc36cb644831c4349d05a6127a72","status":0,"value":[{"ELEMENT":"0.8914744166543405-46"}]}
COMMAND: GET http://127.0.0.1:9515/session/3ef4fc36cb644831c4349d05a6127a72/element/0.8914744166543405-46/displayed - {}
RESULT: {"sessionId":"3ef4fc36cb644831c4349d05a6127a72","status":0,"value":true}
COMMAND: POST http://127.0.0.1:9515/session/3ef4fc36cb644831c4349d05a6127a72/element - {"using":"id","value":"workButton"}
RESULT: {"sessionId":"3ef4fc36cb644831c4349d05a6127a72","status":0,"value":{"ELEMENT":"0.8914744166543405-47"}}
COMMAND: POST http://127.0.0.1:9515/session/3ef4fc36cb644831c4349d05a6127a72/element/0.8914744166543405-47/click - {}
RESULT: {"sessionId":"3ef4fc36cb644831c4349d05a6127a72","status":0,"value":null}
COMMAND: POST http://127.0.0.1:9515/session/3ef4fc36cb644831c4349d05a6127a72/elements - {"using":"css selector","value":"jsonPreviewer"}
RESULT: {"sessionId":"3ef4fc36cb644831c4349d05a6127a72","status":0,"value":[]}
COMMAND: POST http://127.0.0.1:9515/session/3ef4fc36cb644831c4349d05a6127a72/elements - {"using":"css selector","value":"jsonPreviewer"}
RESULT: {"sessionId":"3ef4fc36cb644831c4349d05a6127a72","status":0,"value":[]}
COMMAND: POST http://127.0.0.1:9515/session/3ef4fc36cb644831c4349d05a6127a72/elements - {"using":"css selector","value":"jsonPreviewer"}
RESULT: {"sessionId":"3ef4fc36cb644831c4349d05a6127a72","status":0,"value":[{"ELEMENT":"0.8914744166543405-48"}]}
COMMAND: GET http://127.0.0.1:9515/session/3ef4fc36cb644831c4349d05a6127a72/element/0.8914744166543405-48/displayed - {}
RESULT: {"sessionId":"3ef4fc36cb644831c4349d05a6127a72","status":0,"value":true}
COMMAND: POST http://127.0.0.1:9515/session/3ef4fc36cb644831c4349d05a6127a72/element - {"using":"id","value":"backButton"}
RESULT: {"sessionId":"3ef4fc36cb644831c4349d05a6127a72","status":0,"value":{"ELEMENT":"0.8914744166543405-36"}}
COMMAND: POST http://127.0.0.1:9515/session/3ef4fc36cb644831c4349d05a6127a72/element/0.8914744166543405-36/click - {}
RESULT: {"sessionId":"3ef4fc36cb644831c4349d05a6127a72","status":0,"value":null}
COMMAND: POST http://127.0.0.1:9515/session/3ef4fc36cb644831c4349d05a6127a72/element - {"using":"id","value":"backButton"}
RESULT: {"sessionId":"3ef4fc36cb644831c4349d05a6127a72","status":0,"value":{"ELEMENT":"0.8914744166543405-36"}}
COMMAND: POST http://127.0.0.1:9515/session/3ef4fc36cb644831c4349d05a6127a72/element/0.8914744166543405-36/click - {}
RESULT: {"sessionId":"3ef4fc36cb644831c4349d05a6127a72","status":0,"value":null}
COMMAND: POST http://127.0.0.1:9515/session/3ef4fc36cb644831c4349d05a6127a72/elements - {"using":"css selector","value":"graph"}
RESULT: {"sessionId":"3ef4fc36cb644831c4349d05a6127a72","status":0,"value":[{"ELEMENT":"0.8914744166543405-49"}]}
COMMAND: GET http://127.0.0.1:9515/session/3ef4fc36cb644831c4349d05a6127a72/element/0.8914744166543405-49/displayed - {}
RESULT: {"sessionId":"3ef4fc36cb644831c4349d05a6127a72","status":0,"value":true}
]]>
      </system-out>
    </testcase>
    <testcase classname="chrome.workspaces_and_components" name="connect_2_components_and_work_second" time="2.361">
      <system-out>
        <![CDATA[
COMMAND: POST http://127.0.0.1:9515/session/3ef4fc36cb644831c4349d05a6127a72/elements - {"using":"css selector","value":"graph image"}
RESULT: {"sessionId":"3ef4fc36cb644831c4349d05a6127a72","status":0,"value":[{"ELEMENT":"0.8914744166543405-50"},{"ELEMENT":"0.8914744166543405-51"}]}
COMMAND: POST http://127.0.0.1:9515/session/3ef4fc36cb644831c4349d05a6127a72/element/0.8914744166543405-50/click - {}
RESULT: {"sessionId":"3ef4fc36cb644831c4349d05a6127a72","status":0,"value":null}
COMMAND: POST http://127.0.0.1:9515/session/3ef4fc36cb644831c4349d05a6127a72/element - {"using":"id","value":"connectAfterButton"}
RESULT: {"sessionId":"3ef4fc36cb644831c4349d05a6127a72","status":0,"value":{"ELEMENT":"0.8914744166543405-52"}}
COMMAND: POST http://127.0.0.1:9515/session/3ef4fc36cb644831c4349d05a6127a72/element/0.8914744166543405-52/click - {}
RESULT: {"sessionId":"3ef4fc36cb644831c4349d05a6127a72","status":0,"value":null}
COMMAND: POST http://127.0.0.1:9515/session/3ef4fc36cb644831c4349d05a6127a72/element/0.8914744166543405-51/click - {}
RESULT: {"sessionId":"3ef4fc36cb644831c4349d05a6127a72","status":0,"value":null}
COMMAND: POST http://127.0.0.1:9515/session/3ef4fc36cb644831c4349d05a6127a72/elements - {"using":"id","value":"containerloaderDiv"}
RESULT: {"sessionId":"3ef4fc36cb644831c4349d05a6127a72","status":0,"value":[{"ELEMENT":"0.8914744166543405-17"},{"ELEMENT":"0.8914744166543405-53"}]}
COMMAND: GET http://127.0.0.1:9515/session/3ef4fc36cb644831c4349d05a6127a72/element/0.8914744166543405-17/displayed - {}
COMMAND: GET http://127.0.0.1:9515/session/3ef4fc36cb644831c4349d05a6127a72/element/0.8914744166543405-53/displayed - {}
RESULT: {"sessionId":"3ef4fc36cb644831c4349d05a6127a72","status":0,"value":false}
RESULT: {"sessionId":"3ef4fc36cb644831c4349d05a6127a72","status":0,"value":true}
COMMAND: POST http://127.0.0.1:9515/session/3ef4fc36cb644831c4349d05a6127a72/elements - {"using":"id","value":"containerloaderDiv"}
RESULT: {"sessionId":"3ef4fc36cb644831c4349d05a6127a72","status":0,"value":[{"ELEMENT":"0.8914744166543405-17"},{"ELEMENT":"0.8914744166543405-53"}]}
COMMAND: GET http://127.0.0.1:9515/session/3ef4fc36cb644831c4349d05a6127a72/element/0.8914744166543405-17/displayed - {}
COMMAND: GET http://127.0.0.1:9515/session/3ef4fc36cb644831c4349d05a6127a72/element/0.8914744166543405-53/displayed - {}
RESULT: {"sessionId":"3ef4fc36cb644831c4349d05a6127a72","status":0,"value":false}
RESULT: {"sessionId":"3ef4fc36cb644831c4349d05a6127a72","status":0,"value":true}
COMMAND: POST http://127.0.0.1:9515/session/3ef4fc36cb644831c4349d05a6127a72/elements - {"using":"id","value":"containerloaderDiv"}
RESULT: {"sessionId":"3ef4fc36cb644831c4349d05a6127a72","status":0,"value":[{"ELEMENT":"0.8914744166543405-17"}]}
COMMAND: GET http://127.0.0.1:9515/session/3ef4fc36cb644831c4349d05a6127a72/element/0.8914744166543405-17/displayed - {}
RESULT: {"sessionId":"3ef4fc36cb644831c4349d05a6127a72","status":0,"value":false}
COMMAND: POST http://127.0.0.1:9515/session/3ef4fc36cb644831c4349d05a6127a72/element - {"using":"id","value":"workButton"}
RESULT: {"sessionId":"3ef4fc36cb644831c4349d05a6127a72","status":0,"value":{"ELEMENT":"0.8914744166543405-54"}}
COMMAND: POST http://127.0.0.1:9515/session/3ef4fc36cb644831c4349d05a6127a72/element/0.8914744166543405-54/click - {}
RESULT: {"sessionId":"3ef4fc36cb644831c4349d05a6127a72","status":0,"value":null}
COMMAND: POST http://127.0.0.1:9515/session/3ef4fc36cb644831c4349d05a6127a72/elements - {"using":"css selector","value":"jsonPreviewer"}
RESULT: {"sessionId":"3ef4fc36cb644831c4349d05a6127a72","status":0,"value":[]}
COMMAND: POST http://127.0.0.1:9515/session/3ef4fc36cb644831c4349d05a6127a72/elements - {"using":"css selector","value":"jsonPreviewer"}
RESULT: {"sessionId":"3ef4fc36cb644831c4349d05a6127a72","status":0,"value":[]}
COMMAND: POST http://127.0.0.1:9515/session/3ef4fc36cb644831c4349d05a6127a72/elements - {"using":"css selector","value":"jsonPreviewer"}
RESULT: {"sessionId":"3ef4fc36cb644831c4349d05a6127a72","status":0,"value":[{"ELEMENT":"0.8914744166543405-55"}]}
COMMAND: GET http://127.0.0.1:9515/session/3ef4fc36cb644831c4349d05a6127a72/element/0.8914744166543405-55/displayed - {}
RESULT: {"sessionId":"3ef4fc36cb644831c4349d05a6127a72","status":0,"value":true}
COMMAND: DELETE http://127.0.0.1:9515/session/3ef4fc36cb644831c4349d05a6127a72 - {}
RESULT: {"sessionId":"3ef4fc36cb644831c4349d05a6127a72","status":0,"value":null}
]]>
      </system-out>
    </testcase>
  </testsuite>
</testsuites>